SF:lib\screens\registration_screen.dart
DA:19,0
DA:27,0
DA:28,0
DA:48,0
DA:49,0
DA:50,0
DA:51,0
DA:52,0
DA:53,0
DA:54,0
DA:56,0
DA:58,0
DA:59,0
DA:60,0
DA:61,0
DA:62,0
DA:63,0
DA:64,0
DA:68,0
DA:70,0
DA:71,0
DA:72,0
DA:75,0
DA:76,0
DA:77,0
DA:78,0
DA:79,0
DA:84,0
DA:85,0
DA:87,0
DA:88,0
DA:89,0
DA:98,0
DA:99,0
DA:100,0
DA:101,0
DA:103,0
DA:104,0
DA:105,0
DA:114,0
DA:115,0
DA:116,0
DA:121,1
DA:122,2
DA:123,0
DA:126,1
DA:127,0
DA:133,1
DA:134,1
DA:135,2
DA:141,1
DA:145,1
DA:146,1
DA:147,2
DA:151,2
DA:152,2
DA:157,1
DA:159,1
DA:162,1
DA:163,1
DA:164,2
DA:168,2
DA:169,2
DA:174,1
DA:176,1
DA:179,0
DA:181,0
DA:182,0
DA:185,0
DA:186,0
DA:189,0
DA:190,0
DA:192,0
DA:193,0
DA:198,0
DA:201,0
DA:202,0
DA:203,0
DA:204,0
DA:207,0
DA:209,0
DA:210,0
DA:211,0
DA:212,0
DA:216,0
DA:217,0
DA:222,0
DA:225,0
DA:226,0
DA:227,0
DA:228,0
DA:229,0
DA:231,0
DA:234,0
DA:235,0
DA:236,0
DA:241,0
DA:244,0
DA:245,0
DA:246,0
DA:247,0
DA:253,0
DA:254,0
DA:255,0
DA:256,0
DA:257,0
DA:261,0
DA:267,0
DA:268,0
DA:270,0
DA:271,0
DA:272,0
DA:273,0
DA:278,0
DA:279,0
DA:280,0
DA:281,0
DA:282,0
DA:286,0
DA:287,0
DA:288,0
DA:294,0
DA:296,0
DA:297,0
DA:299,0
DA:302,0
DA:308,0
DA:310,0
DA:315,0
DA:316,0
DA:319,0
DA:324,0
DA:326,0
DA:327,0
DA:328,0
DA:330,0
DA:331,0
DA:333,0
DA:335,0
DA:336,0
DA:341,0
DA:343,0
DA:345,0
DA:347,0
DA:348,0
DA:350,0
DA:354,0
DA:355,0
DA:356,0
DA:357,0
DA:360,0
DA:362,0
DA:364,0
DA:365,0
DA:368,0
DA:370,0
DA:371,0
DA:373,0
DA:374,0
DA:377,0
DA:379,0
DA:380,0
DA:382,0
DA:383,0
DA:385,0
DA:387,0
DA:388,0
DA:389,0
DA:393,0
DA:394,0
DA:396,0
DA:397,0
DA:398,0
DA:401,0
DA:402,0
DA:405,0
DA:406,0
DA:407,0
DA:408,0
DA:410,0
DA:414,0
DA:415,0
DA:416,0
DA:420,0
DA:421,0
DA:422,0
DA:423,0
DA:424,0
DA:427,0
DA:429,0
DA:430,0
DA:431,0
DA:433,0
DA:436,0
DA:437,0
DA:439,0
DA:449,0
DA:450,0
DA:452,0
DA:453,0
DA:455,0
DA:457,0
DA:458,0
DA:459,0
DA:463,0
DA:464,0
DA:465,0
DA:466,0
DA:467,0
DA:469,0
DA:470,0
DA:473,0
DA:474,0
DA:475,0
DA:477,0
DA:482,0
DA:484,0
DA:488,0
DA:489,0
DA:490,0
DA:492,0
DA:494,0
DA:495,0
DA:507,0
DA:508,0
DA:510,0
DA:511,0
DA:512,0
DA:517,0
DA:522,0
DA:524,0
LF:231
LH:21
end_of_record
SF:lib\app.dart
DA:15,9
DA:17,0
DA:19,0
DA:20,0
DA:21,0
DA:22,0
DA:23,0
DA:24,0
DA:25,0
DA:26,0
DA:27,0
DA:35,9
DA:37,0
DA:38,0
DA:45,0
DA:47,0
DA:48,0
DA:51,0
DA:52,0
DA:53,0
DA:54,0
DA:55,0
DA:58,0
DA:60,0
DA:63,0
DA:64,0
DA:65,0
DA:69,0
DA:70,0
DA:71,0
DA:72,0
DA:76,0
DA:78,0
DA:80,0
DA:94,0
DA:95,0
DA:96,0
DA:97,0
DA:105,0
DA:106,0
DA:113,0
DA:115,0
DA:116,0
DA:118,0
DA:120,0
DA:123,0
DA:124,0
DA:126,0
DA:129,0
DA:133,0
DA:134,0
DA:135,0
DA:136,0
DA:139,0
DA:140,0
DA:141,0
DA:142,0
LF:57
LH:2
end_of_record
SF:lib\screens\login_screen.dart
DA:18,0
DA:21,0
DA:22,0
DA:35,0
DA:37,0
DA:40,0
DA:42,0
DA:43,0
DA:44,0
DA:47,0
DA:48,0
DA:49,0
DA:51,0
DA:52,0
DA:53,0
DA:57,0
DA:58,0
DA:59,0
DA:62,0
DA:64,0
DA:66,0
DA:67,0
DA:69,0
DA:72,0
DA:74,0
DA:75,0
DA:80,0
DA:84,0
DA:85,0
DA:86,0
DA:88,0
DA:90,0
DA:91,0
DA:92,0
DA:93,0
DA:95,0
DA:97,0
DA:99,0
DA:100,0
DA:102,0
DA:106,0
DA:110,0
DA:111,0
DA:112,0
DA:114,0
DA:115,0
DA:116,0
DA:118,0
DA:126,0
DA:127,0
DA:128,0
DA:130,0
DA:131,0
DA:132,0
DA:134,0
DA:136,0
DA:137,0
DA:138,0
DA:144,0
DA:145,0
DA:146,0
DA:147,0
DA:149,0
DA:154,0
DA:155,0
DA:157,0
DA:159,0
DA:165,0
DA:166,0
DA:168,0
DA:169,0
DA:170,0
DA:172,0
DA:173,0
DA:174,0
DA:176,0
DA:177,0
DA:179,0
DA:180,0
DA:186,0
DA:190,0
DA:191,0
DA:193,0
DA:197,0
DA:198,0
DA:203,0
DA:208,0
DA:210,0
DA:218,0
DA:219,0
DA:220,0
DA:221,0
DA:222,0
DA:223,0
DA:225,0
DA:226,0
DA:231,0
DA:233,0
DA:234,0
DA:236,0
DA:240,0
DA:241,0
DA:242,0
DA:244,0
DA:245,0
DA:252,0
DA:253,0
DA:254,0
DA:255,0
DA:256,0
DA:258,0
DA:259,0
DA:260,0
DA:261,0
DA:266,0
DA:268,0
DA:269,0
DA:278,0
DA:280,0
DA:281,0
DA:283,0
DA:285,0
DA:287,0
DA:288,0
DA:290,0
DA:292,0
DA:293,0
DA:294,0
DA:295,0
DA:296,0
DA:297,0
DA:298,0
DA:299,0
DA:300,0
DA:301,0
LF:135
LH:0
end_of_record
SF:lib\screens\start_screen.dart
DA:15,1
DA:25,1
DA:26,1
DA:34,1
DA:36,1
DA:37,1
DA:38,1
DA:39,3
DA:43,1
DA:44,2
DA:45,3
DA:48,0
DA:49,0
DA:53,1
DA:55,8
DA:58,2
DA:59,1
DA:64,1
DA:65,2
DA:66,1
DA:67,1
DA:71,0
DA:72,0
DA:73,0
DA:74,0
DA:75,0
DA:81,0
DA:82,0
DA:83,0
DA:84,0
DA:87,1
DA:89,1
DA:90,1
DA:92,1
DA:93,1
DA:98,1
DA:100,2
DA:101,2
DA:102,1
DA:106,1
DA:107,1
DA:108,1
DA:110,1
DA:112,1
DA:113,1
DA:115,2
DA:117,1
DA:118,1
DA:119,7
DA:122,1
DA:123,1
DA:124,3
DA:125,1
DA:129,1
DA:131,1
DA:133,1
DA:134,1
DA:135,3
DA:136,1
DA:140,1
DA:142,1
DA:144,1
DA:145,1
DA:146,1
DA:147,1
DA:148,1
DA:153,2
DA:154,1
DA:156,1
DA:160,1
DA:161,1
DA:162,2
DA:163,1
DA:164,2
DA:165,2
DA:167,8
DA:168,1
DA:169,1
DA:172,1
DA:173,1
DA:177,1
DA:178,1
DA:180,1
DA:182,1
DA:184,1
DA:189,1
DA:193,1
DA:194,1
DA:195,1
DA:196,1
LF:90
LH:79
end_of_record
SF:lib\screens\help_screen.dart
DA:12,0
DA:22,0
DA:23,0
DA:29,0
DA:31,0
DA:32,0
DA:35,0
DA:37,0
DA:40,0
DA:41,0
DA:44,0
DA:45,0
DA:50,0
DA:52,0
DA:53,0
DA:55,0
DA:56,0
DA:59,0
DA:60,0
DA:61,0
DA:65,0
DA:66,0
DA:67,0
LF:23
LH:0
end_of_record
SF:lib\screens\impressum_screen.dart
DA:8,0
DA:18,0
DA:19,0
DA:25,0
DA:27,0
DA:28,0
DA:31,0
DA:33,0
DA:36,0
DA:37,0
DA:40,0
DA:41,0
DA:46,0
DA:48,0
DA:49,0
DA:51,0
DA:52,0
DA:55,0
DA:56,0
DA:57,0
DA:61,0
DA:63,0
DA:64,0
LF:23
LH:0
end_of_record
SF:lib\utils\cookie_consent.dart
DA:6,0
DA:9,0
DA:10,0
DA:16,0
DA:18,0
DA:19,0
DA:22,0
DA:23,0
DA:24,0
DA:27,0
DA:28,0
DA:33,0
DA:34,0
DA:35,0
DA:36,0
DA:37,0
DA:41,0
DA:43,0
DA:44,0
DA:45,0
DA:46,0
DA:47,0
DA:48,0
DA:50,0
DA:51,0
DA:53,0
DA:54,0
DA:56,0
DA:59,0
DA:61,0
DA:63,0
DA:65,0
DA:66,0
DA:68,0
DA:73,0
DA:76,0
DA:81,0
DA:83,0
DA:84,0
DA:85,0
DA:89,0
DA:91,0
LF:42
LH:0
end_of_record
SF:lib\main.dart
DA:16,0
DA:17,0
DA:18,0
DA:20,0
DA:24,0
DA:25,0
DA:26,0
DA:27,0
DA:28,0
DA:30,0
DA:31,0
DA:32,0
DA:34,0
DA:36,0
DA:37,0
DA:39,0
DA:40,0
DA:41,0
DA:43,0
DA:45,0
DA:47,0
DA:48,0
DA:52,0
DA:53,0
DA:55,0
DA:56,0
DA:62,0
DA:65,0
DA:66,0
DA:67,0
DA:69,0
DA:70,0
DA:72,0
DA:74,0
DA:75,0
DA:76,0
DA:79,0
DA:81,0
DA:82,0
DA:83,0
DA:84,0
DA:87,0
DA:88,0
DA:89,0
DA:91,0
DA:92,0
DA:97,0
DA:98,0
DA:99,0
DA:100,0
DA:101,0
DA:102,0
DA:103,0
LF:53
LH:0
end_of_record
SF:lib\services\api\auth_service.dart
DA:15,1
DA:28,1
DA:37,3
DA:45,1
DA:47,2
DA:52,1
DA:54,3
DA:59,1
DA:60,2
DA:61,0
DA:62,0
DA:63,0
DA:64,0
DA:65,0
DA:68,1
DA:69,2
DA:74,0
DA:75,0
DA:77,0
DA:78,0
DA:79,0
DA:80,0
DA:81,0
DA:82,0
DA:85,0
DA:87,0
DA:88,0
DA:96,0
DA:100,0
DA:101,0
DA:102,0
DA:103,0
DA:104,0
DA:105,0
DA:107,0
DA:109,0
DA:110,0
DA:113,0
DA:114,0
DA:124,0
DA:125,0
DA:127,0
DA:128,0
DA:138,1
DA:140,4
DA:143,1
DA:145,2
DA:150,1
DA:152,2
DA:153,0
DA:154,0
DA:155,0
DA:156,0
DA:158,2
LF:54
LH:18
end_of_record
SF:lib\services\api_service.dart
DA:18,0
DA:21,0
DA:22,0
DA:26,0
DA:44,0
DA:46,0
DA:47,0
DA:49,0
DA:57,0
DA:65,0
DA:68,0
DA:72,0
DA:77,0
DA:78,0
DA:79,0
DA:80,0
DA:81,0
DA:82,0
DA:83,0
DA:86,0
DA:87,0
DA:92,0
DA:93,0
DA:95,0
DA:96,0
DA:97,0
DA:98,0
DA:99,0
DA:100,0
DA:103,0
DA:104,0
DA:105,0
DA:106,0
DA:107,0
DA:108,0
DA:110,0
DA:112,0
DA:113,0
DA:116,0
DA:117,0
DA:127,0
DA:128,0
DA:130,0
DA:131,0
DA:140,0
DA:141,0
DA:149,0
DA:151,0
DA:154,0
DA:155,0
DA:156,0
DA:158,0
DA:162,0
DA:163,0
DA:164,0
DA:165,0
DA:166,0
DA:167,0
DA:168,0
DA:172,0
DA:173,0
DA:174,0
DA:175,0
DA:176,0
DA:177,0
DA:178,0
DA:179,0
DA:180,0
DA:181,0
DA:182,0
DA:183,0
DA:184,0
DA:185,0
DA:188,0
DA:191,0
DA:192,0
DA:194,0
DA:196,0
DA:201,0
DA:207,0
DA:209,0
DA:210,0
DA:213,0
DA:214,0
DA:217,0
DA:220,0
DA:222,0
DA:223,0
DA:224,0
DA:226,0
DA:230,0
DA:234,0
DA:235,0
DA:236,0
DA:237,0
DA:238,0
DA:240,0
DA:244,0
DA:245,0
DA:246,0
DA:247,0
DA:248,0
DA:249,0
DA:257,0
DA:258,0
DA:259,0
DA:260,0
DA:261,0
DA:262,0
DA:270,0
DA:272,0
DA:275,0
DA:276,0
DA:277,0
DA:278,0
DA:279,0
DA:280,0
DA:281,0
DA:283,0
DA:285,0
DA:289,0
DA:290,0
DA:292,0
DA:293,0
DA:294,0
DA:295,0
DA:296,0
DA:297,0
DA:300,0
DA:302,0
DA:305,0
DA:306,0
DA:309,0
DA:310,0
DA:311,0
DA:312,0
DA:313,0
DA:314,0
DA:315,0
DA:317,0
DA:319,0
DA:323,0
DA:324,0
DA:326,0
DA:327,0
DA:328,0
DA:329,0
DA:330,0
DA:331,0
DA:334,0
DA:336,0
DA:339,0
DA:340,0
LF:153
LH:0
end_of_record
SF:lib\services\email_service.dart
DA:19,0
DA:24,0
DA:29,1
DA:37,1
DA:44,2
DA:47,2
DA:48,2
DA:49,2
DA:52,1
DA:55,1
DA:61,1
DA:68,1
DA:69,2
DA:70,2
DA:71,1
DA:72,1
DA:74,2
DA:75,3
DA:77,1
DA:79,1
DA:80,1
DA:82,0
DA:85,2
DA:86,1
DA:90,0
DA:91,0
DA:94,0
DA:95,0
DA:98,0
DA:99,0
LF:30
LH:21
end_of_record
SF:lib\services\image_service.dart
DA:15,0
DA:21,0
DA:23,0
DA:27,0
DA:30,0
DA:32,0
DA:35,0
DA:36,0
DA:38,0
DA:40,0
DA:41,0
DA:46,0
DA:51,0
DA:53,0
DA:58,0
DA:64,0
DA:65,0
DA:66,0
DA:68,0
DA:72,0
DA:74,0
DA:75,0
DA:79,0
DA:80,0
DA:81,0
DA:86,0
DA:87,0
DA:89,0
DA:95,0
DA:101,0
DA:102,0
DA:103,0
DA:105,0
DA:106,0
DA:108,0
DA:112,0
DA:117,0
DA:118,0
DA:120,0
DA:121,0
DA:122,0
DA:123,0
DA:128,0
LF:43
LH:0
end_of_record
SF:lib\services\http_client.dart
DA:12,1
DA:16,0
DA:22,1
DA:23,2
DA:24,1
DA:26,2
DA:27,2
DA:29,1
DA:30,2
DA:32,1
DA:33,1
DA:39,1
DA:40,2
DA:42,2
DA:44,1
DA:45,3
DA:49,1
DA:50,2
DA:52,2
DA:54,1
DA:55,3
DA:59,1
DA:61,1
DA:62,2
DA:63,1
DA:64,1
DA:68,3
DA:69,3
DA:71,2
DA:72,2
DA:74,3
DA:77,2
DA:82,1
DA:84,1
DA:85,2
DA:86,0
DA:87,0
DA:91,2
DA:92,1
DA:94,3
DA:97,2
LF:41
LH:38
end_of_record
SF:lib\services\cache_service.dart
DA:11,0
DA:20,0
DA:21,0
DA:22,0
DA:25,0
DA:26,0
DA:27,0
DA:28,0
DA:33,0
DA:34,0
DA:35,0
DA:38,0
DA:39,0
DA:41,0
DA:44,0
DA:45,0
DA:48,0
DA:49,0
DA:50,0
DA:53,0
DA:54,0
DA:55,0
DA:56,0
DA:61,0
DA:62,0
DA:63,0
DA:66,0
DA:67,0
DA:68,0
DA:69,0
DA:74,0
DA:75,0
DA:76,0
DA:79,0
DA:80,0
DA:82,0
DA:83,0
DA:84,0
DA:85,0
DA:88,0
DA:91,0
DA:92,0
DA:93,0
DA:97,0
DA:98,0
DA:99,0
DA:102,0
DA:106,0
DA:107,0
DA:110,0
DA:116,0
DA:117,0
DA:118,0
DA:120,0
DA:121,0
DA:123,0
DA:124,0
DA:127,0
DA:129,0
DA:130,0
DA:131,0
DA:132,0
DA:136,0
DA:141,0
DA:147,0
DA:148,0
DA:149,0
DA:152,0
DA:153,0
DA:154,0
DA:155,0
DA:159,0
DA:160,0
DA:162,0
DA:165,0
DA:166,0
DA:167,0
DA:169,0
LF:78
LH:0
end_of_record
SF:lib\services\config_service.dart
DA:7,0
DA:11,0
DA:13,0
DA:14,0
DA:15,0
DA:18,0
DA:19,0
DA:24,0
DA:26,0
DA:33,0
DA:38,0
DA:39,0
DA:40,0
DA:41,0
DA:43,0
DA:46,0
DA:49,0
DA:50,0
DA:55,0
DA:60,0
DA:61,0
DA:62,0
DA:63,0
DA:65,0
DA:68,0
LF:25
LH:0
end_of_record
SF:lib\services\logger_service.dart
DA:5,15
DA:8,0
DA:10,0
DA:15,0
DA:16,0
DA:21,3
DA:22,6
DA:25,1
DA:26,2
DA:29,3
DA:30,6
DA:33,0
DA:34,0
LF:13
LH:7
end_of_record
SF:lib\services\network_service.dart
DA:10,1
DA:14,0
DA:19,1
DA:20,2
DA:23,1
DA:24,2
DA:27,1
DA:28,2
DA:29,1
LF:9
LH:8
end_of_record
SF:lib\screens\app_menu.dart
DA:12,1
DA:24,0
DA:25,0
DA:26,0
DA:27,0
DA:29,0
DA:30,0
DA:35,0
DA:36,0
DA:37,0
DA:38,0
DA:40,0
DA:42,0
DA:48,0
DA:49,0
DA:50,0
DA:51,0
DA:53,0
DA:54,0
DA:55,0
DA:56,0
DA:62,1
DA:64,1
DA:65,0
DA:66,0
DA:67,0
DA:68,0
DA:69,0
DA:72,0
DA:74,0
DA:75,0
DA:76,0
DA:77,0
DA:78,0
DA:79,0
DA:82,0
DA:83,0
DA:85,0
DA:86,0
DA:93,0
DA:101,0
LF:41
LH:3
end_of_record
SF:lib\screens\schuetzenausweis_screen.dart
DA:13,0
DA:21,0
DA:23,0
DA:25,0
DA:26,0
DA:28,0
DA:29,0
DA:30,0
DA:32,0
DA:34,0
DA:38,0
DA:39,0
DA:40,0
DA:41,0
DA:42,0
DA:43,0
DA:49,0
DA:50,0
DA:51,0
DA:52,0
DA:54,0
DA:55,0
DA:56,0
DA:61,0
DA:62,0
DA:64,0
DA:65,0
LF:27
LH:0
end_of_record
SF:lib\screens\zweitmitgliedschaften_screen.dart
DA:11,0
DA:21,0
DA:23,0
DA:32,0
DA:34,0
DA:35,0
DA:36,0
DA:39,0
DA:40,0
DA:41,0
DA:42,0
DA:43,0
DA:44,0
DA:49,0
DA:51,0
DA:52,0
DA:54,0
DA:55,0
DA:58,0
DA:60,0
DA:61,0
DA:63,0
DA:64,0
DA:65,0
DA:69,0
DA:70,0
DA:71,0
DA:73,0
DA:76,0
DA:86,0
DA:88,0
DA:90,0
DA:91,0
DA:93,0
DA:94,0
DA:95,0
DA:97,0
DA:99,0
DA:103,0
DA:104,0
DA:105,0
DA:107,0
DA:109,0
DA:110,0
DA:112,0
DA:114,0
DA:115,0
DA:116,0
DA:119,0
DA:120,0
DA:121,0
DA:122,0
DA:126,0
DA:128,0
DA:130,0
DA:131,0
DA:132,0
DA:133,0
DA:137,0
DA:139,0
DA:141,0
DA:142,0
DA:143,0
DA:144,0
DA:145,0
DA:146,0
DA:147,0
DA:148,0
DA:149,0
DA:156,0
DA:157,0
DA:160,0
DA:161,0
DA:162,0
DA:164,0
DA:171,0
DA:174,0
DA:175,0
DA:176,0
DA:177,0
DA:178,0
DA:179,0
DA:180,0
DA:181,0
DA:182,0
DA:184,0
DA:185,0
DA:186,0
DA:191,0
DA:192,0
DA:193,0
DA:194,0
DA:207,0
DA:208,0
DA:209,0
DA:210,0
DA:211,0
DA:212,0
DA:213,0
DA:214,0
DA:215,0
DA:222,0
DA:223,0
DA:226,0
DA:227,0
DA:228,0
DA:230,0
DA:237,0
DA:240,0
DA:241,0
DA:242,0
DA:243,0
DA:244,0
DA:245,0
DA:246,0
DA:250,0
DA:251,0
DA:252,0
DA:254,0
DA:255,0
DA:256,0
DA:261,0
DA:262,0
DA:264,0
DA:265,0
DA:266,0
DA:271,0
DA:272,0
DA:273,0
DA:274,0
DA:275,0
LF:131
LH:0
end_of_record
SF:lib\screens\connectivity_icon.dart
DA:6,0
DA:9,9
DA:11,1
DA:12,1
DA:20,1
DA:22,1
DA:23,1
DA:24,4
DA:27,1
DA:30,2
DA:32,0
DA:35,0
DA:36,0
DA:38,0
DA:39,0
DA:40,0
DA:44,0
DA:45,0
DA:46,0
DA:47,0
DA:50,0
DA:51,0
DA:56,1
DA:61,1
DA:62,1
DA:64,0
DA:65,0
DA:77,1
DA:79,0
DA:80,0
DA:92,1
DA:95,0
DA:96,0
DA:112,1
DA:114,1
DA:115,0
DA:128,0
DA:132,0
DA:136,0
DA:142,1
LF:40
LH:17
end_of_record
SF:lib\screens\password_reset_screen.dart
DA:13,0
DA:25,0
DA:26,0
DA:35,0
DA:37,0
DA:38,0
DA:41,0
DA:42,0
DA:43,0
DA:44,0
DA:45,0
DA:49,0
DA:50,0
DA:53,0
DA:54,0
DA:55,0
DA:58,0
DA:59,0
DA:63,0
DA:64,0
DA:67,0
DA:68,0
DA:73,0
DA:75,0
DA:76,0
DA:78,0
DA:80,0
DA:82,0
DA:83,0
DA:84,0
DA:88,0
DA:90,0
DA:92,0
DA:95,0
DA:98,0
DA:103,0
DA:104,0
DA:105,0
DA:106,0
DA:107,0
DA:108,0
DA:109,0
DA:113,0
DA:114,0
DA:116,0
DA:118,0
DA:119,0
DA:124,0
LF:48
LH:0
end_of_record
SF:lib\screens\logo_widget.dart
DA:11,54
DA:13,1
DA:15,1
DA:16,1
DA:17,1
LF:5
LH:5
end_of_record
SF:lib\services\error_service.dart
DA:11,0
DA:12,0
DA:13,0
DA:14,0
DA:15,0
DA:22,0
DA:23,0
DA:24,0
DA:25,0
DA:26,0
DA:33,1
DA:34,1
DA:35,1
DA:36,1
DA:42,1
DA:47,2
DA:48,2
DA:52,1
DA:53,2
LF:19
LH:9
end_of_record
SF:lib\screens\privacy_screen.dart
DA:10,0
DA:13,0
DA:15,0
DA:16,0
DA:17,0
DA:18,0
DA:19,0
DA:21,0
DA:23,0
DA:24,0
DA:29,0
DA:30,0
DA:31,0
LF:13
LH:0
end_of_record
SF:lib\screens\registration_success_screen.dart
DA:11,0
DA:19,0
DA:21,0
DA:22,0
DA:23,0
DA:25,0
DA:26,0
DA:28,0
DA:30,0
DA:31,0
DA:36,0
DA:37,0
DA:39,0
DA:41,0
DA:42,0
DA:43,0
DA:44,0
LF:17
LH:0
end_of_record
SF:lib\services\api\training_service.dart
DA:13,1
DA:25,1
DA:29,2
DA:30,1
DA:31,2
DA:32,0
DA:33,0
DA:35,0
DA:39,0
DA:40,0
DA:41,0
DA:42,0
DA:43,0
DA:44,0
DA:45,0
DA:47,0
DA:49,0
DA:52,1
DA:54,2
DA:55,1
DA:57,2
DA:62,1
DA:63,1
DA:64,2
DA:65,1
DA:66,1
DA:67,1
DA:68,1
DA:69,1
DA:70,1
DA:71,1
DA:73,1
DA:75,1
DA:78,1
DA:80,3
DA:84,2
DA:86,2
LF:37
LH:25
end_of_record
SF:lib\services\api\user_service.dart
DA:12,1
DA:24,1
DA:25,2
DA:26,1
DA:27,2
DA:28,1
DA:29,3
DA:30,0
DA:34,0
DA:35,0
DA:36,0
DA:37,0
DA:38,0
DA:39,0
DA:40,0
DA:41,0
DA:42,0
DA:43,0
DA:44,0
DA:45,0
DA:46,0
DA:47,0
DA:50,0
DA:53,1
DA:54,2
DA:55,1
DA:56,2
DA:57,1
DA:58,3
DA:60,0
DA:64,0
DA:65,0
DA:66,0
DA:67,0
DA:68,0
DA:70,0
DA:73,1
DA:74,2
DA:75,1
DA:76,2
DA:77,1
DA:78,3
DA:80,0
DA:84,0
DA:85,0
DA:86,0
DA:87,0
DA:88,0
DA:89,0
DA:90,0
DA:92,0
DA:94,0
LF:52
LH:19
end_of_record
