SF:lib\exceptions\api_exception.dart
DA:5,1
DA:6,1
DA:7,1
DA:8,1
DA:16,2
LF:5
LH:5
end_of_record
SF:lib\constants\ui_constants.dart
DA:152,1
DA:153,11
DA:154,4
DA:158,5
DA:159,7
DA:160,6
LF:6
LH:6
end_of_record
SF:lib\constants\ui_styles.dart
DA:155,34
DA:159,17
DA:160,17
DA:163,17
DA:164,17
DA:167,17
DA:168,17
DA:171,17
DA:172,17
DA:175,17
DA:176,17
DA:188,12
DA:190,6
DA:201,18
DA:212,0
DA:220,0
DA:221,0
DA:225,3
DA:234,33
DA:244,36
DA:254,0
DA:263,0
DA:264,0
LF:23
LH:17
end_of_record
SF:lib\helpers\utils.dart
DA:8,6
DA:9,12
DA:14,1
DA:15,1
DA:16,3
DA:17,3
DA:19,1
DA:21,1
DA:22,3
DA:23,3
DA:25,1
DA:27,1
DA:28,1
DA:29,1
DA:33,1
DA:35,2
DA:36,1
DA:37,5
DA:38,2
DA:40,2
DA:41,1
DA:50,1
DA:51,2
DA:52,1
DA:53,3
DA:54,3
DA:56,1
DA:59,2
DA:60,5
DA:61,2
DA:65,2
DA:66,1
DA:67,3
DA:68,3
DA:70,1
DA:71,2
DA:72,5
DA:73,2
DA:77,1
DA:81,2
DA:82,4
DA:88,8
DA:89,16
DA:91,8
DA:93,8
DA:95,7
DA:96,14
DA:97,14
DA:98,14
DA:99,14
DA:100,14
DA:101,14
DA:102,14
DA:106,6
DA:107,3
DA:108,6
DA:109,3
DA:110,6
DA:111,6
DA:112,6
DA:117,2
DA:120,4
DA:125,3
DA:126,3
DA:127,6
DA:129,6
DA:131,6
DA:132,6
DA:134,6
DA:138,6
DA:145,3
DA:147,9
DA:149,9
DA:151,9
DA:152,9
DA:154,9
DA:159,4
DA:160,4
DA:161,3
DA:166,4
DA:167,4
DA:168,3
LF:82
LH:82
end_of_record
SF:lib\services\core\logger_service.dart
DA:6,87
DA:10,1
DA:13,3
DA:14,0
DA:26,0
DA:27,0
DA:34,0
DA:36,2
DA:40,22
DA:41,44
DA:44,13
DA:45,26
DA:48,23
DA:49,46
DA:52,1
DA:53,2
LF:16
LH:12
end_of_record
SF:lib\models\bank_data.dart
DA:4,2
DA:5,2
DA:7,2
DA:13,2
DA:15,2
DA:16,2
DA:22,2
DA:23,2
DA:24,4
DA:26,2
DA:27,2
DA:28,2
DA:29,2
DA:30,2
DA:31,2
DA:32,2
DA:33,2
DA:34,2
DA:35,4
DA:37,2
DA:41,8
DA:66,4
DA:67,4
DA:68,4
DA:69,4
DA:70,4
DA:71,4
DA:72,4
DA:73,4
DA:74,4
DA:75,2
DA:76,6
DA:77,4
DA:80,1
DA:91,1
DA:92,1
DA:93,1
DA:94,0
DA:95,1
DA:96,1
DA:97,0
DA:98,1
DA:99,1
DA:100,1
DA:101,1
DA:102,1
DA:106,2
DA:109,1
DA:110,3
DA:111,3
DA:112,3
DA:113,3
DA:114,0
DA:115,0
DA:116,0
DA:117,0
DA:118,0
DA:119,0
DA:120,0
DA:122,1
DA:124,2
DA:125,2
DA:126,3
DA:127,3
DA:128,3
DA:129,3
DA:130,3
DA:131,3
DA:132,3
DA:133,2
DA:134,2
DA:136,1
DA:137,1
DA:138,3
DA:139,4
DA:140,3
DA:141,1
LF:77
LH:68
end_of_record
SF:lib\models\beduerfnis_antrag_data.dart
DA:7,2
DA:9,2
DA:13,2
DA:15,1
DA:17,0
DA:19,0
DA:21,0
DA:23,0
DA:25,0
DA:27,0
DA:29,0
DA:36,2
DA:37,4
DA:39,4
DA:41,1
DA:42,2
DA:45,4
DA:47,0
DA:48,0
DA:51,4
DA:53,1
DA:54,2
DA:56,4
DA:57,4
DA:58,6
DA:59,4
DA:60,4
DA:62,4
DA:63,4
DA:64,4
DA:65,4
DA:67,4
DA:69,4
DA:71,4
DA:76,8
DA:144,1
DA:162,1
DA:163,1
DA:164,1
DA:165,1
DA:166,1
DA:167,1
DA:168,1
DA:169,0
DA:170,1
DA:171,1
DA:172,1
DA:173,1
DA:174,1
DA:175,1
DA:176,1
DA:177,1
DA:178,1
DA:183,2
DA:184,2
DA:185,2
DA:186,3
DA:187,3
DA:188,3
DA:189,2
DA:190,2
DA:191,4
DA:192,2
DA:193,2
DA:194,2
DA:195,2
DA:196,2
DA:197,2
DA:198,2
DA:199,2
DA:200,2
DA:205,1
DA:207,1
DA:209,0
DA:211,0
DA:213,0
DA:215,0
DA:217,0
DA:219,0
DA:221,0
DA:223,0
LF:81
LH:63
end_of_record
SF:lib\models\beduerfnis_antrag_status_data.dart
DA:19,0
DA:21,0
DA:23,0
DA:25,0
DA:27,0
DA:29,0
DA:31,0
DA:33,0
DA:35,0
DA:37,0
DA:43,1
DA:45,1
DA:47,1
DA:49,1
DA:51,1
DA:53,1
DA:55,1
DA:57,1
DA:59,1
DA:61,1
DA:67,0
DA:69,0
DA:71,0
DA:73,0
DA:75,0
DA:77,0
DA:79,0
DA:81,0
DA:83,0
DA:85,0
DA:93,0
DA:95,0
DA:97,0
DA:99,0
DA:101,0
DA:103,0
DA:105,0
DA:107,0
DA:109,0
DA:111,0
DA:119,0
DA:121,0
DA:122,0
DA:123,0
DA:124,0
DA:125,0
DA:127,0
DA:128,0
DA:129,0
DA:130,0
DA:132,0
DA:133,0
DA:135,0
DA:136,0
DA:137,0
DA:138,0
DA:139,0
DA:140,0
DA:141,0
DA:153,1
DA:154,1
DA:155,2
DA:156,2
DA:157,2
DA:159,2
DA:161,1
DA:162,2
DA:168,1
DA:188,1
DA:189,1
DA:190,1
DA:191,1
DA:192,1
DA:193,2
LF:74
LH:25
end_of_record
SF:lib\models\beduerfnis_antrag_person_data.dart
DA:8,2
DA:9,2
DA:10,4
DA:12,4
DA:14,1
DA:15,2
DA:18,4
DA:20,1
DA:21,2
DA:24,4
DA:26,0
DA:27,0
DA:29,4
DA:30,4
DA:31,4
DA:32,4
DA:33,4
DA:34,4
DA:39,3
DA:83,2
DA:84,2
DA:85,2
DA:86,3
DA:87,3
DA:88,2
DA:89,2
DA:90,2
DA:91,2
DA:92,2
DA:93,2
LF:30
LH:28
end_of_record
SF:lib\models\beduerfnis_auswahl_data.dart
DA:8,2
DA:9,2
DA:10,4
DA:11,4
DA:12,4
DA:13,4
DA:15,4
DA:17,4
DA:19,1
DA:20,2
DA:23,4
DA:25,1
DA:26,2
DA:32,5
DA:64,1
DA:65,1
DA:66,1
DA:67,1
DA:68,1
DA:69,1
DA:70,1
DA:71,2
DA:72,2
LF:23
LH:23
end_of_record
SF:lib\models\beduerfnis_datei_data.dart
DA:7,1
DA:9,1
DA:10,0
DA:11,1
DA:13,1
DA:14,1
DA:16,0
DA:18,0
DA:19,0
DA:20,0
DA:21,0
DA:22,0
DA:23,0
DA:28,0
DA:31,1
DA:32,2
DA:34,2
DA:36,0
DA:37,0
DA:40,2
DA:42,0
DA:43,0
DA:46,2
DA:48,0
DA:49,0
DA:51,2
DA:52,2
DA:53,3
DA:58,2
DA:90,1
DA:91,1
DA:92,1
DA:93,1
DA:94,1
DA:95,1
DA:96,1
DA:97,1
DA:98,1
LF:38
LH:23
end_of_record
SF:lib\models\beduerfnis_datei_zuord_data.dart
DA:8,1
DA:9,1
DA:10,2
DA:12,2
DA:14,0
DA:15,0
DA:18,2
DA:20,0
DA:21,0
DA:24,2
DA:26,0
DA:27,0
DA:29,2
DA:30,2
DA:31,2
DA:32,2
DA:33,2
DA:38,3
DA:78,1
DA:79,1
DA:80,1
DA:81,1
DA:82,1
DA:83,1
DA:84,1
DA:85,1
DA:86,1
DA:87,1
DA:88,1
LF:29
LH:23
end_of_record
SF:lib\models\beduerfnis_sport_data.dart
DA:7,1
DA:8,1
DA:9,2
DA:11,2
DA:13,0
DA:14,0
DA:17,2
DA:19,0
DA:20,0
DA:23,2
DA:25,0
DA:26,0
DA:28,2
DA:30,2
DA:31,0
DA:32,1
DA:33,2
DA:35,2
DA:36,2
DA:37,2
DA:39,2
DA:41,2
DA:43,0
DA:45,0
DA:46,2
DA:51,3
DA:103,1
DA:104,1
DA:105,1
DA:106,1
DA:107,1
DA:108,1
DA:109,1
DA:110,2
DA:111,1
DA:112,1
DA:113,1
DA:114,1
DA:115,1
DA:116,1
LF:40
LH:31
end_of_record
SF:lib\models\beduerfnis_waffe_besitz_data.dart
DA:7,1
DA:8,1
DA:9,1
DA:11,2
DA:13,0
DA:14,0
DA:17,2
DA:19,0
DA:20,0
DA:23,2
DA:25,0
DA:26,0
DA:28,1
DA:29,1
DA:30,1
DA:31,1
DA:32,2
DA:33,1
DA:34,2
DA:35,2
DA:36,1
DA:38,2
DA:39,2
DA:40,2
DA:45,4
DA:113,1
DA:114,1
DA:115,1
DA:116,1
DA:117,1
DA:118,1
DA:119,1
DA:120,1
DA:121,1
DA:122,1
DA:123,1
DA:124,1
DA:125,1
DA:126,1
DA:127,1
DA:128,1
DA:129,1
DA:130,1
LF:43
LH:37
end_of_record
SF:lib\models\beduerfnis_wettkampf_data.dart
DA:7,1
DA:8,1
DA:9,2
DA:11,2
DA:13,1
DA:14,2
DA:17,2
DA:19,1
DA:20,2
DA:23,2
DA:25,1
DA:26,2
DA:28,2
DA:29,1
DA:30,2
DA:32,2
DA:33,2
DA:35,2
DA:37,3
DA:38,2
DA:40,1
DA:41,2
DA:43,2
DA:48,2
DA:92,1
DA:93,1
DA:94,1
DA:95,2
DA:96,2
DA:97,2
DA:98,1
DA:99,2
DA:100,1
DA:101,1
DA:102,1
DA:103,1
DA:107,2
DA:110,1
DA:111,3
DA:112,3
DA:113,3
DA:114,3
DA:115,3
DA:116,3
DA:117,3
DA:118,3
DA:119,3
DA:120,3
DA:121,3
DA:123,1
DA:125,3
DA:126,3
DA:127,3
DA:128,3
DA:129,3
DA:130,3
DA:131,3
DA:132,3
DA:133,3
DA:134,2
LF:60
LH:60
end_of_record
SF:lib\models\bezirk_data.dart
DA:5,2
DA:33,2
DA:34,2
DA:35,2
DA:36,2
DA:37,2
DA:38,2
DA:39,2
DA:40,2
DA:41,2
DA:42,2
DA:43,2
DA:44,2
DA:45,2
DA:46,2
DA:47,2
DA:48,2
DA:49,2
DA:50,2
DA:51,3
DA:52,3
DA:53,2
DA:54,2
DA:55,2
DA:56,2
DA:57,2
DA:58,2
DA:59,2
DA:89,1
DA:90,1
DA:91,1
DA:92,1
DA:93,1
DA:94,1
DA:95,1
DA:96,1
DA:97,1
DA:98,1
DA:99,1
DA:100,1
DA:101,1
DA:102,1
DA:103,1
DA:104,1
DA:105,1
DA:106,1
DA:107,1
DA:108,1
DA:109,1
DA:110,1
DA:111,1
DA:112,1
DA:113,1
DA:114,1
DA:115,1
DA:121,4
DA:127,1
DA:128,1
DA:129,1
DA:130,1
DA:131,1
LF:61
LH:61
end_of_record
SF:lib\models\contact_data.dart
DA:7,2
DA:9,4
DA:10,4
DA:11,4
DA:12,4
DA:16,2
DA:17,2
DA:21,2
DA:30,4
DA:58,4
DA:59,2
DA:60,2
DA:61,2
DA:62,2
DA:66,1
DA:72,1
DA:73,1
DA:74,1
DA:75,0
DA:76,0
DA:81,4
DA:92,10
DA:96,10
DA:99,8
DA:102,5
DA:105,9
DA:108,5
DA:111,6
DA:113,2
DA:115,10
DA:118,2
DA:121,1
DA:122,3
DA:123,0
DA:124,0
DA:125,0
DA:128,1
DA:129,5
LF:38
LH:33
end_of_record
SF:lib\models\disziplin_data.dart
DA:2,2
DA:3,2
DA:4,2
DA:5,2
DA:6,2
DA:9,4
DA:19,2
DA:20,2
DA:21,2
DA:22,2
DA:23,2
DA:27,2
DA:30,1
DA:31,3
DA:32,0
DA:33,0
DA:36,1
DA:37,4
DA:39,1
DA:41,4
DA:44,1
DA:49,1
DA:50,1
DA:51,1
DA:52,1
LF:25
LH:23
end_of_record
SF:lib\models\fremde_verband_data.dart
DA:3,3
DA:9,2
DA:11,2
DA:14,2
DA:17,2
DA:21,2
DA:22,2
DA:23,2
DA:25,2
DA:26,6
DA:28,2
DA:29,0
DA:31,2
DA:32,0
DA:35,2
DA:41,2
DA:44,0
DA:51,1
DA:52,1
DA:53,1
DA:54,1
DA:55,1
DA:59,1
DA:61,4
DA:64,1
DA:67,1
DA:68,3
DA:69,3
DA:70,3
DA:73,1
DA:74,8
LF:31
LH:28
end_of_record
SF:lib\models\gewinn_data.dart
DA:5,4
DA:16,2
DA:17,2
DA:18,2
DA:19,2
DA:20,2
DA:22,4
DA:23,2
DA:24,1
DA:25,2
DA:26,2
DA:27,2
DA:28,2
DA:40,1
DA:41,1
DA:42,1
DA:43,1
DA:44,1
DA:45,1
DA:46,1
DA:47,1
DA:48,1
DA:49,1
LF:23
LH:23
end_of_record
SF:lib\models\pass_data_zve_data.dart
DA:5,2
DA:6,2
DA:7,2
DA:8,2
DA:9,2
DA:10,2
DA:11,2
DA:12,2
DA:13,2
DA:14,2
DA:15,2
DA:16,2
DA:17,2
DA:18,2
DA:21,4
DA:49,1
DA:50,1
DA:51,1
DA:52,1
DA:53,1
DA:54,1
DA:55,1
DA:56,1
DA:57,1
DA:58,1
DA:59,1
DA:60,1
DA:61,1
DA:62,1
DA:66,1
DA:80,1
DA:81,1
DA:82,1
DA:83,1
DA:84,1
DA:85,1
DA:86,1
DA:87,1
DA:88,1
DA:89,1
DA:90,1
DA:91,1
DA:92,1
DA:96,0
DA:98,0
DA:101,1
DA:104,1
DA:105,3
DA:106,3
DA:107,3
DA:108,3
DA:109,3
DA:110,3
DA:111,3
DA:112,3
DA:113,3
DA:114,3
DA:115,3
DA:116,3
DA:119,1
DA:121,3
DA:122,3
DA:123,3
DA:124,3
DA:125,3
DA:126,3
DA:127,3
DA:128,3
DA:129,3
DA:130,3
DA:131,3
DA:132,2
LF:72
LH:70
end_of_record
SF:lib\models\passdaten_akzept_or_aktiv_data.dart
DA:5,2
DA:6,2
DA:7,2
DA:8,2
DA:9,2
DA:10,2
DA:11,2
DA:12,2
DA:13,2
DA:14,2
DA:15,2
DA:17,2
DA:18,4
DA:20,2
DA:22,4
DA:23,2
DA:24,4
DA:25,2
DA:26,0
DA:30,7
DA:58,1
DA:59,1
DA:60,1
DA:61,1
DA:62,1
DA:63,1
DA:64,1
DA:65,1
DA:66,1
DA:67,1
DA:68,1
DA:69,2
DA:70,1
DA:71,5
DA:75,1
DA:89,1
DA:90,1
DA:91,0
DA:92,0
DA:93,1
DA:94,1
DA:95,1
DA:96,1
DA:97,1
DA:98,1
DA:99,1
DA:100,1
DA:101,1
DA:105,1
DA:107,5
DA:108,12
DA:111,3
DA:114,1
DA:115,3
DA:116,3
DA:117,3
DA:118,3
DA:119,3
DA:120,3
DA:121,3
DA:122,3
DA:123,3
DA:124,3
DA:125,3
DA:126,3
DA:129,1
DA:131,3
DA:132,3
DA:133,3
DA:134,3
DA:135,3
DA:136,3
DA:137,3
DA:138,3
DA:139,3
DA:140,3
DA:141,3
DA:142,2
LF:78
LH:75
end_of_record
SF:lib\models\zve_data.dart
DA:2,2
DA:3,2
DA:4,2
DA:5,2
DA:6,2
DA:7,2
DA:8,2
DA:9,2
DA:13,3
DA:29,2
DA:30,2
DA:31,2
DA:32,2
DA:33,2
DA:34,2
DA:35,2
DA:36,2
DA:40,1
DA:48,1
DA:49,1
DA:50,1
DA:51,0
DA:52,0
DA:53,1
DA:54,1
DA:58,2
DA:61,2
DA:62,6
DA:63,6
DA:64,6
DA:65,6
DA:66,6
DA:67,6
DA:70,2
DA:72,2
DA:73,2
DA:74,2
DA:75,2
DA:76,2
DA:77,2
DA:78,2
DA:82,2
DA:84,14
LF:43
LH:41
end_of_record
SF:lib\models\person_data.dart
DA:6,2
DA:7,2
DA:8,2
DA:9,2
DA:10,2
DA:12,4
DA:13,2
DA:14,2
DA:16,6
DA:17,2
DA:18,2
DA:19,2
DA:20,2
DA:24,3
DA:45,1
DA:46,1
DA:47,1
DA:48,1
DA:49,1
DA:50,1
DA:51,2
DA:52,1
DA:53,1
DA:54,1
DA:55,1
LF:25
LH:25
end_of_record
SF:lib\models\register_schulungen_teilnehmer_response_data.dart
DA:2,2
DA:8,1
DA:11,1
DA:12,1
DA:13,1
DA:14,1
LF:6
LH:6
end_of_record
SF:lib\models\result_data.dart
DA:5,2
DA:12,2
DA:13,2
DA:14,2
DA:15,2
DA:16,4
DA:17,2
DA:18,1
DA:19,2
DA:28,1
DA:29,1
DA:30,1
DA:31,1
DA:32,1
DA:33,1
LF:15
LH:15
end_of_record
SF:lib\models\schulung_data.dart
DA:7,1
DA:8,1
DA:10,1
DA:11,2
DA:15,1
DA:17,1
DA:18,3
DA:19,0
DA:23,1
DA:24,2
DA:25,2
DA:26,2
DA:27,2
DA:28,2
DA:29,2
DA:31,2
DA:33,2
DA:35,2
DA:36,2
DA:37,2
DA:38,2
DA:39,2
DA:40,2
DA:41,2
DA:42,2
DA:43,2
DA:44,2
DA:45,2
DA:46,2
DA:47,2
DA:48,2
DA:49,2
DA:50,2
DA:51,2
DA:56,2
DA:160,2
DA:161,1
DA:162,1
DA:163,1
DA:164,1
DA:165,1
DA:166,1
DA:167,1
DA:168,1
DA:169,1
DA:170,1
DA:171,1
DA:172,1
DA:173,1
DA:174,1
DA:175,1
DA:176,1
DA:177,1
DA:178,1
DA:179,1
DA:180,1
DA:181,1
DA:182,1
DA:183,1
DA:184,1
DA:185,1
DA:193,1
DA:220,1
DA:221,1
DA:222,0
DA:223,1
DA:224,1
DA:225,1
DA:226,1
DA:228,1
DA:230,1
DA:232,1
DA:233,1
DA:234,1
DA:235,1
DA:236,1
DA:237,1
DA:238,1
DA:239,1
DA:240,1
DA:241,1
DA:242,1
DA:243,1
DA:244,0
DA:245,1
DA:246,1
DA:247,1
DA:248,1
DA:252,1
DA:254,26
DA:257,1
DA:260,1
DA:261,3
DA:262,3
DA:263,3
DA:264,3
DA:265,3
DA:266,3
DA:267,3
DA:268,3
DA:269,3
DA:270,3
DA:271,3
DA:272,3
DA:273,3
DA:274,3
DA:275,3
DA:276,3
DA:277,3
DA:278,3
DA:279,3
DA:280,0
DA:281,0
DA:282,0
DA:283,0
DA:284,0
DA:285,0
DA:288,1
DA:290,2
DA:291,1
DA:292,1
DA:293,1
DA:294,1
DA:295,1
DA:296,1
DA:297,1
DA:298,1
DA:299,1
DA:300,1
DA:301,1
DA:302,1
DA:303,1
DA:304,1
DA:305,1
DA:306,1
DA:307,1
DA:308,1
DA:309,1
DA:310,1
DA:311,1
DA:312,1
DA:313,1
DA:314,1
DA:315,1
LF:144
LH:135
end_of_record
SF:lib\models\schulungsart_data.dart
DA:6,2
DA:23,1
DA:24,1
DA:25,1
DA:26,1
DA:27,1
DA:28,2
DA:29,1
DA:30,1
DA:31,1
DA:32,2
DA:33,2
DA:34,2
DA:35,1
DA:36,1
DA:37,1
DA:38,1
DA:56,1
DA:57,1
DA:58,1
DA:59,1
DA:60,1
DA:61,1
DA:62,1
DA:63,1
DA:64,1
DA:65,1
DA:66,1
DA:67,1
DA:68,1
DA:69,1
DA:70,1
DA:71,1
DA:75,1
DA:77,4
LF:35
LH:35
end_of_record
SF:lib\models\schulungstermin_data.dart
DA:4,2
DA:6,2
DA:7,2
DA:8,2
DA:9,2
DA:10,4
DA:11,2
DA:12,4
DA:13,2
DA:14,2
DA:16,4
DA:18,4
DA:20,4
DA:21,2
DA:22,2
DA:23,2
DA:24,2
DA:25,2
DA:26,2
DA:27,2
DA:28,2
DA:29,2
DA:30,2
DA:31,2
DA:32,2
DA:33,2
DA:34,2
DA:35,2
DA:36,2
DA:37,2
DA:38,2
DA:39,2
DA:40,2
DA:41,2
DA:42,2
DA:43,2
DA:44,2
DA:45,2
DA:47,2
DA:48,2
DA:49,2
DA:50,2
DA:51,2
DA:57,10
DA:100,0
DA:101,0
DA:106,0
DA:107,0
DA:147,1
DA:148,1
DA:149,1
DA:150,1
DA:151,1
DA:152,2
DA:153,1
DA:154,1
DA:155,1
DA:156,1
DA:157,1
DA:158,1
DA:159,1
DA:160,1
DA:161,1
DA:162,1
DA:163,1
DA:164,1
DA:165,1
DA:166,1
DA:167,1
DA:168,1
DA:169,1
DA:170,1
DA:171,1
DA:172,1
DA:173,1
DA:174,1
DA:175,1
DA:176,1
DA:177,1
DA:178,1
DA:179,1
DA:180,1
DA:181,1
DA:182,1
DA:183,1
DA:184,1
DA:185,1
DA:186,1
DA:187,1
DA:188,1
DA:189,1
DA:193,1
DA:195,2
DA:196,1
DA:197,1
DA:198,1
DA:199,1
DA:200,1
DA:201,1
DA:204,4
DA:205,8
LF:101
LH:97
end_of_record
SF:lib\models\schulungstermine_zusatzfelder_data.dart
DA:2,2
DA:3,2
DA:4,2
DA:5,2
DA:6,2
DA:10,3
DA:19,1
DA:20,1
DA:21,1
DA:22,1
DA:23,1
LF:11
LH:11
end_of_record
SF:lib\models\user_data.dart
DA:10,2
DA:11,2
DA:12,4
DA:13,6
DA:14,4
DA:15,4
DA:16,4
DA:18,6
DA:19,2
DA:20,4
DA:21,2
DA:22,2
DA:23,2
DA:24,4
DA:25,4
DA:26,4
DA:27,5
DA:28,2
DA:29,2
DA:30,2
DA:31,2
DA:32,2
DA:34,2
DA:35,0
DA:36,0
DA:37,0
DA:43,12
DA:167,3
DA:168,3
DA:169,3
DA:170,3
DA:171,3
DA:172,3
DA:173,3
DA:174,3
DA:175,3
DA:176,5
DA:177,3
DA:178,3
DA:179,3
DA:180,3
DA:181,3
DA:182,3
DA:183,3
DA:184,3
DA:185,3
DA:186,3
DA:187,3
DA:188,3
DA:189,3
DA:190,3
DA:191,3
DA:192,3
DA:193,3
DA:194,3
DA:195,3
DA:196,3
DA:197,3
DA:202,4
DA:233,4
DA:234,4
DA:235,2
DA:236,4
DA:237,4
DA:238,4
DA:239,4
DA:240,4
DA:241,4
DA:242,4
DA:243,4
DA:244,4
DA:245,4
DA:246,4
DA:247,4
DA:248,4
DA:249,4
DA:250,4
DA:251,4
DA:252,4
DA:253,4
DA:254,3
DA:255,4
DA:256,4
DA:257,4
DA:258,4
DA:259,4
DA:260,4
DA:261,3
DA:262,4
DA:266,3
DA:269,1
DA:270,3
DA:271,3
DA:272,3
DA:273,3
DA:274,3
DA:275,3
DA:276,3
DA:277,3
DA:278,3
DA:279,3
DA:280,3
DA:281,3
DA:282,3
DA:283,3
DA:284,3
DA:285,3
DA:286,3
DA:287,3
DA:288,3
DA:289,3
DA:290,3
DA:291,3
DA:292,3
DA:293,3
DA:294,3
DA:295,3
DA:296,3
DA:297,3
DA:298,3
DA:301,1
DA:303,2
DA:304,1
DA:305,1
DA:306,1
DA:307,1
DA:308,1
DA:309,1
DA:310,1
DA:311,1
DA:312,1
DA:313,1
DA:314,1
DA:315,1
DA:316,1
DA:317,1
DA:318,1
DA:319,1
DA:320,1
DA:321,1
DA:322,1
DA:323,1
DA:324,1
DA:325,1
DA:326,1
DA:327,1
DA:328,1
DA:329,1
DA:330,1
DA:331,1
DA:332,1
DA:336,16
DA:338,480
LF:153
LH:150
end_of_record
SF:lib\models\verein_data.dart
DA:9,2
DA:10,2
DA:11,2
DA:12,2
DA:13,2
DA:14,2
DA:15,2
DA:16,2
DA:17,2
DA:18,2
DA:19,2
DA:20,2
DA:21,2
DA:22,2
DA:23,2
DA:24,2
DA:25,2
DA:26,2
DA:27,2
DA:28,2
DA:29,2
DA:30,2
DA:31,2
DA:32,2
DA:33,2
DA:34,2
DA:35,2
DA:36,2
DA:37,2
DA:38,2
DA:39,2
DA:40,2
DA:41,2
DA:46,2
DA:174,1
DA:175,1
DA:176,1
DA:177,1
DA:178,1
DA:179,1
DA:180,1
DA:181,1
DA:182,1
DA:183,1
DA:184,1
DA:185,1
DA:186,1
DA:187,1
DA:188,1
DA:189,1
DA:190,1
DA:191,1
DA:192,1
DA:193,1
DA:194,1
DA:195,1
DA:196,1
DA:197,1
DA:198,1
DA:199,1
DA:200,1
DA:201,1
DA:202,1
DA:203,1
DA:204,1
DA:205,1
DA:206,1
LF:67
LH:67
end_of_record
SF:lib\models\zweitmitgliedschaft_data.dart
DA:2,2
DA:3,2
DA:4,2
DA:5,2
DA:6,2
DA:7,2
DA:8,4
DA:9,4
DA:11,4
DA:16,5
DA:28,1
DA:29,1
DA:30,1
DA:31,1
DA:32,1
DA:33,2
DA:37,1
DA:39,3
DA:40,2
DA:43,1
DA:46,1
DA:47,3
DA:48,3
DA:49,3
DA:50,3
DA:53,1
DA:55,3
DA:56,3
DA:57,3
DA:58,2
LF:30
LH:30
end_of_record
SF:lib\providers\font_size_provider.dart
DA:6,63
DA:7,63
DA:13,126
DA:15,63
DA:16,63
DA:17,10
DA:18,10
DA:19,10
DA:22,10
DA:23,10
DA:24,14
DA:27,2
DA:28,4
DA:29,4
DA:30,2
DA:31,2
DA:35,2
DA:36,4
DA:37,4
DA:38,2
DA:39,2
DA:43,2
DA:44,2
DA:45,2
DA:46,2
DA:49,8
DA:50,8
DA:51,8
DA:52,8
DA:55,2
DA:56,4
DA:59,1
DA:60,4
LF:33
LH:33
end_of_record
SF:lib\screens\agb\agb_common.dart
DA:6,4
DA:11,4
DA:12,4
DA:13,4
DA:15,4
DA:16,4
DA:18,8
DA:19,4
DA:20,4
DA:21,4
DA:22,4
DA:23,4
DA:24,8
DA:25,8
DA:26,8
DA:27,4
DA:28,4
DA:29,4
DA:31,4
DA:35,4
DA:38,4
DA:39,4
DA:40,4
DA:46,4
DA:47,4
DA:48,4
DA:51,4
DA:52,4
DA:53,12
DA:54,4
DA:55,4
DA:56,4
DA:57,4
DA:58,1
DA:59,4
DA:61,8
DA:65,4
DA:66,4
DA:73,1
LF:39
LH:39
end_of_record
SF:lib\screens\agb\agb_screen.dart
DA:7,3
DA:77,1
DA:79,1
DA:80,1
DA:82,1
DA:88,1
DA:91,1
DA:92,1
DA:93,1
DA:99,1
DA:101,1
DA:102,2
DA:104,1
DA:105,1
DA:106,1
DA:108,1
DA:109,3
DA:110,2
DA:111,2
DA:112,1
DA:114,1
DA:115,1
DA:116,0
DA:120,1
DA:122,1
DA:123,2
DA:124,2
DA:125,1
DA:126,1
DA:129,1
DA:131,2
DA:132,2
DA:133,1
DA:134,1
DA:136,1
DA:137,1
DA:139,1
DA:142,1
DA:146,1
DA:148,1
DA:162,1
DA:163,3
LF:42
LH:41
end_of_record
SF:lib\screens\schulungen\dialogs\booking_data_dialog.dart
DA:23,1
DA:48,1
DA:63,1
DA:67,2
DA:78,1
DA:79,1
DA:92,1
DA:94,1
DA:96,4
DA:97,2
DA:98,2
DA:100,4
DA:101,4
DA:103,3
DA:104,3
DA:105,3
DA:108,1
DA:109,2
DA:110,2
DA:111,3
DA:115,3
DA:117,1
DA:119,3
DA:120,3
DA:121,3
DA:123,2
DA:124,2
DA:125,2
DA:126,2
DA:127,1
DA:130,1
DA:131,3
DA:132,3
DA:134,1
DA:135,1
DA:136,4
DA:137,1
DA:138,1
DA:139,1
DA:142,1
DA:144,1
DA:148,1
DA:149,1
DA:150,1
DA:155,1
DA:156,1
DA:157,1
DA:158,1
DA:160,4
DA:161,1
DA:171,1
DA:172,1
DA:173,1
DA:175,1
DA:181,1
DA:185,1
DA:186,1
DA:187,1
DA:188,1
DA:192,1
DA:193,1
DA:194,1
DA:196,1
DA:199,1
DA:204,1
DA:207,1
DA:215,1
DA:218,1
DA:220,1
DA:222,1
DA:226,2
DA:228,1
DA:231,1
DA:232,1
DA:235,1
DA:237,1
DA:247,1
DA:249,1
DA:250,1
DA:252,1
DA:256,2
DA:258,1
DA:261,1
DA:262,1
DA:263,1
DA:265,1
DA:270,1
DA:273,1
DA:285,1
DA:287,1
DA:288,1
DA:290,1
DA:294,2
DA:296,1
DA:299,1
DA:300,1
DA:302,1
DA:303,1
DA:304,1
DA:305,1
DA:310,1
DA:312,1
DA:317,2
DA:318,1
DA:319,1
DA:321,1
DA:323,2
DA:328,2
DA:330,0
DA:345,1
DA:348,1
DA:354,1
DA:357,1
DA:358,1
DA:362,1
DA:363,1
DA:366,1
DA:367,1
DA:368,2
DA:369,1
DA:376,1
DA:377,0
DA:378,0
DA:381,0
DA:382,0
DA:391,1
DA:394,1
DA:404,1
DA:408,1
DA:415,1
DA:418,1
DA:422,1
DA:426,1
DA:449,1
DA:453,1
DA:454,1
DA:457,1
DA:458,1
DA:459,2
DA:460,1
DA:468,1
DA:471,1
DA:475,1
DA:479,1
DA:516,1
DA:519,1
DA:520,1
DA:521,1
DA:527,0
DA:529,1
DA:536,1
DA:540,1
DA:541,1
DA:542,2
DA:543,3
DA:544,2
DA:547,1
DA:553,1
DA:557,1
DA:558,2
DA:559,3
DA:561,2
DA:562,1
DA:563,3
DA:564,3
DA:566,2
DA:568,2
DA:570,2
DA:572,2
DA:576,3
DA:578,3
DA:579,2
DA:583,2
LF:173
LH:167
end_of_record
SF:lib\services\api_service.dart
DA:57,1
DA:60,0
DA:61,0
DA:65,3
DA:123,1
DA:124,1
DA:127,3
DA:129,2
DA:130,2
DA:131,0
DA:132,0
DA:133,0
DA:135,1
DA:136,2
DA:141,3
DA:146,1
DA:147,2
DA:149,1
DA:161,0
DA:162,0
DA:168,1
DA:175,2
DA:184,2
DA:186,4
DA:188,2
DA:189,1
DA:194,2
DA:201,1
DA:202,2
DA:205,0
DA:210,0
DA:213,1
DA:217,2
DA:224,1
DA:225,2
DA:228,1
DA:229,2
DA:232,1
DA:235,2
DA:238,1
DA:246,2
DA:256,1
DA:260,2
DA:263,1
DA:264,1
DA:266,1
DA:268,2
DA:271,1
DA:272,2
DA:275,1
DA:278,2
DA:281,1
DA:285,2
DA:288,1
DA:289,2
DA:292,1
DA:293,2
DA:296,1
DA:297,2
DA:301,1
DA:302,2
DA:306,1
DA:307,2
DA:310,1
DA:311,2
DA:317,1
DA:318,2
DA:321,1
DA:322,2
DA:325,1
DA:329,2
DA:332,1
DA:336,2
DA:342,1
DA:345,2
DA:350,1
DA:351,2
DA:354,1
DA:359,2
DA:362,1
DA:369,2
DA:378,1
DA:379,2
DA:382,1
DA:385,2
DA:389,1
DA:390,2
DA:393,1
DA:404,2
DA:418,1
DA:419,2
DA:422,1
DA:423,2
DA:426,1
DA:427,2
DA:430,1
DA:431,2
DA:437,1
DA:438,2
DA:441,1
DA:442,1
DA:445,1
DA:446,1
DA:449,1
DA:450,2
DA:453,1
DA:454,2
DA:462,1
DA:463,2
DA:466,0
DA:470,0
DA:477,1
DA:478,2
DA:481,1
DA:482,2
DA:488,1
DA:496,2
DA:506,0
DA:509,0
DA:512,1
DA:513,2
DA:516,1
DA:517,2
DA:520,1
DA:521,2
DA:524,1
DA:525,2
DA:528,1
DA:529,2
DA:532,0
DA:533,0
DA:536,1
DA:537,2
DA:540,1
DA:541,2
DA:544,1
DA:545,2
DA:550,1
DA:551,2
DA:554,1
DA:560,2
DA:568,1
DA:569,2
DA:572,1
DA:573,2
DA:576,1
DA:585,2
DA:601,1
DA:608,2
DA:618,0
DA:631,0
DA:646,1
DA:647,2
DA:650,0
DA:651,0
DA:654,0
DA:655,0
DA:658,1
DA:665,2
DA:674,0
DA:678,0
DA:681,0
DA:682,0
DA:685,0
DA:693,0
DA:706,1
DA:707,2
DA:709,1
DA:713,1
DA:714,2
DA:717,1
DA:721,0
DA:722,0
DA:725,0
DA:729,0
DA:734,0
DA:738,0
DA:742,0
DA:747,0
DA:751,0
DA:758,1
DA:759,2
DA:762,1
DA:763,2
DA:766,1
DA:767,2
DA:770,0
DA:773,0
DA:786,1
DA:787,2
DA:795,1
DA:798,2
DA:802,1
DA:803,1
DA:809,2
DA:811,2
DA:815,1
DA:816,1
DA:820,2
DA:827,1
DA:830,2
DA:838,2
DA:840,1
DA:841,1
DA:849,1
DA:855,1
DA:856,1
DA:860,2
DA:867,2
DA:868,1
DA:872,1
DA:873,2
DA:877,2
DA:884,1
DA:890,1
DA:891,1
DA:894,1
DA:901,1
DA:902,1
DA:907,2
DA:915,1
DA:922,1
DA:923,1
DA:927,2
DA:934,2
DA:935,1
DA:939,1
DA:940,2
DA:944,1
DA:952,1
DA:953,1
DA:959,1
DA:960,1
DA:965,1
DA:967,0
DA:973,2
DA:982,1
DA:992,2
DA:1004,1
DA:1007,2
DA:1010,1
DA:1011,2
DA:1018,1
DA:1032,2
DA:1048,1
DA:1051,2
DA:1054,1
DA:1055,2
DA:1058,1
DA:1059,2
DA:1062,0
DA:1063,0
DA:1069,0
DA:1082,0
DA:1097,0
DA:1100,0
DA:1103,1
DA:1104,2
DA:1107,1
DA:1108,2
DA:1114,1
DA:1122,2
DA:1132,1
DA:1135,2
DA:1138,1
DA:1141,2
DA:1144,1
DA:1147,2
DA:1153,1
DA:1160,2
DA:1169,1
DA:1170,2
DA:1175,1
DA:1180,2
DA:1185,1
DA:1186,1
DA:1188,1
DA:1194,1
DA:1196,2
DA:1198,2
DA:1205,1
DA:1207,2
DA:1212,1
DA:1213,1
DA:1220,1
DA:1228,2
DA:1238,1
DA:1241,2
DA:1244,1
DA:1245,2
DA:1248,1
DA:1249,2
DA:1253,1
DA:1254,2
DA:1260,1
DA:1265,2
DA:1277,1
DA:1279,1
DA:1280,1
DA:1284,2
DA:1290,1
DA:1291,1
DA:1296,1
DA:1299,1
DA:1300,1
DA:1303,1
DA:1304,1
DA:1310,2
DA:1313,2
DA:1317,1
DA:1318,1
DA:1323,0
DA:1324,0
DA:1331,1
DA:1333,2
DA:1336,1
DA:1338,2
DA:1343,1
DA:1344,1
DA:1347,1
DA:1348,1
DA:1354,0
DA:1355,0
DA:1369,1
DA:1371,1
DA:1372,1
DA:1375,1
DA:1378,2
DA:1379,1
DA:1382,3
DA:1387,3
DA:1392,2
DA:1393,1
DA:1396,2
DA:1397,1
DA:1400,3
DA:1405,3
DA:1410,3
DA:1413,1
DA:1414,1
DA:1417,1
DA:1418,1
DA:1424,0
DA:1425,0
LF:344
LH:293
end_of_record
SF:lib\services\api\bank_service.dart
DA:10,2
DA:16,1
DA:18,1
DA:19,2
DA:20,1
DA:22,2
DA:23,1
DA:24,1
DA:26,0
DA:27,0
DA:31,1
DA:32,1
DA:34,0
DA:36,2
DA:37,1
DA:42,1
DA:45,2
DA:47,1
DA:50,2
DA:51,1
DA:52,2
DA:56,0
DA:57,0
DA:62,2
DA:68,1
DA:70,2
DA:71,2
DA:73,1
DA:76,2
DA:77,1
DA:78,2
DA:83,1
DA:84,1
DA:89,2
DA:96,7
DA:97,14
DA:100,14
DA:101,28
DA:105,21
DA:106,7
DA:107,21
DA:108,7
DA:109,21
DA:110,21
DA:111,35
DA:113,7
DA:116,7
DA:119,7
DA:123,28
DA:126,5
DA:127,10
DA:130,10
DA:131,20
DA:134,15
DA:137,15
DA:140,10
DA:141,15
LF:57
LH:52
end_of_record
SF:lib\widgets\dialog_fabs.dart
DA:19,6
DA:27,6
DA:29,6
DA:31,6
DA:32,6
DA:33,30
DA:34,12
DA:35,12
LF:8
LH:8
end_of_record
SF:lib\widgets\keyboard_focus_fab.dart
DA:6,16
DA:19,16
DA:34,16
DA:35,16
DA:42,16
DA:44,16
DA:45,48
DA:48,16
DA:50,48
DA:51,32
DA:52,16
DA:55,1
DA:56,2
DA:57,3
DA:61,16
DA:64,48
DA:65,16
DA:66,32
DA:68,16
DA:69,16
DA:70,32
DA:71,32
DA:75,32
DA:76,32
DA:78,32
DA:79,26
DA:80,13
DA:81,26
DA:82,26
DA:87,32
DA:88,48
DA:91,16
DA:93,16
DA:96,0
DA:97,0
DA:104,38
DA:105,16
DA:107,32
DA:108,32
LF:39
LH:37
end_of_record
SF:lib\widgets\scaled_text.dart
DA:6,64
DA:20,63
DA:22,63
DA:23,63
DA:24,126
DA:25,126
DA:26,252
DA:29,63
DA:30,63
DA:32,63
DA:33,63
DA:34,63
LF:12
LH:12
end_of_record
SF:lib\screens\schulungen\widgets\keyboard_focus_checkbox.dart
DA:6,2
DA:17,2
DA:18,2
DA:25,2
DA:27,2
DA:28,6
DA:31,2
DA:33,6
DA:34,4
DA:35,2
DA:38,1
DA:39,2
DA:40,3
DA:44,2
DA:48,6
DA:49,2
DA:51,2
DA:52,4
DA:53,2
DA:54,2
DA:55,1
DA:56,1
DA:57,1
DA:58,5
DA:63,2
DA:65,1
DA:66,1
DA:67,1
DA:68,1
DA:73,10
LF:30
LH:30
end_of_record
SF:lib\screens\schulungen\dialogs\register_another_dialog.dart
DA:9,1
DA:16,1
DA:25,1
DA:30,1
DA:34,2
DA:41,1
DA:43,1
DA:45,1
DA:47,1
DA:48,1
DA:53,1
DA:55,1
DA:56,1
DA:59,1
DA:60,2
DA:61,1
DA:63,1
DA:64,2
DA:65,2
DA:67,1
DA:68,1
DA:69,1
DA:70,1
DA:72,1
DA:74,1
DA:75,3
DA:77,1
DA:81,3
DA:89,1
DA:92,1
DA:94,1
DA:96,1
DA:100,1
DA:101,2
DA:108,1
DA:109,1
DA:118,1
DA:119,1
DA:121,1
DA:123,1
DA:124,1
DA:125,1
DA:127,1
DA:128,1
DA:129,1
DA:132,1
DA:134,1
DA:135,1
DA:137,1
DA:140,1
DA:142,1
DA:151,1
DA:152,1
DA:153,1
DA:156,1
DA:157,1
DA:158,1
DA:161,1
DA:163,1
DA:164,1
DA:166,1
DA:169,1
DA:171,1
LF:63
LH:63
end_of_record
SF:lib\services\api\auth_service.dart
DA:18,2
DA:53,0
DA:58,1
DA:59,1
DA:60,3
DA:61,1
DA:64,1
DA:73,1
DA:76,2
DA:84,1
DA:85,1
DA:86,1
DA:90,1
DA:91,2
DA:93,2
DA:99,1
DA:104,2
DA:105,1
DA:112,1
DA:114,2
DA:116,1
DA:117,1
DA:121,2
DA:123,1
DA:125,3
DA:130,3
DA:132,1
DA:133,2
DA:134,2
DA:138,2
DA:139,1
DA:143,0
DA:144,0
DA:147,0
DA:148,0
DA:151,3
DA:152,3
DA:153,2
DA:154,2
DA:155,2
DA:156,1
DA:159,1
DA:160,2
DA:165,0
DA:166,0
DA:169,2
DA:170,3
DA:171,2
DA:174,2
DA:175,1
DA:176,1
DA:177,1
DA:178,1
DA:179,0
DA:180,0
DA:182,0
DA:186,1
DA:187,3
DA:188,3
DA:191,2
DA:192,2
DA:193,0
DA:194,0
DA:196,0
DA:205,2
DA:206,1
DA:208,1
DA:210,1
DA:211,1
DA:213,1
DA:216,1
DA:219,2
DA:223,2
DA:224,1
DA:232,1
DA:236,2
DA:238,2
DA:239,2
DA:240,2
DA:241,2
DA:244,2
DA:245,2
DA:246,2
DA:247,2
DA:248,2
DA:251,2
DA:254,1
DA:255,1
DA:256,2
DA:257,1
DA:262,1
DA:264,1
DA:265,1
DA:268,1
DA:270,1
DA:271,1
DA:274,1
DA:276,1
DA:277,1
DA:279,1
DA:280,1
DA:285,1
DA:286,1
DA:288,2
DA:289,2
DA:290,2
DA:291,2
DA:292,2
DA:293,2
DA:304,1
DA:305,1
DA:311,1
DA:318,0
DA:321,0
DA:333,1
DA:339,0
DA:348,1
DA:354,3
DA:358,2
DA:360,0
DA:365,1
DA:374,3
DA:375,1
DA:379,2
DA:380,1
DA:381,2
DA:382,3
DA:383,2
DA:385,2
DA:387,2
DA:392,2
DA:393,1
DA:397,1
DA:399,1
DA:401,0
DA:407,1
DA:409,1
DA:410,2
DA:411,2
DA:412,1
DA:413,2
DA:414,1
DA:419,2
DA:424,1
DA:430,1
DA:431,1
DA:432,1
DA:435,2
DA:439,2
DA:440,1
DA:441,2
DA:442,1
DA:447,2
DA:453,1
DA:455,1
DA:456,1
DA:459,1
DA:460,2
DA:464,2
DA:465,2
DA:466,2
DA:467,2
DA:468,1
DA:474,2
DA:480,0
DA:483,0
DA:484,0
DA:485,0
DA:487,0
DA:488,0
DA:490,0
DA:495,1
DA:497,1
DA:498,1
DA:501,1
DA:502,2
DA:506,2
DA:507,2
DA:508,1
DA:509,1
DA:512,1
DA:515,2
DA:520,1
DA:522,1
DA:523,1
DA:526,1
DA:527,2
DA:531,2
DA:532,1
DA:534,1
DA:535,1
DA:537,2
DA:538,1
DA:542,1
DA:553,1
DA:555,8
DA:561,1
DA:562,1
DA:566,1
DA:567,2
DA:568,2
DA:572,2
DA:573,2
DA:574,1
DA:575,2
DA:576,1
DA:579,1
DA:582,2
DA:588,1
DA:590,1
DA:591,2
DA:595,1
DA:597,1
DA:605,1
DA:608,1
DA:609,1
DA:610,1
DA:611,1
DA:612,2
DA:614,1
DA:616,4
DA:618,2
DA:619,3
DA:620,1
DA:621,1
DA:625,1
DA:626,1
DA:627,0
DA:628,0
DA:629,0
DA:634,0
DA:637,1
DA:640,1
DA:644,1
DA:645,1
DA:646,1
DA:650,1
DA:651,2
DA:652,2
DA:657,2
DA:659,2
DA:663,1
DA:668,2
DA:669,1
DA:671,1
DA:680,1
DA:687,2
DA:688,2
DA:689,1
DA:693,3
DA:694,1
DA:697,2
DA:699,1
DA:700,1
DA:701,2
DA:703,2
DA:706,1
DA:712,1
DA:719,2
DA:720,1
DA:722,1
LF:261
LH:232
end_of_record
SF:lib\services\core\cache_service.dart
DA:8,3
DA:17,1
DA:18,3
DA:19,2
DA:22,1
DA:23,3
DA:24,1
DA:25,1
DA:30,1
DA:31,4
DA:32,2
DA:35,1
DA:36,3
DA:38,0
DA:41,2
DA:43,1
DA:46,1
DA:47,3
DA:48,2
DA:51,1
DA:52,3
DA:53,1
DA:54,1
DA:59,1
DA:60,3
DA:61,2
DA:64,1
DA:65,3
DA:66,1
DA:67,1
DA:72,1
DA:73,3
DA:74,2
DA:77,1
DA:78,2
DA:80,2
DA:81,1
DA:82,2
DA:83,1
DA:86,2
DA:90,0
DA:91,0
DA:93,0
DA:94,0
DA:95,0
DA:96,0
DA:99,0
DA:100,0
DA:104,1
DA:105,3
DA:106,2
DA:110,1
DA:111,4
DA:112,2
DA:115,1
DA:116,2
DA:117,1
DA:118,1
DA:123,0
DA:127,0
DA:128,0
DA:131,1
DA:136,3
DA:138,1
DA:140,1
DA:141,1
DA:145,2
DA:150,1
DA:154,1
DA:156,1
DA:157,2
DA:158,0
DA:159,0
DA:161,0
DA:163,0
DA:164,0
DA:165,0
DA:166,0
DA:167,0
DA:168,0
DA:169,0
DA:170,0
DA:173,0
DA:174,0
DA:184,2
DA:188,1
DA:189,1
DA:190,2
DA:191,1
DA:192,1
DA:193,2
DA:194,1
DA:195,3
DA:197,0
DA:198,0
DA:207,2
DA:211,1
DA:217,2
DA:220,1
DA:226,1
DA:227,1
DA:228,2
DA:235,1
DA:236,1
DA:238,1
DA:239,1
DA:243,1
DA:244,2
DA:245,1
DA:248,3
DA:251,2
DA:252,1
DA:254,1
DA:255,1
DA:257,0
DA:258,0
DA:260,0
DA:261,0
DA:265,1
DA:266,2
DA:268,1
DA:269,2
DA:274,2
DA:275,1
DA:276,1
DA:278,2
DA:279,1
DA:280,1
DA:281,2
DA:287,0
DA:288,0
DA:289,1
DA:290,2
DA:292,2
DA:297,1
DA:303,0
DA:304,0
DA:305,0
DA:309,2
DA:310,1
DA:312,0
LF:141
LH:104
end_of_record
SF:lib\services\core\http_client.dart
DA:12,4
DA:20,3
DA:35,0
DA:36,0
DA:40,1
DA:49,2
DA:52,1
DA:53,2
DA:56,1
DA:57,1
DA:58,1
DA:59,1
DA:63,3
DA:64,1
DA:65,1
DA:66,1
DA:67,1
DA:71,3
DA:72,1
DA:73,1
DA:74,1
DA:75,1
DA:79,3
DA:80,1
DA:82,1
DA:83,2
DA:84,3
DA:87,0
DA:88,0
DA:90,0
DA:91,0
DA:92,0
DA:94,0
DA:95,0
DA:96,0
DA:98,0
DA:99,0
DA:100,0
DA:101,0
DA:106,0
DA:110,4
DA:111,1
DA:112,4
DA:114,1
DA:115,2
DA:117,1
DA:118,1
DA:119,1
DA:120,1
DA:122,1
DA:124,1
DA:125,3
DA:129,1
DA:131,0
DA:132,0
DA:136,1
DA:137,2
DA:141,2
DA:146,1
DA:147,2
DA:148,1
DA:152,2
DA:156,2
DA:165,1
DA:173,2
DA:174,1
DA:175,2
DA:179,1
DA:180,1
DA:181,2
DA:182,3
DA:184,0
DA:187,1
DA:188,3
DA:191,2
DA:192,1
DA:193,4
DA:195,1
DA:198,1
DA:199,1
DA:200,1
DA:201,1
DA:203,1
DA:205,0
DA:206,0
DA:209,1
DA:211,0
DA:212,0
DA:216,1
DA:217,2
DA:221,1
DA:222,1
DA:228,1
DA:233,2
DA:234,1
DA:236,2
DA:237,2
DA:240,2
DA:242,1
DA:245,1
DA:252,1
DA:257,2
DA:258,1
DA:260,2
DA:261,2
DA:264,2
DA:266,1
DA:269,1
DA:276,1
DA:281,2
DA:282,1
DA:284,2
DA:286,2
DA:290,2
DA:292,1
DA:295,1
DA:302,1
DA:308,2
DA:311,2
DA:313,1
DA:316,1
DA:317,2
DA:318,2
DA:320,1
DA:324,1
DA:326,1
DA:332,0
DA:333,0
DA:339,0
DA:345,0
DA:356,0
DA:357,0
DA:358,0
DA:359,0
DA:361,0
DA:362,0
DA:363,0
DA:364,0
DA:370,0
DA:373,0
DA:374,0
DA:375,0
DA:376,0
DA:377,0
DA:387,0
DA:389,0
DA:390,0
DA:391,0
DA:393,0
DA:394,0
DA:395,0
DA:396,0
DA:399,0
DA:400,0
DA:421,0
DA:423,0
DA:425,0
DA:426,0
DA:427,0
DA:429,0
DA:431,0
DA:432,0
DA:435,0
DA:437,0
DA:439,0
DA:440,0
DA:441,0
DA:443,0
DA:444,0
DA:445,0
DA:451,0
LF:171
LH:104
end_of_record
SF:lib\services\core\network_service.dart
DA:10,2
DA:14,1
DA:19,1
DA:20,2
DA:23,1
DA:24,2
DA:27,1
DA:28,2
DA:29,1
LF:9
LH:9
end_of_record
SF:lib\services\core\email_service.dart
DA:28,0
DA:33,0
DA:38,2
DA:52,1
DA:53,2
DA:54,1
DA:55,2
DA:56,1
DA:57,1
DA:58,1
DA:66,1
DA:76,1
DA:78,1
DA:79,1
DA:84,0
DA:91,0
DA:92,0
DA:93,0
DA:94,0
DA:97,0
DA:98,0
DA:99,0
DA:100,0
DA:103,0
DA:104,0
DA:106,0
DA:108,0
DA:110,1
DA:111,1
DA:113,0
DA:115,2
DA:116,1
DA:120,1
DA:121,2
DA:124,1
DA:126,2
DA:128,2
DA:133,1
DA:134,2
DA:137,1
DA:138,2
DA:141,1
DA:142,2
DA:145,1
DA:146,2
DA:149,1
DA:150,2
DA:153,1
DA:155,2
DA:159,2
DA:164,1
DA:165,2
DA:168,1
DA:170,2
DA:172,2
DA:177,1
DA:178,2
DA:181,1
DA:183,2
DA:187,2
DA:192,1
DA:193,2
DA:196,1
DA:198,2
DA:202,2
DA:207,1
DA:211,1
DA:213,2
DA:217,2
DA:222,1
DA:226,1
DA:228,2
DA:232,1
DA:233,1
DA:239,1
DA:241,1
DA:242,2
DA:243,1
DA:246,2
DA:247,2
DA:248,2
DA:249,2
DA:250,1
DA:253,2
DA:254,2
DA:255,2
DA:256,1
DA:260,1
DA:261,1
DA:262,2
DA:266,0
DA:268,2
DA:269,1
DA:273,1
DA:279,1
DA:281,2
DA:284,1
DA:285,1
DA:286,1
DA:289,1
DA:296,0
DA:299,0
DA:300,0
DA:301,0
DA:302,0
DA:303,0
DA:304,0
DA:309,0
DA:316,0
DA:317,0
DA:322,1
DA:328,2
DA:331,1
DA:332,1
DA:333,1
DA:336,1
DA:343,0
DA:346,0
DA:348,0
DA:349,0
DA:350,0
DA:351,0
DA:352,0
DA:353,0
DA:354,0
DA:355,0
DA:360,0
DA:366,0
DA:367,0
DA:372,1
DA:381,1
DA:383,1
DA:384,1
DA:385,1
DA:391,1
DA:392,1
DA:393,1
DA:396,1
DA:404,0
DA:405,0
DA:406,0
DA:407,0
DA:410,0
DA:413,0
DA:415,0
DA:418,0
DA:420,0
DA:424,0
DA:425,0
DA:428,0
DA:429,0
DA:434,0
DA:436,0
DA:437,0
DA:442,1
DA:450,1
DA:451,1
DA:452,1
DA:455,1
DA:463,0
DA:464,0
DA:465,0
DA:468,0
DA:471,0
DA:476,0
DA:481,0
DA:483,0
DA:487,1
DA:502,1
DA:503,1
DA:504,1
DA:507,1
DA:515,0
DA:517,0
DA:522,0
DA:526,0
DA:533,0
DA:534,0
DA:535,0
DA:536,0
DA:537,0
DA:538,0
DA:539,0
DA:540,0
DA:541,0
DA:544,0
DA:548,0
DA:551,0
DA:553,0
DA:557,0
DA:558,0
DA:561,0
DA:562,0
DA:566,0
DA:568,1
DA:569,1
DA:574,1
DA:584,1
DA:585,1
DA:586,1
DA:589,1
DA:595,0
DA:596,0
DA:601,0
DA:605,0
DA:606,0
DA:607,0
DA:608,0
DA:609,0
DA:611,0
DA:613,0
DA:615,0
DA:622,0
DA:623,0
DA:625,0
DA:629,1
DA:638,1
DA:639,1
DA:640,1
DA:643,1
DA:650,0
DA:651,0
DA:652,0
DA:653,0
DA:654,0
DA:655,0
DA:656,0
DA:659,0
DA:662,0
DA:665,0
DA:666,0
DA:667,0
DA:669,0
DA:670,0
DA:671,0
DA:672,0
DA:673,0
DA:674,0
DA:675,0
DA:676,0
DA:677,0
DA:679,0
DA:684,0
DA:689,0
DA:690,0
DA:696,0
DA:697,0
DA:700,0
DA:701,0
DA:702,0
DA:703,0
DA:704,0
DA:705,0
DA:706,0
DA:707,0
DA:708,0
DA:710,0
DA:715,0
DA:720,0
DA:721,0
DA:726,0
DA:730,0
DA:731,0
DA:737,0
DA:741,0
DA:746,0
DA:747,0
DA:748,0
DA:749,0
DA:750,0
DA:753,0
DA:754,0
DA:758,0
DA:759,0
DA:760,0
DA:762,0
DA:763,0
DA:764,0
DA:768,0
DA:769,0
DA:770,0
DA:771,0
DA:772,0
DA:773,0
DA:774,0
DA:775,0
DA:783,0
LF:287
LH:120
end_of_record
SF:lib\services\core\postgrest_service.dart
DA:16,2
DA:17,1
DA:19,2
DA:27,1
DA:28,1
DA:29,1
DA:35,2
DA:38,1
DA:39,2
DA:40,1
DA:41,1
DA:42,1
DA:43,1
DA:45,2
DA:50,1
DA:59,2
DA:60,3
DA:61,1
DA:62,2
DA:69,2
DA:74,2
DA:75,1
DA:78,1
DA:80,1
DA:81,3
DA:83,3
DA:86,2
DA:92,1
DA:94,2
DA:95,3
DA:96,1
DA:99,2
DA:100,2
DA:101,2
DA:103,1
DA:104,3
DA:109,2
DA:115,1
DA:117,2
DA:118,1
DA:119,2
DA:121,1
DA:124,2
DA:125,2
DA:126,2
DA:128,0
DA:129,0
DA:134,0
DA:140,1
DA:142,2
DA:143,1
DA:144,2
DA:146,1
DA:148,1
DA:149,2
DA:151,2
DA:152,2
DA:153,2
DA:155,0
DA:156,0
DA:161,0
DA:167,1
DA:168,1
DA:170,2
DA:171,3
DA:172,1
DA:173,2
DA:175,2
DA:179,2
DA:180,1
DA:183,1
DA:184,3
DA:189,0
DA:195,1
DA:197,2
DA:198,3
DA:199,1
DA:202,2
DA:203,1
DA:206,1
DA:207,3
DA:212,0
DA:217,1
DA:219,2
DA:220,3
DA:221,1
DA:223,2
DA:224,2
DA:225,2
DA:227,0
DA:228,0
DA:233,0
DA:238,1
DA:241,2
DA:243,2
DA:244,3
DA:245,1
DA:247,2
DA:248,2
DA:249,2
DA:250,2
DA:252,0
DA:253,0
DA:258,0
DA:259,0
DA:267,1
DA:272,2
DA:273,3
DA:274,1
DA:275,2
DA:278,2
DA:282,2
DA:283,1
DA:285,0
DA:286,0
DA:290,0
DA:295,1
DA:299,2
DA:300,1
DA:302,2
DA:304,1
DA:305,2
DA:307,2
DA:311,2
DA:312,1
DA:314,0
DA:315,0
DA:319,0
DA:324,1
DA:328,1
DA:329,2
DA:331,3
DA:332,2
DA:333,2
DA:334,2
DA:336,0
DA:337,0
DA:342,0
DA:343,0
DA:349,1
DA:353,2
DA:354,3
DA:355,1
DA:356,1
DA:362,1
DA:369,2
DA:370,3
DA:371,1
DA:372,2
DA:377,2
DA:382,2
DA:383,1
DA:385,0
DA:386,0
DA:390,0
DA:395,1
DA:397,2
DA:398,1
DA:399,2
DA:401,1
DA:404,2
DA:405,2
DA:406,2
DA:408,0
DA:409,0
DA:414,0
DA:415,0
DA:422,1
DA:424,2
DA:425,1
DA:426,2
DA:428,1
DA:429,2
DA:431,2
DA:435,2
DA:436,1
DA:439,1
DA:440,3
DA:445,0
DA:451,1
DA:454,1
DA:459,2
DA:460,3
DA:461,1
DA:462,2
DA:464,6
DA:467,2
DA:468,1
DA:473,0
DA:474,0
DA:479,2
DA:480,3
DA:481,1
DA:482,2
DA:485,6
DA:486,2
DA:489,2
DA:490,1
DA:495,1
DA:496,3
DA:502,3
DA:506,0
DA:512,1
DA:514,2
DA:515,3
DA:516,1
DA:517,2
DA:519,2
DA:520,1
DA:522,2
DA:525,1
DA:526,3
DA:531,0
DA:537,1
DA:539,2
DA:540,3
DA:541,1
DA:542,2
DA:545,2
DA:546,1
DA:547,1
DA:550,2
DA:553,1
DA:554,3
DA:559,0
DA:565,0
DA:573,0
DA:581,0
DA:582,0
DA:583,0
DA:584,0
DA:587,0
DA:591,0
DA:592,0
DA:594,0
DA:595,0
DA:600,0
DA:605,1
DA:607,2
DA:608,2
DA:609,2
DA:612,2
DA:613,3
DA:614,1
DA:616,2
DA:617,2
DA:618,3
DA:619,2
DA:620,1
DA:621,1
DA:624,1
DA:625,1
DA:627,1
DA:628,3
DA:629,2
DA:630,2
DA:632,1
DA:634,2
DA:637,2
DA:641,0
DA:642,0
DA:647,0
DA:661,1
DA:663,2
DA:664,3
DA:665,1
DA:668,2
DA:669,2
DA:671,1
DA:672,1
DA:673,1
DA:675,1
DA:677,0
DA:678,0
DA:680,0
DA:683,0
DA:684,0
DA:693,1
DA:699,2
DA:700,3
DA:701,1
DA:702,2
DA:706,6
DA:707,2
DA:711,2
DA:712,1
DA:713,2
DA:714,2
DA:716,0
DA:717,0
DA:719,0
DA:722,0
DA:728,1
DA:732,2
DA:733,1
DA:734,2
DA:736,1
DA:739,2
DA:740,2
DA:742,1
DA:743,2
DA:745,1
DA:747,0
DA:748,0
DA:750,0
DA:753,0
DA:754,0
DA:759,1
DA:761,2
DA:762,3
DA:763,1
DA:766,2
DA:767,2
DA:768,1
DA:769,2
DA:773,1
DA:774,3
DA:779,2
DA:785,1
DA:787,1
DA:788,0
DA:793,1
DA:794,1
DA:795,3
DA:799,1
DA:800,1
DA:801,1
DA:802,1
DA:805,1
DA:806,1
DA:807,2
DA:808,1
DA:809,1
DA:810,7
DA:811,2
DA:814,2
DA:815,4
DA:816,1
DA:817,1
DA:820,2
DA:821,1
DA:824,0
DA:825,0
DA:830,0
DA:836,1
DA:838,2
DA:839,3
DA:840,1
DA:841,4
DA:844,2
DA:845,1
DA:848,0
DA:849,0
DA:854,0
DA:860,1
DA:862,2
DA:863,3
DA:864,1
DA:865,4
DA:868,2
DA:869,1
DA:870,1
DA:874,1
DA:875,3
DA:880,2
DA:890,1
DA:901,1
DA:907,2
DA:910,1
DA:912,1
DA:915,2
DA:916,3
DA:917,1
DA:918,1
DA:921,2
DA:922,1
DA:923,2
DA:924,2
DA:926,0
DA:927,0
DA:929,0
DA:932,0
DA:938,1
DA:942,2
DA:943,1
DA:944,2
DA:946,1
DA:949,2
DA:950,2
DA:952,1
DA:953,2
DA:955,1
DA:957,0
DA:958,0
DA:960,0
DA:963,0
DA:964,0
DA:969,1
DA:971,1
DA:972,0
DA:977,1
DA:978,1
DA:979,3
DA:983,1
DA:984,1
DA:985,1
DA:986,1
DA:989,1
DA:990,1
DA:991,2
DA:992,1
DA:993,2
DA:994,1
DA:995,2
DA:996,3
DA:997,1
DA:998,0
DA:999,1
DA:1000,0
DA:1001,2
DA:1004,2
DA:1005,4
DA:1006,1
DA:1007,1
DA:1010,2
DA:1011,1
DA:1014,0
DA:1015,0
DA:1020,0
DA:1026,1
DA:1028,2
DA:1029,3
DA:1030,1
DA:1031,4
DA:1034,2
DA:1035,1
DA:1038,1
DA:1039,3
DA:1044,0
DA:1050,1
DA:1052,2
DA:1053,3
DA:1054,1
DA:1055,4
DA:1058,2
DA:1059,1
DA:1062,1
DA:1063,3
DA:1068,2
DA:1078,1
DA:1093,1
DA:1100,2
DA:1102,1
DA:1103,0
DA:1104,1
DA:1106,0
DA:1108,0
DA:1109,1
DA:1111,2
DA:1112,3
DA:1113,1
DA:1114,1
DA:1117,2
DA:1118,1
DA:1119,2
DA:1120,2
DA:1122,0
DA:1123,0
DA:1125,0
DA:1128,0
DA:1134,1
DA:1138,2
DA:1139,1
DA:1140,2
DA:1142,1
DA:1145,2
DA:1146,2
DA:1148,1
DA:1149,1
DA:1150,1
DA:1152,1
DA:1154,0
DA:1155,0
DA:1157,0
DA:1160,0
DA:1161,0
DA:1163,0
DA:1168,1
DA:1170,1
DA:1171,0
DA:1177,1
DA:1178,1
DA:1179,3
DA:1183,1
DA:1184,1
DA:1185,1
DA:1186,1
DA:1189,1
DA:1190,3
DA:1191,3
DA:1192,1
DA:1193,2
DA:1194,1
DA:1195,0
DA:1196,1
DA:1197,2
DA:1198,1
DA:1199,0
DA:1200,1
DA:1201,1
DA:1202,2
DA:1203,1
DA:1204,0
DA:1205,1
DA:1206,0
DA:1207,1
DA:1208,0
DA:1209,2
DA:1212,1
DA:1213,3
DA:1216,2
DA:1218,1
DA:1219,1
DA:1222,2
DA:1223,0
DA:1224,0
DA:1225,1
DA:1228,0
DA:1229,0
DA:1231,0
DA:1232,0
DA:1236,0
DA:1237,0
DA:1244,1
DA:1246,2
DA:1247,1
DA:1248,2
DA:1250,1
DA:1251,4
DA:1254,2
DA:1255,1
DA:1258,0
DA:1259,0
DA:1264,0
DA:1270,0
DA:1272,0
DA:1273,0
DA:1274,0
DA:1275,0
DA:1278,0
DA:1279,0
DA:1282,0
DA:1283,0
DA:1288,0
DA:1298,1
DA:1312,1
DA:1313,1
DA:1314,1
DA:1315,1
DA:1316,1
DA:1317,1
DA:1318,1
DA:1319,0
DA:1320,1
DA:1321,0
DA:1322,0
DA:1323,0
DA:1326,2
DA:1327,3
DA:1328,1
DA:1329,1
DA:1332,2
DA:1333,2
DA:1334,1
DA:1335,1
DA:1336,2
DA:1338,0
DA:1340,1
DA:1341,3
DA:1343,1
DA:1346,2
DA:1352,1
DA:1356,2
DA:1357,1
DA:1358,2
DA:1360,1
DA:1363,2
DA:1364,2
DA:1366,1
DA:1367,2
DA:1369,1
DA:1371,0
DA:1372,0
DA:1374,0
DA:1377,0
DA:1378,0
DA:1383,1
DA:1385,2
DA:1386,1
DA:1387,2
DA:1389,1
DA:1392,2
DA:1393,2
DA:1395,1
DA:1396,2
DA:1398,1
DA:1400,0
DA:1401,0
DA:1403,0
DA:1406,0
DA:1407,0
DA:1412,1
DA:1414,2
DA:1415,1
DA:1416,2
DA:1418,1
DA:1421,2
DA:1422,2
DA:1424,1
DA:1425,2
DA:1427,1
DA:1429,0
DA:1430,0
DA:1432,0
DA:1435,0
DA:1436,0
DA:1441,1
DA:1443,2
DA:1444,3
DA:1445,1
DA:1448,2
DA:1449,2
DA:1450,1
DA:1451,2
DA:1455,0
DA:1456,0
DA:1461,0
DA:1467,1
DA:1469,1
DA:1470,0
DA:1475,1
DA:1476,1
DA:1477,3
DA:1481,1
DA:1482,1
DA:1483,1
DA:1484,1
DA:1487,1
DA:1488,1
DA:1489,2
DA:1490,1
DA:1491,0
DA:1492,1
DA:1493,1
DA:1494,1
DA:1495,0
DA:1496,1
DA:1497,0
DA:1498,1
DA:1499,2
DA:1500,1
DA:1501,1
DA:1502,0
DA:1503,1
DA:1504,0
DA:1505,1
DA:1506,0
DA:1507,2
DA:1510,2
DA:1511,4
DA:1512,1
DA:1513,1
DA:1516,2
DA:1517,1
DA:1520,1
DA:1521,3
DA:1526,0
DA:1532,1
DA:1534,2
DA:1535,3
DA:1536,1
DA:1537,4
DA:1540,2
DA:1541,1
DA:1544,0
DA:1545,0
DA:1550,0
DA:1560,1
DA:1569,1
DA:1570,1
DA:1571,1
DA:1572,3
DA:1573,1
DA:1574,1
DA:1575,1
DA:1576,1
DA:1579,2
DA:1580,3
DA:1581,1
DA:1582,1
DA:1585,2
DA:1586,2
DA:1587,1
DA:1588,1
DA:1589,1
DA:1590,1
DA:1593,1
DA:1595,1
DA:1596,3
DA:1598,1
DA:1601,2
DA:1607,1
DA:1611,2
DA:1612,1
DA:1613,2
DA:1615,1
DA:1618,2
DA:1619,2
DA:1621,1
DA:1622,1
DA:1623,1
DA:1625,1
DA:1627,1
DA:1628,2
DA:1630,1
DA:1633,0
DA:1634,0
DA:1636,0
DA:1641,1
DA:1645,2
DA:1646,1
DA:1647,2
DA:1649,1
DA:1652,2
DA:1653,2
DA:1655,1
DA:1656,1
DA:1657,1
DA:1659,1
DA:1661,1
DA:1662,2
DA:1664,1
DA:1667,0
DA:1668,0
DA:1670,0
DA:1675,1
DA:1679,1
DA:1680,1
DA:1685,1
DA:1686,1
DA:1687,3
DA:1691,1
DA:1692,1
DA:1693,1
DA:1696,1
DA:1697,1
DA:1698,2
DA:1699,1
DA:1700,0
DA:1701,3
DA:1702,1
DA:1703,1
DA:1704,0
DA:1705,2
DA:1708,2
DA:1709,4
DA:1710,1
DA:1711,1
DA:1714,2
DA:1715,1
DA:1718,1
DA:1719,3
DA:1724,2
DA:1730,1
DA:1732,2
DA:1733,1
DA:1734,2
DA:1736,1
DA:1737,4
DA:1740,2
DA:1741,1
DA:1744,1
DA:1745,3
DA:1750,2
DA:1760,1
DA:1768,1
DA:1769,1
DA:1770,1
DA:1771,1
DA:1772,3
DA:1773,1
DA:1774,1
DA:1777,2
DA:1778,3
DA:1779,1
DA:1780,1
DA:1783,2
DA:1784,2
DA:1785,1
DA:1786,1
DA:1787,2
DA:1789,1
DA:1791,1
DA:1792,3
DA:1794,1
DA:1797,2
DA:1803,1
DA:1805,1
DA:1806,1
DA:1811,1
DA:1812,1
DA:1813,3
DA:1817,1
DA:1818,1
DA:1819,1
DA:1820,1
DA:1823,1
DA:1824,3
DA:1825,1
DA:1826,2
DA:1827,1
DA:1828,2
DA:1829,3
DA:1830,2
DA:1833,2
DA:1834,4
DA:1835,1
DA:1836,1
DA:1839,2
DA:1840,1
DA:1843,1
DA:1844,3
DA:1849,2
DA:1855,0
DA:1857,0
DA:1858,0
DA:1859,0
DA:1860,0
DA:1863,0
DA:1864,0
DA:1865,0
DA:1869,0
DA:1870,0
DA:1875,0
DA:1881,1
DA:1886,2
DA:1887,1
DA:1888,2
DA:1890,1
DA:1893,2
DA:1894,2
DA:1896,1
DA:1897,1
DA:1898,1
DA:1900,1
DA:1902,1
DA:1903,3
DA:1905,1
DA:1908,1
DA:1909,1
DA:1911,1
DA:1918,1
DA:1922,2
DA:1923,1
DA:1924,2
DA:1926,1
DA:1929,2
DA:1930,2
DA:1931,1
DA:1932,2
DA:1936,1
DA:1937,3
DA:1942,0
DA:1943,0
DA:1950,1
DA:1952,2
DA:1953,3
DA:1954,1
DA:1955,4
DA:1958,2
DA:1959,1
DA:1960,1
DA:1964,1
DA:1965,3
DA:1970,0
DA:1971,0
DA:1978,1
DA:1982,2
DA:1983,1
DA:1984,2
DA:1986,1
DA:1989,2
DA:1990,2
DA:1992,1
DA:1993,1
DA:1994,1
DA:1996,1
DA:1998,0
DA:1999,0
DA:2001,0
DA:2004,2
DA:2005,1
DA:2010,1
DA:2012,2
DA:2013,3
DA:2014,1
DA:2015,4
DA:2018,2
DA:2019,1
DA:2020,1
DA:2024,1
DA:2025,3
DA:2030,2
DA:2038,0
DA:2047,0
DA:2048,0
DA:2049,0
DA:2050,0
DA:2051,0
DA:2052,0
DA:2053,0
DA:2056,0
DA:2057,0
DA:2058,0
DA:2059,0
DA:2062,0
DA:2063,0
DA:2064,0
DA:2065,0
DA:2067,0
DA:2068,0
DA:2070,0
DA:2073,0
DA:2079,0
DA:2083,0
DA:2084,0
DA:2085,0
DA:2087,0
DA:2090,0
DA:2091,0
DA:2093,0
DA:2094,0
DA:2095,0
DA:2097,0
DA:2099,0
DA:2100,0
DA:2102,0
DA:2105,0
DA:2106,0
DA:2108,0
DA:2113,0
DA:2115,0
DA:2116,0
DA:2121,0
DA:2122,0
DA:2123,0
DA:2124,0
DA:2125,0
DA:2126,0
DA:2127,0
DA:2128,0
DA:2131,0
DA:2132,0
DA:2133,0
DA:2134,0
DA:2137,0
DA:2138,0
DA:2141,0
DA:2142,0
DA:2147,0
DA:2153,0
DA:2155,0
DA:2156,0
DA:2157,0
DA:2158,0
DA:2161,0
DA:2162,0
DA:2165,0
DA:2166,0
DA:2171,0
LF:980
LH:723
end_of_record
SF:lib\services\core\config_service.dart
DA:6,3
DA:10,3
DA:12,6
DA:13,2
DA:14,2
DA:17,2
DA:18,2
DA:23,2
DA:25,1
DA:33,3
DA:38,1
DA:43,1
DA:44,1
DA:45,2
DA:46,2
DA:48,1
DA:51,1
DA:54,1
DA:55,1
DA:60,2
DA:65,2
DA:66,2
DA:67,4
DA:68,4
DA:70,1
DA:73,2
DA:79,1
DA:84,1
DA:85,1
DA:86,2
DA:87,2
DA:89,1
DA:92,1
DA:93,1
DA:98,1
DA:103,1
DA:104,1
DA:105,2
DA:106,2
DA:108,1
DA:111,1
DA:114,1
DA:115,2
DA:122,7
DA:132,7
DA:133,14
DA:134,12
DA:135,12
DA:137,6
DA:138,0
DA:139,0
DA:142,6
DA:143,0
DA:145,6
DA:146,0
DA:149,0
DA:151,6
LF:57
LH:52
end_of_record
SF:lib\services\core\token_service.dart
DA:12,3
DA:18,2
DA:30,1
DA:32,2
DA:34,2
DA:35,2
DA:37,1
DA:42,2
DA:43,2
DA:44,2
DA:47,1
DA:48,1
DA:54,2
DA:56,1
DA:58,1
DA:59,2
DA:61,3
DA:63,2
DA:64,2
DA:65,1
DA:66,2
DA:67,1
DA:73,0
DA:81,1
DA:82,2
DA:83,1
DA:84,1
DA:87,1
DA:90,1
DA:96,1
DA:97,1
DA:102,1
DA:103,2
DA:104,1
DA:110,1
DA:111,1
LF:36
LH:35
end_of_record
SF:lib\services\api\bezirk_service.dart
DA:10,2
DA:24,1
DA:26,2
DA:29,2
DA:32,3
DA:33,0
DA:35,1
DA:38,2
DA:39,1
DA:44,1
DA:45,1
DA:47,2
DA:49,1
DA:50,1
DA:52,0
DA:53,0
DA:57,1
DA:58,1
DA:63,1
DA:64,1
DA:66,0
DA:67,0
DA:69,0
DA:74,1
DA:76,1
DA:77,2
DA:78,1
DA:80,1
DA:81,1
DA:83,1
DA:88,1
DA:89,1
DA:91,2
DA:93,1
DA:94,1
DA:96,1
DA:97,2
DA:101,1
DA:102,1
DA:107,1
DA:108,1
DA:110,1
DA:111,2
DA:113,1
DA:117,1
DA:119,2
DA:122,2
DA:125,1
DA:127,2
DA:128,1
DA:131,1
DA:132,1
DA:133,2
DA:134,1
DA:135,1
DA:136,1
DA:139,1
DA:141,1
DA:143,1
DA:144,1
DA:146,1
DA:147,1
DA:148,2
DA:149,1
DA:150,1
DA:151,1
DA:154,1
DA:156,1
DA:160,2
DA:162,1
DA:164,1
DA:165,1
DA:170,1
DA:171,1
DA:173,2
DA:174,1
LF:76
LH:70
end_of_record
SF:lib\services\api\oktoberfest_service.dart
DA:10,2
DA:16,1
DA:21,1
DA:25,1
DA:27,2
DA:28,1
DA:30,3
DA:31,1
DA:32,1
DA:33,2
DA:35,1
DA:36,2
DA:38,1
DA:41,2
DA:42,1
DA:46,1
DA:52,1
DA:56,1
DA:58,2
DA:59,1
DA:61,3
DA:62,1
DA:63,1
DA:64,2
DA:66,1
DA:67,2
DA:69,1
DA:72,2
DA:73,1
DA:79,1
DA:86,1
DA:91,1
DA:94,1
DA:98,2
DA:99,1
DA:100,2
DA:102,1
DA:103,1
DA:104,2
DA:109,1
DA:110,2
DA:114,2
DA:119,0
DA:125,0
DA:129,0
DA:131,0
DA:132,0
DA:133,0
DA:135,0
DA:136,0
DA:137,0
DA:138,0
DA:140,0
DA:141,0
DA:143,0
DA:146,0
DA:147,0
DA:151,0
DA:158,0
DA:163,0
DA:166,0
DA:170,0
DA:171,0
DA:172,0
DA:174,0
DA:175,0
DA:176,0
DA:181,0
DA:182,0
DA:186,0
LF:70
LH:42
end_of_record
SF:lib\services\api\rolls_and_rights_service.dart
DA:5,2
DA:9,1
LF:2
LH:2
end_of_record
SF:lib\services\api\workflow_service.dart
DA:6,2
DA:115,1
DA:121,1
DA:127,1
DA:133,1
DA:139,1
DA:143,1
DA:145,1
DA:148,1
DA:149,2
DA:150,1
DA:151,1
DA:161,1
DA:165,1
DA:170,1
LF:15
LH:15
end_of_record
SF:lib\services\api\starting_rights_service.dart
DA:7,2
DA:13,1
DA:14,1
DA:18,1
DA:21,1
DA:22,1
DA:27,2
DA:29,1
DA:30,1
DA:37,2
DA:38,1
DA:39,2
DA:42,1
DA:45,1
DA:46,1
DA:49,1
DA:50,1
DA:53,1
DA:54,1
DA:55,2
DA:56,1
DA:57,1
DA:59,2
DA:62,1
DA:63,1
DA:64,2
DA:65,2
DA:66,1
DA:67,2
DA:69,1
DA:72,2
DA:73,2
DA:75,2
DA:76,2
DA:78,2
DA:79,1
DA:80,1
DA:84,1
DA:86,1
DA:87,1
DA:88,1
DA:89,1
DA:94,2
DA:103,1
DA:104,1
DA:107,0
DA:108,0
DA:116,1
DA:117,1
DA:120,2
DA:122,2
DA:123,2
DA:124,1
DA:125,2
DA:126,1
DA:131,1
DA:132,2
DA:133,1
LF:58
LH:56
end_of_record
SF:lib\services\api\training_service.dart
DA:19,2
DA:34,1
DA:38,1
DA:39,2
DA:42,1
DA:43,2
DA:46,1
DA:47,2
DA:48,1
DA:51,1
DA:52,2
DA:53,1
DA:54,1
DA:55,2
DA:56,1
DA:57,1
DA:58,1
DA:59,1
DA:60,1
DA:61,1
DA:62,1
DA:65,1
DA:67,0
DA:69,0
DA:70,0
DA:71,0
DA:73,0
DA:74,0
DA:76,0
DA:77,0
DA:79,0
DA:81,0
DA:83,0
DA:88,1
DA:89,3
DA:90,1
DA:92,2
DA:93,1
DA:97,1
DA:98,1
DA:99,3
DA:100,1
DA:104,2
DA:105,1
DA:106,1
DA:107,2
DA:112,1
DA:114,0
DA:118,1
DA:119,1
DA:125,1
DA:134,1
DA:136,2
DA:138,1
DA:139,1
DA:143,2
DA:148,1
DA:149,1
DA:150,2
DA:154,2
DA:156,2
DA:160,2
DA:164,3
DA:166,1
DA:167,2
DA:172,1
DA:174,1
DA:175,2
DA:177,1
DA:180,0
DA:181,0
DA:185,1
DA:188,1
DA:189,0
DA:190,0
DA:193,2
DA:194,1
DA:195,0
DA:196,0
DA:201,1
DA:203,0
DA:207,1
DA:208,1
DA:211,1
DA:214,2
DA:215,1
DA:217,2
DA:218,1
DA:222,1
DA:223,1
DA:224,3
DA:225,1
DA:229,2
DA:230,1
DA:231,1
DA:232,2
DA:238,1
DA:239,1
DA:240,1
DA:241,1
DA:242,2
DA:243,1
DA:244,1
DA:245,1
DA:247,2
DA:249,2
DA:251,2
DA:252,1
DA:253,1
DA:254,1
DA:256,1
DA:259,0
DA:263,1
DA:264,1
DA:267,1
DA:270,1
DA:272,2
DA:274,2
DA:276,1
DA:277,1
DA:278,2
DA:284,1
DA:287,1
DA:289,1
DA:290,3
DA:291,1
DA:293,1
DA:296,1
DA:298,1
DA:299,2
DA:300,1
DA:302,0
DA:303,0
DA:307,1
DA:308,1
DA:309,3
DA:310,1
DA:314,2
DA:315,1
DA:316,1
DA:317,2
DA:323,1
DA:324,1
DA:325,1
DA:326,1
DA:327,2
DA:328,1
DA:329,1
DA:331,1
DA:333,1
DA:335,1
DA:336,1
DA:337,1
DA:338,1
DA:339,1
DA:340,1
DA:341,1
DA:342,1
DA:343,1
DA:344,1
DA:345,1
DA:346,1
DA:347,1
DA:348,1
DA:349,1
DA:350,2
DA:354,0
DA:358,1
DA:359,1
DA:362,1
DA:363,1
DA:365,8
DA:367,1
DA:369,2
DA:370,1
DA:371,3
DA:377,0
DA:378,0
DA:382,1
DA:385,3
DA:389,2
DA:392,1
DA:396,2
DA:401,1
DA:403,1
DA:405,3
DA:406,2
DA:411,1
DA:415,2
DA:421,1
DA:423,1
DA:424,2
DA:425,2
DA:427,0
DA:432,1
DA:434,2
DA:435,1
DA:437,0
DA:441,1
DA:443,2
DA:447,2
DA:450,1
DA:451,2
DA:452,1
DA:453,1
DA:456,2
DA:458,1
DA:459,2
DA:463,2
DA:467,1
DA:468,1
DA:470,0
DA:472,0
DA:473,0
DA:474,0
DA:476,0
DA:477,0
DA:479,0
DA:480,0
DA:482,0
DA:484,0
DA:486,0
DA:491,1
DA:492,3
DA:493,1
DA:495,2
DA:496,1
DA:501,1
DA:504,2
DA:505,1
DA:507,2
DA:512,1
DA:523,1
DA:525,1
DA:526,1
DA:527,1
DA:528,1
DA:529,1
DA:531,1
DA:532,1
DA:534,1
DA:535,1
DA:536,1
DA:543,1
DA:544,1
DA:545,1
DA:546,1
DA:547,1
DA:548,1
DA:549,1
DA:550,1
DA:552,1
DA:555,1
DA:562,2
DA:563,0
DA:567,0
DA:568,0
DA:573,2
DA:579,1
DA:583,1
DA:584,1
DA:588,1
DA:589,2
DA:595,1
DA:597,1
DA:598,1
DA:599,2
DA:600,0
DA:603,1
DA:605,1
DA:606,2
DA:611,0
DA:612,0
LF:273
LH:229
end_of_record
SF:lib\services\api\user_service.dart
DA:16,2
DA:27,1
DA:31,1
DA:33,1
DA:34,1
DA:38,1
DA:39,2
DA:44,1
DA:49,3
DA:50,1
DA:51,1
DA:55,1
DA:56,1
DA:70,1
DA:72,2
DA:73,2
DA:77,1
DA:78,2
DA:85,2
DA:89,1
DA:92,2
DA:93,1
DA:94,2
DA:95,1
DA:97,1
DA:98,2
DA:99,1
DA:101,1
DA:104,1
DA:108,0
DA:112,1
DA:116,1
DA:118,2
DA:123,1
DA:125,1
DA:126,1
DA:127,1
DA:128,1
DA:129,1
DA:130,1
DA:131,1
DA:132,1
DA:133,1
DA:136,1
DA:137,1
DA:141,2
DA:146,1
DA:147,1
DA:151,2
DA:152,1
DA:153,2
DA:156,2
DA:159,1
DA:160,1
DA:165,2
DA:171,1
DA:173,1
DA:174,2
DA:175,2
DA:177,2
DA:182,1
DA:184,2
DA:185,1
DA:187,2
DA:192,1
DA:193,1
DA:196,2
DA:197,2
DA:198,1
DA:200,0
DA:201,0
DA:203,0
DA:205,1
DA:208,1
DA:209,2
DA:211,1
DA:214,1
DA:215,0
DA:218,1
DA:219,1
DA:220,1
DA:224,1
DA:225,2
DA:226,2
DA:227,2
DA:228,2
DA:229,2
DA:230,1
DA:231,2
DA:232,2
DA:233,2
DA:234,2
DA:235,2
DA:236,2
DA:237,2
DA:238,2
DA:239,1
DA:240,1
DA:244,1
DA:250,1
DA:251,1
DA:255,1
DA:257,2
DA:258,1
DA:259,2
DA:260,3
DA:261,0
DA:264,3
DA:265,1
DA:267,2
DA:268,1
DA:272,1
DA:276,1
DA:277,1
DA:278,1
DA:279,1
DA:280,2
DA:281,3
DA:282,1
DA:283,1
DA:286,3
DA:287,1
DA:289,2
DA:290,1
DA:294,1
DA:295,1
DA:297,2
DA:299,1
DA:300,1
DA:301,1
DA:302,1
DA:303,1
DA:304,1
DA:307,1
DA:308,2
DA:310,1
DA:312,3
DA:313,1
DA:315,0
DA:318,1
DA:323,1
DA:324,1
DA:325,1
DA:326,1
DA:327,2
DA:328,3
DA:329,0
DA:331,4
DA:333,2
DA:334,1
DA:338,0
DA:339,0
DA:341,0
DA:343,0
DA:344,0
DA:345,0
DA:346,0
DA:347,0
DA:348,0
DA:349,0
DA:350,0
DA:351,0
DA:352,0
DA:353,0
DA:354,0
DA:355,0
DA:356,0
DA:359,0
DA:360,0
DA:362,0
DA:364,0
DA:365,0
DA:367,0
DA:370,1
DA:372,1
DA:373,2
DA:375,1
DA:379,2
DA:381,1
DA:382,0
DA:383,0
DA:388,1
DA:391,1
DA:392,1
DA:397,2
DA:398,2
DA:401,1
DA:402,1
DA:405,1
DA:406,1
DA:410,3
DA:411,1
DA:412,2
DA:413,1
DA:414,1
DA:415,1
DA:416,1
DA:419,1
DA:421,1
DA:425,3
DA:426,1
DA:427,0
DA:428,0
DA:429,0
DA:430,0
DA:431,0
DA:434,1
DA:437,2
DA:438,2
DA:441,1
DA:442,2
DA:444,1
DA:447,0
DA:448,0
DA:452,1
DA:454,1
DA:455,2
DA:459,2
DA:460,3
DA:465,3
DA:466,1
DA:467,1
DA:468,1
DA:471,2
DA:474,3
DA:477,1
DA:478,1
DA:483,2
DA:488,1
DA:497,1
DA:498,1
DA:504,1
DA:513,2
DA:515,2
DA:522,3
DA:525,1
DA:526,1
DA:531,2
DA:536,1
DA:538,2
DA:539,2
DA:540,1
DA:541,2
DA:543,1
DA:544,3
DA:545,1
DA:546,2
DA:550,2
DA:552,1
DA:553,2
DA:558,2
DA:563,1
DA:566,3
DA:567,1
DA:572,3
DA:574,2
DA:576,1
DA:577,3
DA:578,1
DA:579,2
DA:583,2
DA:585,1
DA:586,2
DA:591,2
DA:596,1
DA:598,1
DA:599,2
DA:601,1
DA:603,1
DA:604,0
DA:606,1
DA:607,2
DA:609,1
DA:612,3
DA:613,1
DA:615,2
DA:616,1
DA:620,1
DA:622,1
DA:623,1
DA:627,1
DA:628,2
DA:631,1
DA:634,2
DA:635,1
DA:636,1
DA:641,1
DA:642,1
DA:647,2
LF:289
LH:248
end_of_record
SF:lib\services\api\verein_service.dart
DA:9,2
DA:17,1
DA:20,2
DA:21,1
DA:23,2
DA:24,1
DA:29,1
DA:30,1
DA:32,2
DA:34,1
DA:35,1
DA:37,1
DA:38,2
DA:42,1
DA:43,1
DA:48,1
DA:49,1
DA:51,1
DA:52,2
DA:54,1
DA:59,1
DA:61,1
DA:62,2
DA:63,1
DA:65,1
DA:66,1
DA:68,1
DA:74,1
DA:75,1
DA:77,2
DA:79,1
DA:80,1
DA:82,1
DA:83,2
DA:87,1
DA:88,1
DA:93,1
DA:94,1
DA:96,1
DA:97,2
DA:99,1
DA:104,1
DA:107,2
DA:108,1
DA:110,2
DA:111,1
DA:116,1
DA:117,1
DA:119,2
DA:121,1
DA:122,1
DA:124,1
DA:125,2
DA:129,1
DA:130,1
DA:135,1
DA:136,1
DA:138,1
DA:139,2
DA:141,1
DA:152,1
DA:157,1
DA:158,2
DA:159,1
DA:161,1
DA:162,1
DA:164,1
DA:169,1
DA:170,1
DA:172,2
DA:174,1
DA:177,1
DA:178,2
DA:182,0
DA:183,0
DA:188,1
DA:189,1
DA:191,1
DA:192,2
DA:194,1
LF:80
LH:78
end_of_record
SF:lib\services\core\image_service.dart
DA:14,3
DA:29,1
DA:34,1
DA:35,2
DA:38,0
DA:39,0
DA:44,1
DA:45,1
DA:53,1
DA:57,1
DA:58,2
DA:61,0
DA:62,0
DA:64,0
DA:67,1
DA:68,1
DA:74,1
DA:78,1
DA:81,2
DA:83,1
DA:86,2
DA:90,1
DA:103,1
DA:104,1
DA:105,0
DA:107,0
DA:108,0
DA:109,0
DA:110,0
DA:111,0
DA:115,0
DA:121,0
DA:122,0
DA:123,0
DA:125,0
DA:129,0
DA:135,0
DA:136,0
DA:140,0
DA:141,0
DA:142,0
DA:147,0
DA:148,0
DA:150,0
DA:156,1
DA:162,1
DA:163,0
DA:164,0
DA:166,0
DA:167,0
DA:169,1
DA:170,1
DA:175,1
DA:180,1
DA:181,0
DA:183,0
DA:184,0
DA:185,0
DA:186,0
DA:191,1
DA:192,1
LF:61
LH:27
end_of_record
SF:lib\services\core\calendar_service.dart
DA:9,1
DA:17,1
DA:27,1
DA:28,1
DA:29,1
DA:30,1
DA:31,1
DA:32,1
DA:37,1
DA:43,0
DA:50,0
DA:51,0
DA:56,0
DA:57,0
DA:58,0
DA:59,0
DA:61,0
DA:67,0
DA:73,0
DA:80,0
DA:89,0
DA:90,0
DA:94,1
DA:95,1
DA:96,1
DA:97,1
DA:101,1
DA:103,4
DA:104,3
DA:105,3
DA:107,3
DA:108,3
DA:109,3
DA:114,1
DA:116,1
DA:117,1
DA:118,1
DA:119,1
DA:120,1
DA:124,1
DA:126,2
DA:127,1
DA:128,1
DA:132,1
DA:133,8
LF:45
LH:32
end_of_record
SF:lib\services\core\document_scanner_service.dart
DA:12,0
DA:14,0
DA:15,0
DA:22,0
DA:24,0
DA:30,0
DA:31,0
DA:32,0
DA:33,0
DA:35,0
DA:36,0
DA:39,0
DA:41,0
DA:44,0
DA:51,1
DA:59,1
DA:62,1
DA:63,1
DA:68,1
DA:71,1
DA:72,1
LF:21
LH:7
end_of_record
SF:lib\exceptions\base_exception.dart
DA:4,5
DA:15,3
DA:17,15
DA:18,3
DA:19,6
DA:21,3
DA:22,3
DA:24,3
DA:25,3
DA:27,3
LF:10
LH:10
end_of_record
SF:lib\exceptions\authentication_exception.dart
DA:4,1
LF:1
LH:1
end_of_record
SF:lib\exceptions\network_exception.dart
DA:4,2
LF:1
LH:1
end_of_record
SF:lib\exceptions\validation_exception.dart
DA:5,2
DA:14,1
DA:15,2
DA:16,1
DA:17,1
DA:18,1
LF:6
LH:6
end_of_record
SF:lib\screens\agb\agb_ausweis_screen.dart
DA:7,3
DA:67,2
DA:69,2
DA:70,2
DA:72,2
DA:78,2
DA:81,2
DA:82,2
DA:83,2
DA:89,2
DA:91,2
DA:92,4
DA:94,2
DA:95,2
DA:96,2
DA:98,2
DA:99,6
DA:100,4
DA:101,4
DA:102,2
DA:104,2
DA:105,2
DA:106,0
DA:110,2
DA:112,2
DA:113,4
DA:114,4
DA:115,2
DA:116,2
DA:119,2
DA:121,4
DA:122,4
DA:123,2
DA:124,2
DA:126,2
DA:127,2
DA:129,2
DA:132,2
DA:136,2
DA:138,2
DA:152,2
DA:153,0
LF:42
LH:40
end_of_record
SF:lib\screens\ausweis\ausweis_bestellen_screen.dart
DA:21,1
DA:32,1
DA:33,1
DA:39,1
DA:40,2
DA:41,1
DA:45,3
DA:46,3
DA:47,3
DA:50,2
DA:54,1
DA:65,1
DA:67,2
DA:68,1
DA:69,1
DA:71,2
DA:75,1
DA:84,1
DA:85,2
DA:86,1
DA:91,1
DA:92,1
DA:93,1
DA:95,2
DA:96,2
DA:97,2
DA:98,2
DA:103,3
DA:110,1
DA:111,2
DA:112,2
DA:116,1
DA:117,1
DA:119,0
DA:130,1
DA:131,1
DA:133,1
DA:134,3
DA:135,2
DA:139,1
DA:141,1
DA:142,1
DA:144,2
DA:145,2
DA:147,1
DA:148,1
DA:150,1
DA:151,1
DA:152,1
DA:154,1
DA:155,1
DA:156,1
DA:157,1
DA:158,1
DA:163,1
DA:164,1
DA:165,1
DA:166,4
DA:168,1
DA:170,1
DA:180,1
DA:181,1
DA:182,1
DA:184,1
DA:190,1
DA:191,1
DA:193,1
DA:197,1
DA:198,1
DA:199,1
DA:201,1
DA:206,1
DA:211,1
DA:214,1
DA:222,1
DA:225,1
DA:230,1
DA:234,2
DA:236,1
DA:239,1
DA:240,1
DA:245,0
DA:247,0
DA:257,1
DA:259,1
DA:263,1
DA:267,2
DA:269,1
DA:272,1
DA:273,1
DA:277,0
DA:279,0
DA:286,0
DA:290,0
DA:302,1
DA:304,1
DA:308,1
DA:312,2
DA:314,1
DA:317,1
DA:318,1
DA:320,1
DA:322,1
DA:323,1
DA:329,0
DA:331,0
DA:338,0
DA:339,0
DA:340,0
DA:341,0
DA:346,0
DA:347,0
DA:352,0
DA:353,0
DA:356,0
DA:373,1
DA:376,1
DA:382,1
DA:385,1
DA:386,1
DA:392,1
DA:393,1
DA:396,1
DA:398,1
DA:399,1
DA:400,1
DA:413,1
DA:414,1
DA:415,1
DA:418,1
DA:420,1
DA:421,1
DA:430,1
DA:432,1
DA:442,1
DA:446,1
DA:455,1
DA:459,1
DA:463,1
DA:467,1
DA:493,1
DA:499,1
DA:500,1
DA:503,1
DA:506,1
DA:507,1
DA:508,1
DA:521,1
DA:525,1
DA:529,1
DA:533,1
DA:574,1
DA:577,1
DA:578,1
DA:579,1
DA:586,3
DA:592,1
DA:594,1
DA:601,1
DA:602,1
DA:603,1
DA:604,1
DA:605,1
DA:606,1
DA:607,1
DA:608,1
DA:609,1
DA:611,0
DA:612,0
DA:613,0
DA:620,1
DA:621,1
DA:622,1
DA:623,1
DA:624,1
DA:625,1
DA:626,1
DA:627,1
DA:628,1
DA:630,0
DA:631,0
DA:632,0
DA:633,1
DA:634,1
DA:636,1
DA:637,1
DA:664,1
DA:666,1
DA:668,2
DA:669,2
DA:670,2
DA:672,1
DA:675,1
DA:676,1
DA:677,1
DA:679,1
DA:681,1
DA:686,1
DA:695,1
DA:696,1
DA:697,1
DA:699,1
DA:700,1
DA:705,1
DA:706,1
DA:707,1
LF:206
LH:182
end_of_record
SF:lib\screens\base_screen_layout.dart
DA:12,51
DA:41,51
DA:43,51
DA:45,51
DA:46,102
DA:49,51
DA:50,102
DA:51,51
DA:52,51
DA:53,51
DA:54,51
DA:58,51
DA:59,51
DA:61,102
DA:64,51
DA:66,51
DA:71,1
DA:72,2
DA:81,51
DA:82,51
DA:85,51
DA:86,51
DA:87,51
DA:88,51
DA:92,51
DA:93,102
DA:95,51
DA:96,51
LF:28
LH:28
end_of_record
SF:lib\screens\ausweis\ausweis_bestellen_success_screen.dart
DA:13,2
DA:24,2
DA:26,2
DA:28,2
DA:30,2
DA:31,2
DA:32,2
DA:33,2
DA:34,2
DA:36,2
DA:43,2
DA:46,2
DA:49,4
DA:50,2
DA:57,2
DA:60,1
DA:61,2
DA:63,3
LF:18
LH:18
end_of_record
SF:lib\widgets\keyboard_focus_profile_button.dart
DA:7,9
DA:18,9
DA:19,9
DA:26,9
DA:28,9
DA:29,27
DA:32,9
DA:34,27
DA:35,18
DA:36,9
DA:39,0
DA:40,0
DA:41,0
DA:45,9
DA:47,27
DA:48,9
DA:50,9
DA:52,18
DA:53,9
DA:54,9
DA:55,9
DA:56,9
DA:58,9
DA:59,9
DA:60,9
DA:61,0
DA:62,0
DA:67,9
DA:68,9
DA:69,0
DA:70,0
DA:71,0
DA:72,0
DA:73,0
DA:78,9
DA:80,9
DA:82,9
DA:84,0
DA:85,0
DA:86,0
DA:91,9
DA:92,18
DA:93,18
LF:43
LH:30
end_of_record
SF:lib\screens\ausweis\ausweis_screen.dart
DA:12,2
DA:24,2
DA:25,2
DA:31,2
DA:33,2
DA:34,4
DA:35,8
DA:38,2
DA:40,2
DA:42,4
DA:43,4
DA:44,4
DA:45,2
DA:48,2
DA:49,2
DA:51,2
DA:53,2
DA:54,2
DA:55,2
DA:56,4
DA:59,4
DA:60,1
DA:61,1
DA:64,1
DA:71,2
DA:73,2
DA:77,2
DA:79,2
DA:81,2
DA:82,2
DA:83,2
DA:87,2
DA:88,2
DA:93,2
DA:94,2
DA:97,4
DA:98,4
DA:100,2
DA:101,4
DA:105,1
DA:106,1
DA:107,1
DA:111,1
DA:112,2
DA:114,3
DA:133,2
DA:135,1
DA:136,2
DA:138,3
DA:142,2
LF:50
LH:50
end_of_record
SF:lib\screens\logo_widget.dart
DA:7,3
DA:9,10
DA:11,10
DA:12,20
DA:13,10
LF:5
LH:5
end_of_record
SF:lib\screens\menu\app_menu.dart
DA:37,52
DA:63,1
DA:64,2
DA:65,2
DA:69,1
DA:71,1
DA:72,2
DA:75,1
DA:77,1
DA:78,2
DA:81,1
DA:83,1
DA:84,2
DA:85,1
DA:87,1
DA:88,0
DA:89,0
DA:90,0
DA:91,0
DA:97,1
DA:99,1
DA:100,1
DA:101,2
DA:102,1
DA:104,1
DA:105,0
DA:106,0
DA:107,0
DA:108,0
DA:109,0
DA:116,1
DA:118,1
DA:119,2
DA:120,1
DA:122,1
DA:123,0
DA:124,0
DA:125,0
DA:126,0
DA:132,1
DA:134,1
DA:135,2
DA:136,1
DA:138,1
DA:139,0
DA:140,0
DA:141,0
DA:142,0
DA:148,1
DA:150,1
DA:151,2
DA:152,1
DA:154,1
DA:155,0
DA:156,0
DA:157,0
DA:158,0
DA:164,1
DA:166,1
DA:167,2
DA:168,1
DA:170,1
DA:171,0
DA:172,0
DA:173,0
DA:174,0
DA:180,1
DA:182,1
DA:183,2
DA:184,1
DA:186,1
DA:187,0
DA:188,0
DA:189,0
DA:190,0
DA:196,1
DA:198,1
DA:199,1
DA:204,4
DA:217,4
DA:219,4
DA:222,4
DA:224,4
DA:226,1
DA:227,2
DA:237,52
DA:245,52
DA:256,2
DA:258,2
DA:261,2
DA:262,2
DA:264,2
DA:265,2
DA:291,4
DA:292,2
DA:299,3
DA:301,2
DA:311,3
DA:313,2
DA:323,3
DA:325,2
DA:332,1
DA:333,2
DA:334,1
DA:336,2
DA:337,1
DA:338,1
DA:339,1
DA:346,2
DA:356,0
DA:357,0
DA:358,0
DA:359,0
DA:361,0
DA:362,0
DA:363,0
DA:364,0
DA:371,2
DA:381,3
DA:384,2
DA:394,3
DA:396,2
DA:406,3
DA:408,2
DA:418,3
DA:420,2
DA:427,3
DA:429,2
DA:439,4
DA:441,1
DA:443,1
DA:450,1
DA:451,2
DA:452,2
DA:456,1
DA:466,1
DA:467,2
DA:468,1
DA:472,1
DA:474,1
DA:476,1
DA:477,1
DA:483,1
DA:493,1
DA:494,2
DA:495,1
DA:499,1
DA:501,1
DA:503,2
DA:505,1
DA:506,1
DA:507,1
LF:152
LH:115
end_of_record
SF:lib\screens\connectivity_icon.dart
DA:8,0
DA:11,4
DA:13,53
DA:14,53
DA:23,53
DA:25,53
DA:26,53
DA:27,212
DA:28,53
DA:32,53
DA:34,106
DA:35,53
DA:38,53
DA:41,106
DA:43,0
DA:46,0
DA:47,0
DA:49,0
DA:50,0
DA:51,0
DA:55,1
DA:56,1
DA:57,1
DA:58,2
DA:59,2
DA:62,0
DA:63,0
DA:70,1
DA:71,2
DA:74,53
DA:79,53
DA:80,53
DA:82,1
DA:83,0
DA:95,53
DA:97,1
DA:98,0
DA:113,53
DA:116,1
DA:117,0
DA:133,53
DA:135,53
DA:136,0
DA:152,1
DA:159,1
DA:163,1
DA:169,53
LF:47
LH:34
end_of_record
SF:lib\screens\beduerfnisse\beduerfnisantrag_step1_screen.dart
DA:18,1
DA:35,1
DA:37,1
DA:43,0
DA:44,0
DA:46,0
DA:47,0
DA:50,0
DA:51,0
DA:52,0
DA:53,0
DA:55,0
DA:56,0
DA:57,0
DA:60,0
DA:75,1
DA:77,1
DA:78,2
DA:79,1
DA:83,1
DA:84,2
DA:86,2
DA:87,1
DA:88,1
DA:91,2
DA:92,1
DA:93,2
DA:94,3
DA:95,2
DA:97,1
DA:98,2
DA:99,4
DA:104,1
DA:106,2
DA:107,1
DA:110,1
DA:112,1
DA:113,1
DA:114,1
DA:120,1
DA:122,2
DA:123,2
DA:124,2
DA:125,1
DA:126,4
DA:127,1
DA:130,1
DA:131,1
DA:136,1
DA:141,0
DA:142,0
DA:143,0
DA:148,1
DA:150,1
DA:152,2
DA:153,1
DA:159,1
DA:164,0
DA:168,2
DA:169,1
DA:171,1
DA:177,1
DA:182,0
DA:183,0
DA:195,1
DA:197,1
DA:202,1
DA:204,1
DA:206,1
DA:208,1
DA:212,1
DA:214,1
DA:216,2
DA:217,1
DA:224,1
DA:228,1
DA:230,1
DA:232,2
DA:233,1
DA:240,1
DA:244,1
DA:246,1
DA:247,1
DA:249,3
DA:251,2
DA:254,1
DA:256,1
DA:263,1
DA:265,1
DA:267,2
DA:268,1
DA:272,1
DA:274,2
DA:276,0
DA:277,0
DA:278,0
DA:284,1
DA:286,3
DA:288,2
DA:291,1
DA:293,1
DA:300,1
DA:302,1
DA:304,2
DA:305,1
DA:309,1
DA:311,2
DA:313,1
DA:314,2
DA:315,1
DA:327,1
DA:330,1
DA:332,1
DA:333,1
DA:335,3
DA:337,2
DA:340,1
DA:342,1
DA:349,1
DA:351,1
DA:353,2
DA:354,1
DA:358,1
DA:360,2
DA:362,0
DA:363,0
DA:364,0
DA:370,1
DA:372,3
DA:374,2
DA:377,1
DA:379,1
DA:386,1
DA:388,1
DA:390,2
DA:391,1
DA:395,1
DA:397,2
DA:399,1
DA:400,2
DA:401,1
DA:413,1
DA:417,1
DA:419,1
DA:420,1
DA:424,1
DA:426,1
DA:428,2
DA:429,1
DA:434,1
DA:436,3
DA:438,2
DA:441,1
DA:443,1
DA:450,1
DA:452,1
DA:454,2
DA:455,1
DA:459,1
DA:461,2
DA:463,0
DA:464,0
DA:465,0
DA:471,1
DA:473,3
DA:475,2
DA:478,1
DA:480,1
DA:487,1
DA:489,1
DA:491,2
DA:492,1
DA:496,1
DA:498,2
DA:500,1
DA:501,2
DA:502,1
DA:514,1
DA:516,3
DA:519,1
DA:521,1
DA:522,1
DA:525,3
DA:527,1
DA:528,3
DA:529,1
DA:531,2
DA:532,1
DA:538,1
DA:541,3
DA:543,3
DA:544,2
DA:545,1
DA:546,1
DA:547,2
DA:549,1
DA:550,1
DA:551,1
DA:558,1
DA:560,2
DA:561,1
DA:571,1
DA:575,1
DA:577,1
DA:578,1
DA:582,1
DA:584,1
DA:586,2
DA:587,1
DA:592,1
DA:595,2
DA:597,2
DA:600,2
DA:601,1
DA:602,1
DA:604,2
DA:606,0
DA:607,0
DA:608,0
DA:615,1
DA:617,1
DA:619,1
DA:621,1
DA:623,2
DA:624,1
DA:628,1
DA:630,1
DA:632,1
DA:634,2
DA:635,1
DA:640,1
DA:642,2
DA:643,1
DA:653,1
DA:657,1
DA:659,1
DA:661,2
DA:662,1
DA:680,0
DA:681,0
DA:685,0
DA:686,0
DA:689,0
DA:691,0
DA:692,0
DA:693,0
DA:694,0
DA:695,0
DA:696,0
DA:697,0
DA:698,0
DA:699,0
DA:700,0
DA:701,0
DA:703,0
DA:704,0
DA:705,0
DA:706,0
DA:707,0
DA:708,0
DA:711,0
DA:713,0
DA:715,0
DA:719,0
DA:727,0
DA:728,0
DA:729,0
DA:736,0
DA:737,0
DA:738,0
DA:739,0
DA:740,0
DA:742,0
DA:744,0
DA:748,0
DA:749,0
DA:751,0
DA:753,0
DA:754,0
DA:755,0
DA:756,0
DA:762,0
DA:763,0
DA:764,0
DA:765,0
DA:766,0
DA:772,0
DA:773,0
DA:774,0
DA:775,0
DA:781,0
DA:782,0
DA:785,0
DA:786,0
DA:790,0
DA:793,0
DA:794,0
DA:804,0
DA:805,0
DA:806,0
DA:809,0
DA:810,0
DA:811,0
DA:818,0
DA:822,0
DA:823,0
DA:824,0
DA:825,0
DA:827,0
DA:828,0
DA:830,0
DA:831,0
DA:833,0
LF:313
LH:208
end_of_record
SF:lib\screens\beduerfnisse\beduerfnisantrag_step2_screen.dart
DA:25,1
DA:42,1
DA:44,1
DA:54,1
DA:56,1
DA:57,2
DA:58,2
DA:59,2
DA:60,2
DA:61,2
DA:64,1
DA:65,1
DA:66,1
DA:68,2
DA:69,3
DA:71,0
DA:74,0
DA:75,0
DA:77,0
DA:78,0
DA:79,0
DA:80,0
DA:81,0
DA:83,0
DA:84,0
DA:85,0
DA:86,0
DA:87,0
DA:88,0
DA:89,0
DA:94,0
DA:95,0
DA:100,1
DA:101,2
DA:102,3
DA:103,1
DA:106,3
DA:108,0
DA:110,1
DA:112,0
DA:113,0
DA:114,0
DA:116,0
DA:120,0
DA:121,0
DA:124,0
DA:125,0
DA:126,0
DA:127,0
DA:128,0
DA:129,0
DA:131,0
DA:140,0
DA:141,0
DA:144,0
DA:145,0
DA:146,0
DA:154,0
DA:159,0
DA:161,0
DA:168,0
DA:169,0
DA:170,0
DA:171,0
DA:172,0
DA:176,0
DA:177,0
DA:179,0
DA:180,0
DA:182,0
DA:189,0
DA:197,0
DA:219,1
DA:220,1
DA:221,1
DA:223,2
DA:225,1
DA:226,1
DA:227,1
DA:228,0
DA:236,1
DA:238,1
DA:239,1
DA:241,2
DA:244,0
DA:245,0
DA:252,1
DA:253,1
DA:256,2
DA:259,3
DA:260,3
DA:263,1
DA:264,1
DA:267,2
DA:268,1
DA:269,1
DA:272,2
DA:273,2
DA:277,1
DA:278,1
DA:280,2
DA:283,0
DA:284,0
DA:289,0
DA:290,0
DA:291,0
DA:293,0
DA:295,0
DA:296,0
DA:297,0
DA:303,1
DA:305,1
DA:306,1
DA:307,1
DA:314,1
DA:316,2
DA:317,2
DA:318,2
DA:319,1
DA:320,4
DA:321,1
DA:324,1
DA:325,1
DA:327,1
DA:328,1
DA:334,1
DA:339,1
DA:340,1
DA:347,1
DA:350,1
DA:352,2
DA:353,1
DA:358,1
DA:359,1
DA:363,2
DA:364,1
DA:365,1
DA:370,1
DA:371,1
DA:382,1
DA:384,1
DA:387,1
DA:389,1
DA:391,1
DA:393,1
DA:396,1
DA:398,1
DA:400,2
DA:401,1
DA:408,1
DA:409,2
DA:410,1
DA:411,1
DA:412,1
DA:413,1
DA:415,1
DA:419,2
DA:426,1
DA:427,0
DA:428,0
DA:429,0
DA:436,2
DA:437,0
DA:439,2
DA:440,0
DA:442,2
DA:443,0
DA:445,2
DA:448,1
DA:449,4
DA:451,1
DA:452,4
DA:454,1
DA:455,1
DA:456,3
DA:459,1
DA:460,1
DA:462,1
DA:464,2
DA:465,1
DA:470,1
DA:472,1
DA:473,1
DA:477,2
DA:478,1
DA:480,1
DA:482,2
DA:483,1
DA:488,2
DA:490,2
DA:493,2
DA:496,1
DA:497,1
DA:498,1
DA:502,1
DA:504,6
DA:506,7
DA:507,1
DA:509,1
DA:513,1
DA:517,1
DA:518,1
DA:519,1
DA:522,1
DA:523,1
DA:526,1
DA:528,1
DA:529,1
DA:533,1
DA:534,1
DA:535,1
DA:536,1
DA:539,1
DA:544,1
DA:546,1
DA:557,1
DA:558,1
DA:559,1
DA:561,1
DA:563,1
DA:565,1
DA:569,2
DA:571,1
DA:582,1
DA:583,1
DA:584,1
DA:587,1
DA:592,1
DA:594,1
DA:605,1
DA:606,1
DA:608,1
DA:612,2
DA:614,1
DA:625,1
DA:626,1
DA:627,1
DA:630,1
DA:635,1
DA:637,1
DA:648,1
DA:649,1
DA:655,1
DA:662,1
DA:664,1
DA:677,1
DA:678,1
DA:682,1
DA:683,1
DA:684,1
DA:685,1
DA:688,1
DA:692,1
DA:694,1
DA:705,1
DA:706,1
DA:708,1
DA:712,2
DA:714,1
DA:721,1
DA:727,1
DA:728,1
DA:729,1
DA:732,1
DA:737,1
DA:739,1
DA:750,1
DA:751,1
DA:753,1
DA:757,2
DA:759,1
DA:767,1
DA:768,1
DA:774,1
DA:775,1
DA:776,1
DA:779,1
DA:784,1
DA:786,1
DA:797,1
DA:798,1
DA:799,2
DA:800,1
DA:804,2
DA:806,1
DA:816,1
DA:820,1
DA:822,1
DA:828,1
DA:829,1
DA:831,0
DA:834,1
DA:839,2
DA:846,1
DA:847,2
DA:849,0
DA:856,0
DA:859,0
DA:860,0
DA:861,0
DA:869,0
DA:870,0
DA:874,0
DA:875,0
DA:879,0
DA:880,0
DA:887,0
DA:888,0
DA:894,0
DA:897,0
DA:898,0
DA:915,1
DA:917,1
DA:919,1
DA:921,1
DA:927,1
DA:929,1
DA:931,1
DA:934,1
DA:939,2
DA:946,1
DA:948,2
DA:950,1
DA:954,1
DA:959,1
DA:960,1
DA:961,1
DA:964,1
DA:965,1
DA:966,1
DA:974,1
DA:975,1
DA:979,0
DA:980,0
DA:984,0
DA:985,0
DA:992,1
DA:993,1
DA:999,1
DA:1002,1
DA:1003,1
DA:1023,1
DA:1024,1
DA:1029,1
DA:1030,2
DA:1033,1
DA:1037,2
DA:1039,1
DA:1046,2
DA:1047,4
DA:1050,1
DA:1053,1
DA:1056,1
DA:1057,1
DA:1063,1
DA:1071,1
DA:1072,1
DA:1073,1
DA:1078,1
DA:1082,1
DA:1084,1
DA:1085,0
DA:1086,0
DA:1090,1
DA:1095,1
DA:1102,1
DA:1104,1
DA:1138,1
DA:1139,1
DA:1142,2
DA:1143,0
DA:1150,1
DA:1151,1
DA:1152,1
DA:1154,2
DA:1155,2
DA:1156,2
DA:1157,2
DA:1158,2
DA:1159,2
DA:1160,2
LF:381
LH:288
end_of_record
SF:lib\screens\beduerfnisse\beduerfnisantrag_step2_dialog_screen.dart
DA:19,2
DA:30,2
DA:32,2
DA:53,2
DA:55,2
DA:57,4
DA:58,4
DA:59,4
DA:60,4
DA:63,4
DA:64,0
DA:65,0
DA:66,0
DA:67,0
DA:68,0
DA:69,0
DA:70,0
DA:71,0
DA:72,0
DA:73,0
DA:76,2
DA:77,4
DA:78,16
DA:82,5
DA:83,2
DA:85,4
DA:86,0
DA:90,2
DA:92,4
DA:93,4
DA:94,2
DA:97,2
DA:99,4
DA:101,8
DA:103,6
DA:104,2
DA:105,0
DA:111,0
DA:112,0
DA:115,0
DA:117,0
DA:124,0
DA:125,0
DA:129,0
DA:130,0
DA:134,0
DA:135,0
DA:140,0
DA:141,0
DA:142,0
DA:143,0
DA:146,0
DA:148,0
DA:150,0
DA:151,0
DA:152,0
DA:153,0
DA:156,0
DA:164,0
DA:165,0
DA:168,0
DA:176,0
DA:177,0
DA:178,0
DA:180,0
DA:182,0
DA:184,0
DA:185,0
DA:186,0
DA:192,0
DA:193,0
DA:194,0
DA:196,0
DA:198,0
DA:200,0
DA:202,0
DA:206,0
DA:207,0
DA:209,0
DA:211,0
DA:213,0
DA:215,0
DA:221,1
DA:222,1
DA:223,1
DA:224,2
DA:228,0
DA:229,0
DA:230,0
DA:235,1
DA:236,1
DA:237,1
DA:239,1
DA:240,1
DA:241,1
DA:242,1
DA:243,1
DA:245,1
DA:246,1
DA:248,1
DA:250,1
DA:251,1
DA:252,1
DA:254,1
DA:256,1
DA:258,1
DA:260,1
DA:261,1
DA:266,1
DA:269,0
DA:270,0
DA:271,0
DA:272,0
DA:273,0
DA:279,1
DA:282,4
DA:284,1
DA:285,4
DA:286,1
DA:291,1
DA:296,1
DA:299,0
DA:300,0
DA:301,0
DA:302,0
DA:303,0
DA:314,1
DA:316,1
DA:321,1
DA:322,0
DA:329,1
DA:331,1
DA:333,1
DA:337,1
DA:341,1
DA:342,8
DA:343,1
DA:353,1
DA:356,1
DA:358,1
DA:359,1
DA:364,1
DA:368,0
DA:369,0
DA:378,1
DA:383,1
DA:387,0
DA:388,0
DA:407,1
DA:408,1
DA:410,1
DA:411,2
DA:413,1
DA:416,1
DA:423,1
DA:426,1
DA:431,3
DA:432,4
DA:433,1
DA:434,1
DA:436,1
DA:439,2
DA:440,3
DA:444,2
DA:445,3
DA:447,3
DA:448,3
DA:449,3
DA:451,4
DA:452,4
DA:453,4
DA:454,2
DA:456,1
DA:457,1
DA:458,0
DA:459,0
DA:460,1
DA:463,1
DA:466,1
DA:474,1
DA:476,1
DA:478,1
DA:479,1
DA:480,1
DA:481,1
DA:501,3
DA:502,3
DA:506,1
DA:507,3
DA:508,2
DA:509,1
DA:510,1
DA:515,3
DA:516,1
DA:520,1
DA:523,1
DA:538,2
DA:541,0
DA:542,0
DA:543,0
DA:544,0
DA:545,0
DA:546,0
DA:547,0
DA:548,0
DA:553,0
DA:554,0
DA:558,0
DA:561,0
DA:563,0
DA:565,0
DA:566,0
DA:570,0
DA:571,0
DA:572,0
DA:573,0
DA:574,0
DA:575,0
DA:576,0
DA:577,0
DA:578,0
DA:579,0
DA:581,0
DA:583,0
DA:584,0
DA:585,0
DA:586,0
DA:587,0
DA:588,0
DA:589,0
DA:590,0
DA:591,0
DA:592,0
DA:594,0
DA:595,0
DA:601,0
DA:605,0
DA:606,0
DA:610,0
DA:612,0
DA:613,0
DA:617,0
DA:621,0
DA:622,0
DA:623,0
DA:624,0
DA:626,0
DA:630,0
DA:631,0
DA:634,0
DA:635,0
DA:637,0
DA:639,0
DA:640,0
DA:641,0
DA:642,0
DA:644,0
DA:647,0
DA:648,0
DA:652,0
DA:655,0
DA:656,0
DA:663,0
DA:664,0
DA:670,0
DA:672,0
DA:673,0
DA:674,0
DA:676,0
DA:677,0
DA:678,0
DA:679,0
DA:681,0
DA:682,0
DA:685,0
DA:688,0
DA:690,0
DA:693,0
DA:694,0
DA:695,0
DA:696,0
DA:699,0
DA:701,0
DA:702,0
DA:711,0
DA:712,0
DA:721,0
DA:724,0
DA:725,0
DA:726,0
DA:729,0
DA:730,0
DA:731,0
DA:737,2
DA:739,2
DA:740,2
DA:741,2
DA:746,2
DA:747,2
DA:750,2
DA:752,2
DA:756,2
DA:762,2
DA:763,2
DA:764,2
DA:766,2
DA:767,2
DA:768,2
DA:769,2
DA:770,2
DA:771,2
DA:774,2
DA:776,2
DA:779,2
DA:781,2
DA:783,4
DA:784,2
DA:794,2
DA:797,2
DA:799,2
DA:801,2
DA:806,6
DA:807,2
DA:808,2
DA:810,2
DA:812,2
DA:816,4
DA:818,2
DA:820,2
DA:825,2
DA:827,2
DA:837,2
DA:839,2
DA:864,2
DA:866,2
DA:867,2
DA:870,4
DA:872,2
DA:875,0
DA:876,0
DA:877,0
DA:880,2
DA:882,2
DA:883,2
DA:884,2
DA:888,1
DA:889,2
DA:890,1
DA:895,2
DA:896,2
DA:900,2
DA:904,4
DA:906,2
DA:921,2
DA:922,2
DA:923,2
DA:924,4
DA:930,2
DA:936,2
DA:938,2
DA:939,0
DA:940,0
DA:942,4
DA:950,2
DA:953,4
DA:956,2
DA:957,2
DA:963,2
DA:964,0
DA:965,0
DA:966,0
DA:967,0
DA:970,0
DA:974,0
DA:976,0
DA:983,2
DA:984,0
DA:985,0
DA:986,0
DA:989,2
DA:993,2
DA:995,2
DA:1004,2
DA:1006,2
DA:1026,2
DA:1027,2
DA:1028,2
DA:1029,4
DA:1035,2
DA:1041,2
DA:1043,2
DA:1044,0
DA:1045,0
DA:1046,0
DA:1048,4
DA:1055,2
DA:1058,4
DA:1061,2
DA:1062,2
DA:1068,2
DA:1069,0
DA:1071,0
DA:1072,0
DA:1073,0
DA:1076,0
DA:1080,0
DA:1082,0
DA:1089,2
DA:1090,0
DA:1091,0
DA:1092,0
DA:1095,2
DA:1100,2
DA:1102,2
DA:1111,2
DA:1113,2
DA:1133,2
DA:1134,2
DA:1135,2
DA:1136,4
DA:1142,2
DA:1149,2
DA:1151,2
DA:1152,0
DA:1153,0
DA:1154,0
DA:1156,4
DA:1164,2
DA:1167,6
DA:1170,2
DA:1171,2
DA:1177,2
DA:1180,0
DA:1181,0
DA:1182,0
DA:1183,0
DA:1186,0
DA:1190,0
DA:1192,0
DA:1199,2
DA:1200,0
DA:1201,0
DA:1202,0
DA:1205,2
DA:1207,2
DA:1212,2
DA:1214,2
DA:1223,2
DA:1225,2
DA:1245,2
DA:1246,2
DA:1247,2
DA:1248,2
DA:1251,4
DA:1253,8
DA:1254,2
DA:1256,2
DA:1261,2
DA:1262,2
DA:1263,2
DA:1267,2
DA:1271,4
DA:1273,2
DA:1275,2
DA:1277,2
DA:1282,2
DA:1284,2
DA:1294,2
DA:1296,2
DA:1318,2
DA:1323,2
DA:1325,2
DA:1327,4
DA:1328,2
DA:1337,2
DA:1338,2
DA:1339,2
DA:1340,2
DA:1342,2
DA:1344,4
DA:1346,2
DA:1349,2
DA:1351,2
DA:1353,2
DA:1355,2
DA:1357,0
DA:1358,0
DA:1359,0
DA:1361,0
DA:1363,0
DA:1372,0
DA:1373,0
DA:1379,0
DA:1382,0
DA:1389,0
DA:1390,0
DA:1397,0
DA:1399,0
DA:1401,0
DA:1402,0
DA:1403,0
DA:1406,0
DA:1407,0
DA:1409,0
DA:1421,0
DA:1429,0
DA:1431,0
DA:1432,0
DA:1438,0
DA:1441,0
DA:1442,0
DA:1444,0
DA:1446,0
DA:1449,0
DA:1451,0
DA:1464,0
DA:1465,0
DA:1468,0
DA:1470,0
DA:1481,0
DA:1482,0
DA:1485,0
DA:1486,0
DA:1488,0
DA:1489,0
DA:1490,0
DA:1491,0
DA:1498,2
DA:1500,2
DA:1517,2
DA:1519,2
DA:1531,2
DA:1535,2
DA:1539,4
DA:1541,2
DA:1551,2
DA:1552,2
DA:1554,2
DA:1556,4
DA:1558,2
DA:1561,2
DA:1563,2
DA:1565,2
DA:1567,2
DA:1569,0
DA:1570,0
DA:1573,2
DA:1575,2
DA:1592,2
DA:1594,2
DA:1606,2
DA:1610,2
DA:1614,4
DA:1616,2
DA:1625,2
DA:1626,2
DA:1629,2
DA:1641,2
DA:1644,2
DA:1645,2
DA:1646,2
DA:1648,2
DA:1652,2
DA:1659,2
DA:1661,1
DA:1663,1
DA:1665,0
DA:1669,0
DA:1670,0
DA:1673,1
DA:1674,2
DA:1683,2
DA:1686,2
DA:1687,2
DA:1688,2
DA:1691,2
DA:1694,2
DA:1700,2
DA:1701,2
DA:1702,0
DA:1706,4
DA:1708,2
DA:1709,0
DA:1712,2
DA:1735,2
DA:1736,0
DA:1737,0
DA:1739,0
DA:1740,0
DA:1742,0
DA:1757,2
DA:1758,0
DA:1759,0
DA:1761,0
DA:1762,0
DA:1764,0
LF:596
LH:323
end_of_record
SF:lib\widgets\delete_confirm_dialog.dart
DA:9,4
DA:21,4
DA:24,8
DA:26,4
DA:28,4
DA:29,4
DA:31,4
DA:33,4
DA:36,4
DA:37,4
DA:38,4
DA:39,4
DA:40,4
DA:41,8
DA:47,4
DA:48,4
DA:49,4
DA:50,8
DA:55,4
DA:59,4
DA:61,4
DA:62,4
DA:64,4
DA:65,4
DA:66,4
DA:68,4
DA:70,4
DA:71,4
DA:73,8
DA:79,4
DA:81,4
DA:82,4
DA:83,4
DA:85,4
DA:87,4
DA:88,4
DA:90,8
LF:37
LH:37
end_of_record
SF:lib\screens\beduerfnisse\beduerfnisantrag_step3_screen.dart
DA:20,2
DA:37,2
DA:39,2
DA:48,2
DA:50,2
DA:51,4
DA:54,2
DA:55,4
DA:56,6
DA:57,0
DA:61,2
DA:62,6
DA:67,0
DA:71,0
DA:74,0
DA:76,0
DA:77,0
DA:84,0
DA:86,0
DA:89,0
DA:90,0
DA:91,0
DA:92,0
DA:93,0
DA:94,0
DA:95,0
DA:104,0
DA:105,0
DA:108,0
DA:109,0
DA:110,0
DA:118,0
DA:120,0
DA:125,0
DA:126,0
DA:127,0
DA:128,0
DA:129,0
DA:133,0
DA:134,0
DA:136,0
DA:153,1
DA:154,1
DA:155,1
DA:158,2
DA:161,0
DA:162,3
DA:166,1
DA:168,2
DA:169,2
DA:171,1
DA:173,2
DA:174,2
DA:177,3
DA:184,2
DA:186,2
DA:187,2
DA:188,2
DA:192,2
DA:194,4
DA:195,4
DA:196,4
DA:197,2
DA:198,8
DA:199,2
DA:202,2
DA:203,2
DA:205,2
DA:207,2
DA:208,3
DA:214,2
DA:217,2
DA:219,2
DA:225,1
DA:226,1
DA:229,2
DA:230,3
DA:233,1
DA:235,0
DA:236,0
DA:244,2
DA:249,1
DA:250,2
DA:251,1
DA:252,1
DA:253,1
DA:254,2
DA:255,2
DA:256,2
DA:257,2
DA:258,2
DA:259,2
DA:272,2
DA:275,2
DA:277,2
DA:279,2
DA:281,2
DA:284,2
DA:286,2
DA:288,4
DA:296,2
DA:298,2
DA:299,4
DA:314,2
DA:317,2
DA:319,2
DA:321,4
DA:328,2
DA:329,2
DA:330,2
DA:331,4
DA:337,2
DA:338,3
DA:340,1
DA:341,1
DA:346,1
DA:349,1
DA:350,1
DA:351,1
DA:352,1
DA:356,1
DA:361,1
DA:362,1
DA:363,0
DA:368,1
DA:370,1
DA:371,1
DA:377,0
DA:379,1
DA:384,2
LF:130
LH:95
end_of_record
SF:lib\screens\beduerfnisse\beduerfnisantrag_step3_dialog_screen.dart
DA:11,2
DA:19,2
DA:21,2
DA:30,1
DA:31,2
DA:32,1
DA:34,2
DA:35,3
DA:36,1
DA:38,1
DA:39,1
DA:40,1
DA:47,2
DA:48,1
DA:49,2
DA:50,1
DA:56,1
DA:60,1
DA:61,4
DA:62,1
DA:65,1
DA:67,2
DA:68,1
DA:70,1
DA:72,0
DA:73,0
DA:77,0
DA:78,0
DA:79,0
DA:80,0
DA:81,0
DA:85,0
DA:86,0
DA:87,0
DA:89,0
DA:91,0
DA:92,0
DA:95,0
DA:97,0
DA:100,0
DA:101,0
DA:103,0
DA:107,1
DA:108,1
DA:109,4
DA:110,1
DA:113,0
DA:114,0
DA:117,0
DA:119,0
DA:120,0
DA:124,0
DA:125,0
DA:126,0
DA:127,0
DA:131,0
DA:132,0
DA:133,0
DA:134,0
DA:135,0
DA:137,0
DA:138,0
DA:141,0
DA:143,0
DA:146,0
DA:147,0
DA:149,0
DA:153,2
DA:155,4
DA:156,2
DA:159,2
DA:161,2
DA:162,2
DA:163,2
DA:168,2
DA:169,2
DA:172,2
DA:174,2
DA:175,2
DA:176,2
DA:178,2
DA:181,2
DA:183,2
DA:184,2
DA:185,2
DA:191,2
DA:192,2
DA:194,2
DA:196,4
DA:197,2
DA:206,3
DA:208,1
DA:210,1
DA:211,1
DA:212,1
DA:216,1
DA:217,1
DA:224,1
DA:225,1
DA:226,1
DA:227,1
DA:230,2
DA:231,1
DA:239,2
DA:240,2
DA:241,2
DA:242,2
DA:243,2
DA:246,2
DA:247,2
DA:256,2
DA:258,4
DA:259,2
DA:262,2
DA:263,2
DA:265,2
DA:268,4
DA:269,2
DA:272,2
DA:273,2
DA:274,2
DA:275,2
DA:276,2
DA:278,2
DA:280,2
DA:281,2
DA:285,2
DA:287,2
DA:289,2
DA:290,2
DA:294,2
DA:302,2
DA:303,2
DA:312,2
DA:313,2
DA:315,2
DA:317,2
DA:320,2
DA:324,2
DA:326,2
DA:328,2
DA:329,2
DA:333,2
DA:341,2
DA:342,2
DA:352,2
DA:356,2
DA:359,2
DA:363,3
DA:370,2
DA:371,1
DA:372,1
DA:373,1
DA:375,1
DA:379,1
DA:380,1
DA:382,1
DA:389,1
DA:391,1
LF:159
LH:120
end_of_record
SF:lib\screens\beduerfnisse\beduerfnisantrag_step4_screen.dart
DA:19,2
DA:36,2
DA:38,2
DA:44,3
DA:45,3
DA:46,3
DA:47,3
DA:48,3
DA:50,2
DA:52,2
DA:54,4
DA:55,3
DA:56,2
DA:57,2
DA:58,2
DA:59,2
DA:61,3
DA:63,2
DA:66,2
DA:68,10
DA:69,4
DA:70,6
DA:75,2
DA:76,10
DA:77,0
DA:80,2
DA:81,2
DA:82,6
DA:85,3
DA:86,1
DA:90,0
DA:94,0
DA:95,0
DA:98,0
DA:99,0
DA:100,0
DA:106,0
DA:109,0
DA:110,0
DA:113,0
DA:116,0
DA:117,0
DA:121,0
DA:124,0
DA:125,0
DA:127,0
DA:129,0
DA:130,0
DA:131,0
DA:132,0
DA:136,0
DA:137,0
DA:138,0
DA:139,0
DA:144,2
DA:146,2
DA:148,4
DA:149,4
DA:150,4
DA:151,2
DA:152,8
DA:153,2
DA:156,2
DA:157,2
DA:159,2
DA:160,2
DA:161,0
DA:167,2
DA:170,2
DA:171,4
DA:172,8
DA:173,1
DA:178,0
DA:179,0
DA:183,4
DA:184,8
DA:185,1
DA:186,2
DA:191,1
DA:192,2
DA:193,1
DA:195,2
DA:196,2
DA:197,2
DA:198,2
DA:199,2
DA:200,2
DA:201,2
DA:213,2
DA:215,2
DA:217,2
DA:219,2
DA:220,2
DA:223,2
DA:240,2
DA:241,4
DA:242,2
DA:243,2
DA:244,2
DA:245,2
DA:246,2
DA:247,2
DA:249,2
DA:250,4
DA:253,2
DA:254,0
DA:256,2
DA:257,4
DA:259,3
DA:260,2
DA:261,2
DA:262,2
DA:263,2
DA:264,1
DA:265,1
DA:266,1
DA:268,2
DA:269,2
DA:270,2
DA:271,2
DA:272,2
DA:275,2
DA:276,2
DA:278,2
DA:279,2
DA:281,2
DA:282,2
DA:284,2
DA:285,2
DA:286,0
DA:287,0
DA:288,0
DA:289,0
DA:291,2
DA:292,2
DA:295,2
DA:301,1
DA:302,1
DA:303,1
DA:305,1
DA:314,2
DA:315,1
DA:319,1
DA:320,1
DA:321,1
DA:325,1
DA:328,1
DA:329,1
DA:332,1
DA:334,1
DA:335,1
DA:338,1
DA:339,1
DA:341,3
DA:343,1
DA:350,1
DA:352,1
DA:353,1
DA:356,1
DA:363,1
DA:365,1
DA:366,1
DA:369,1
DA:376,1
DA:378,1
DA:379,1
DA:382,1
DA:392,1
DA:393,1
DA:396,1
DA:397,1
DA:399,1
DA:401,1
DA:408,1
DA:410,2
DA:413,1
DA:420,1
DA:422,2
DA:424,1
DA:431,1
DA:433,2
DA:436,1
DA:447,1
DA:448,1
DA:449,1
DA:451,1
DA:454,1
DA:456,1
DA:463,1
DA:466,1
DA:470,2
DA:472,1
DA:476,1
DA:478,2
DA:481,1
DA:482,2
DA:486,2
DA:491,1
DA:493,1
DA:498,1
DA:499,0
DA:500,0
DA:501,0
DA:505,0
DA:506,0
DA:507,0
DA:510,0
DA:512,0
DA:518,0
DA:519,0
DA:520,0
DA:522,0
DA:526,0
DA:528,0
DA:538,2
DA:539,4
DA:540,1
DA:541,1
DA:544,1
DA:547,1
DA:549,1
DA:551,0
DA:552,1
DA:556,1
DA:560,1
DA:562,1
DA:569,1
DA:572,1
DA:575,1
DA:577,1
DA:579,0
DA:583,1
DA:587,1
DA:591,1
DA:593,1
DA:619,1
DA:625,1
DA:626,1
DA:627,1
DA:629,1
DA:631,1
DA:636,1
DA:637,1
DA:639,1
DA:640,2
LF:245
LH:196
end_of_record
SF:lib\screens\beduerfnisse\beduerfnisantrag_step4_dialog_screen.dart
DA:11,1
DA:21,1
DA:22,1
DA:26,1
DA:27,3
DA:28,3
DA:29,1
DA:30,1
DA:31,3
DA:32,0
DA:33,0
DA:34,0
DA:35,0
DA:36,0
DA:39,0
DA:40,0
DA:43,1
DA:45,1
DA:47,3
DA:48,3
DA:49,3
DA:50,3
DA:51,3
DA:52,3
DA:53,3
DA:54,3
DA:77,1
DA:79,1
DA:80,2
DA:81,2
DA:82,2
DA:83,2
DA:84,2
DA:85,2
DA:87,2
DA:88,2
DA:89,3
DA:90,3
DA:91,3
DA:92,3
DA:93,3
DA:94,2
DA:95,2
DA:96,2
DA:97,2
DA:98,2
DA:99,2
DA:103,1
DA:105,2
DA:106,2
DA:107,2
DA:108,2
DA:109,2
DA:110,1
DA:113,0
DA:114,0
DA:115,0
DA:117,0
DA:118,0
DA:119,0
DA:120,0
DA:121,0
DA:122,0
DA:123,0
DA:124,0
DA:125,0
DA:126,0
DA:127,0
DA:128,0
DA:129,0
DA:130,0
DA:131,0
DA:132,0
DA:135,0
DA:136,0
DA:141,0
DA:143,0
DA:144,0
DA:145,0
DA:146,0
DA:147,0
DA:148,0
DA:149,0
DA:150,0
DA:151,0
DA:152,0
DA:153,0
DA:154,0
DA:155,0
DA:158,0
DA:159,0
DA:160,0
DA:163,0
DA:164,0
DA:165,0
DA:167,0
DA:169,0
DA:170,0
DA:171,0
DA:172,0
DA:180,0
DA:185,1
DA:187,1
DA:188,1
DA:191,1
DA:196,1
DA:197,1
DA:200,1
DA:204,1
DA:208,1
DA:209,1
DA:210,1
DA:212,1
DA:213,1
DA:214,1
DA:215,1
DA:216,1
DA:217,1
DA:218,1
DA:221,1
DA:223,1
DA:226,2
DA:229,1
DA:230,2
DA:233,1
DA:235,2
DA:236,1
DA:244,1
DA:245,1
DA:246,1
DA:247,1
DA:248,1
DA:250,1
DA:254,1
DA:256,1
DA:262,1
DA:263,1
DA:271,1
DA:272,1
DA:273,1
DA:276,1
DA:281,1
DA:283,1
DA:289,1
DA:290,1
DA:300,1
DA:301,1
DA:302,1
DA:303,1
DA:304,1
DA:305,1
DA:306,2
DA:314,2
DA:316,0
DA:317,0
DA:318,0
DA:319,0
DA:320,0
DA:321,0
DA:327,1
DA:328,1
DA:330,1
DA:334,0
DA:335,0
DA:336,0
DA:339,1
DA:344,1
DA:346,1
DA:353,1
DA:364,1
DA:365,1
DA:366,1
DA:367,1
DA:368,2
DA:376,2
DA:378,0
DA:379,0
DA:380,0
DA:381,0
DA:382,0
DA:383,0
DA:389,1
DA:390,1
DA:392,1
DA:396,0
DA:397,0
DA:398,0
DA:401,1
DA:406,1
DA:408,1
DA:415,1
DA:428,1
DA:429,1
DA:430,1
DA:434,1
DA:435,1
DA:442,1
DA:443,1
DA:450,1
DA:451,1
DA:452,1
DA:453,1
DA:454,1
DA:455,1
DA:456,2
DA:464,1
DA:465,2
DA:468,2
DA:469,0
DA:471,0
DA:472,0
DA:473,0
DA:476,1
DA:477,2
DA:479,1
DA:486,1
DA:491,1
DA:493,1
DA:500,1
DA:505,0
DA:507,0
DA:508,0
DA:509,0
DA:511,0
DA:514,0
DA:515,0
DA:516,0
DA:517,0
DA:518,0
DA:524,0
DA:526,0
DA:529,0
DA:530,0
DA:531,0
DA:532,0
DA:533,0
DA:539,0
DA:541,0
DA:544,0
DA:545,0
DA:546,0
DA:555,0
DA:558,0
DA:559,0
DA:560,0
DA:561,0
DA:568,0
DA:569,0
DA:571,0
DA:575,0
DA:576,0
DA:577,0
DA:580,0
DA:585,0
DA:587,0
DA:594,0
DA:605,1
DA:606,1
DA:607,1
DA:609,1
DA:613,1
DA:615,1
DA:621,1
DA:622,1
DA:625,0
DA:637,1
DA:644,1
DA:646,0
DA:647,0
DA:657,1
DA:658,1
DA:659,1
DA:660,1
DA:661,1
DA:662,1
DA:663,2
DA:671,2
DA:673,0
DA:674,0
DA:675,0
DA:676,0
DA:677,0
DA:678,0
DA:684,1
DA:685,1
DA:687,1
DA:690,0
DA:691,0
DA:692,0
DA:695,1
DA:700,1
DA:702,1
DA:709,1
DA:720,1
DA:721,1
DA:722,1
DA:723,1
DA:724,2
DA:731,1
DA:732,2
DA:733,1
DA:740,1
DA:745,1
DA:747,1
DA:754,1
DA:759,0
DA:761,0
DA:762,0
DA:763,0
DA:764,0
DA:765,0
DA:766,0
DA:772,0
DA:773,0
DA:775,0
DA:778,0
DA:779,0
DA:780,0
DA:783,0
DA:788,0
DA:790,0
DA:797,0
DA:810,1
DA:811,1
DA:812,1
DA:816,1
DA:817,1
DA:825,1
DA:826,2
DA:844,1
DA:847,1
DA:849,1
DA:850,1
DA:853,1
DA:857,0
DA:865,1
DA:868,1
DA:869,1
DA:870,1
DA:874,1
DA:878,1
DA:879,0
DA:882,1
DA:886,1
DA:895,1
DA:898,1
DA:899,0
LF:347
LH:202
end_of_record
SF:lib\screens\beduerfnisse\beduerfnisantrag_step5_screen.dart
DA:15,1
DA:32,1
DA:34,1
DA:39,1
DA:41,1
DA:43,2
DA:44,2
DA:45,2
DA:46,1
DA:47,4
DA:48,1
DA:51,1
DA:52,1
DA:54,1
DA:55,1
DA:56,0
DA:62,1
DA:65,1
DA:67,2
DA:68,1
DA:73,0
DA:74,0
DA:77,0
DA:78,0
DA:80,0
DA:86,2
DA:87,1
DA:88,1
DA:93,0
DA:103,1
DA:105,1
DA:107,1
DA:109,1
DA:110,1
DA:113,1
DA:124,1
DA:126,2
DA:128,1
DA:129,1
DA:131,1
DA:133,2
DA:134,1
LF:42
LH:35
end_of_record
SF:lib\screens\beduerfnisse\beduerfnisantrag_step5_dialog_screen.dart
DA:17,0
DA:26,0
DA:28,0
DA:49,0
DA:51,0
DA:54,0
DA:55,0
DA:56,0
DA:58,0
DA:59,0
DA:60,0
DA:61,0
DA:64,0
DA:65,0
DA:67,0
DA:68,0
DA:72,0
DA:74,0
DA:75,0
DA:76,0
DA:79,0
DA:81,0
DA:82,0
DA:84,0
DA:85,0
DA:86,0
DA:92,0
DA:93,0
DA:96,0
DA:98,0
DA:105,0
DA:106,0
DA:110,0
DA:111,0
DA:115,0
DA:116,0
DA:121,0
DA:122,0
DA:123,0
DA:124,0
DA:127,0
DA:129,0
DA:131,0
DA:132,0
DA:133,0
DA:134,0
DA:137,0
DA:145,0
DA:146,0
DA:149,0
DA:157,0
DA:158,0
DA:159,0
DA:161,0
DA:163,0
DA:165,0
DA:166,0
DA:167,0
DA:173,0
DA:174,0
DA:175,0
DA:177,0
DA:179,0
DA:181,0
DA:183,0
DA:187,0
DA:188,0
DA:190,0
DA:192,0
DA:194,0
DA:196,0
DA:202,0
DA:203,0
DA:204,0
DA:205,0
DA:209,0
DA:210,0
DA:211,0
DA:216,0
DA:217,0
DA:218,0
DA:220,0
DA:221,0
DA:222,0
DA:223,0
DA:224,0
DA:226,0
DA:227,0
DA:229,0
DA:231,0
DA:232,0
DA:233,0
DA:235,0
DA:237,0
DA:239,0
DA:241,0
DA:242,0
DA:247,0
DA:250,0
DA:251,0
DA:252,0
DA:253,0
DA:254,0
DA:260,0
DA:263,0
DA:265,0
DA:266,0
DA:267,0
DA:272,0
DA:277,0
DA:280,0
DA:281,0
DA:282,0
DA:283,0
DA:284,0
DA:295,0
DA:297,0
DA:302,0
DA:303,0
DA:310,0
DA:312,0
DA:314,0
DA:318,0
DA:322,0
DA:323,0
DA:324,0
DA:334,0
DA:337,0
DA:339,0
DA:340,0
DA:345,0
DA:349,0
DA:350,0
DA:359,0
DA:364,0
DA:368,0
DA:369,0
DA:388,0
DA:389,0
DA:391,0
DA:392,0
DA:394,0
DA:397,0
DA:404,0
DA:407,0
DA:412,0
DA:413,0
DA:414,0
DA:415,0
DA:417,0
[...]
DA:98,1
DA:100,1
DA:101,1
DA:108,1
DA:109,1
DA:113,1
DA:115,1
DA:116,1
DA:117,3
DA:118,1
DA:119,1
DA:121,1
DA:123,1
DA:129,1
DA:130,3
DA:131,1
DA:132,1
DA:134,1
DA:136,1
DA:149,2
DA:150,1
DA:157,2
DA:158,1
DA:161,1
DA:164,2
DA:165,1
DA:166,1
DA:167,1
DA:170,1
DA:171,0
DA:176,1
DA:177,2
DA:178,1
DA:180,3
DA:192,1
DA:193,1
DA:195,1
DA:197,3
DA:201,1
DA:202,2
DA:204,1
DA:205,0
DA:210,1
DA:211,3
DA:217,1
DA:219,1
DA:220,3
DA:229,2
DA:230,1
DA:231,3
DA:232,1
DA:233,2
DA:240,1
DA:241,2
DA:242,1
DA:248,0
DA:249,0
DA:251,0
DA:252,0
DA:253,0
DA:264,0
DA:265,0
DA:266,0
DA:268,0
DA:278,0
DA:280,0
DA:281,0
DA:286,0
DA:287,0
DA:291,0
DA:292,0
DA:299,0
DA:300,0
DA:301,0
DA:302,0
DA:307,0
DA:308,0
DA:316,0
DA:317,0
DA:320,0
DA:322,0
DA:324,0
DA:331,0
DA:332,0
DA:333,0
DA:334,0
DA:336,0
DA:346,0
DA:347,0
DA:348,0
DA:349,0
DA:350,0
DA:357,0
DA:358,0
DA:359,0
DA:365,0
DA:370,0
DA:374,0
DA:377,0
DA:380,0
DA:381,0
DA:382,0
DA:388,0
DA:389,0
DA:390,0
DA:391,0
DA:392,0
DA:393,0
DA:398,0
DA:401,0
DA:411,0
DA:412,0
DA:413,0
DA:415,0
DA:416,0
DA:417,0
DA:418,0
DA:419,0
DA:428,1
DA:429,1
DA:430,2
DA:432,1
DA:433,1
DA:434,1
DA:435,1
DA:436,1
DA:437,1
DA:438,1
DA:439,1
DA:441,1
DA:442,1
DA:444,1
DA:446,2
DA:447,1
DA:455,1
DA:456,1
DA:457,1
DA:458,1
DA:459,1
DA:460,1
DA:461,1
DA:462,1
DA:463,1
DA:466,1
DA:467,1
DA:468,1
DA:471,1
DA:472,1
DA:473,2
DA:474,1
DA:477,1
DA:478,1
DA:479,0
DA:482,0
DA:483,0
DA:484,0
DA:485,0
DA:490,1
DA:493,4
DA:494,1
DA:495,1
DA:496,1
DA:497,1
DA:498,1
DA:500,1
DA:501,1
DA:505,1
DA:506,0
DA:507,0
DA:508,0
DA:516,1
DA:517,1
DA:518,1
DA:519,2
DA:521,2
DA:523,2
DA:524,1
DA:527,1
DA:528,1
DA:529,2
DA:530,1
DA:533,1
DA:534,1
DA:535,0
DA:538,0
DA:539,0
DA:540,0
DA:541,0
DA:544,2
DA:545,1
DA:548,1
DA:549,1
DA:550,2
DA:551,1
DA:555,1
DA:557,1
DA:558,1
DA:565,1
DA:566,1
DA:570,1
DA:572,1
DA:573,1
DA:575,1
DA:577,3
DA:578,1
DA:579,1
DA:581,1
DA:586,1
DA:592,1
DA:594,1
DA:595,1
DA:596,0
DA:598,0
DA:599,0
DA:600,0
DA:602,1
DA:604,1
DA:617,1
DA:620,1
DA:625,1
DA:643,0
DA:644,0
DA:645,0
DA:648,2
DA:650,4
DA:651,4
DA:652,2
DA:655,2
DA:657,2
DA:658,2
DA:659,2
DA:661,4
DA:662,4
DA:663,2
DA:664,2
DA:667,2
DA:668,2
DA:669,2
DA:670,4
DA:672,2
DA:673,0
DA:674,0
DA:676,0
DA:677,0
DA:678,0
DA:682,4
DA:684,2
DA:685,2
DA:687,6
DA:688,2
DA:699,2
DA:700,2
DA:704,2
DA:705,0
DA:706,0
DA:707,0
DA:721,1
DA:729,1
DA:730,1
DA:731,1
DA:743,2
DA:750,2
DA:752,2
DA:753,2
DA:754,2
DA:755,2
DA:756,2
DA:759,2
DA:760,2
DA:763,2
DA:764,1
DA:765,1
DA:766,1
DA:767,1
DA:769,1
DA:771,1
DA:772,1
DA:776,1
DA:777,1
DA:778,1
DA:780,1
DA:784,1
DA:785,1
DA:791,2
DA:792,1
DA:793,1
DA:794,1
DA:795,1
DA:797,1
DA:820,1
DA:837,1
DA:839,1
DA:847,1
DA:849,1
DA:850,3
DA:853,1
DA:855,3
DA:856,2
DA:857,1
DA:860,0
DA:863,0
DA:864,0
DA:865,0
DA:869,1
DA:871,1
DA:872,3
DA:874,3
DA:876,1
DA:878,1
DA:879,1
DA:881,5
DA:883,1
DA:885,2
DA:886,3
DA:888,2
DA:890,3
DA:891,2
DA:893,1
DA:895,1
DA:896,0
DA:897,0
DA:898,0
DA:903,1
DA:905,4
DA:906,2
DA:907,2
DA:908,2
DA:909,2
DA:912,4
DA:923,1
DA:928,1
DA:929,1
DA:936,1
DA:938,1
DA:939,3
DA:942,1
DA:944,3
DA:945,2
DA:946,1
DA:949,0
DA:950,0
DA:951,0
DA:955,1
DA:959,3
DA:960,1
DA:962,1
DA:963,1
DA:964,1
DA:967,0
DA:968,0
DA:969,0
DA:972,1
DA:973,3
DA:977,0
DA:979,2
DA:988,2
DA:992,2
DA:993,2
DA:1001,2
DA:1003,2
DA:1004,6
DA:1007,2
DA:1009,6
DA:1010,4
DA:1011,2
DA:1014,0
DA:1015,0
DA:1016,0
DA:1020,2
DA:1023,4
DA:1027,6
DA:1028,2
DA:1030,2
DA:1034,2
DA:1035,2
DA:1036,2
DA:1039,2
DA:1040,2
DA:1041,2
DA:1042,0
DA:1045,2
DA:1046,2
DA:1047,0
DA:1048,0
DA:1049,0
DA:1052,2
DA:1053,0
DA:1054,0
DA:1055,0
DA:1058,0
DA:1059,0
DA:1060,0
DA:1063,2
DA:1065,2
DA:1070,2
DA:1073,0
DA:1074,0
DA:1075,0
DA:1080,2
DA:1082,4
DA:1102,3
LF:424
LH:301
end_of_record
SF:lib\screens\email\email_verification_fail_screen.dart
DA:11,2
DA:19,2
DA:21,2
DA:23,2
DA:25,2
DA:26,2
DA:27,0
DA:28,0
DA:30,2
DA:31,2
DA:33,4
DA:34,2
DA:36,2
DA:37,2
DA:46,2
DA:47,2
DA:48,2
DA:49,2
DA:50,2
DA:52,4
DA:53,2
DA:62,2
DA:64,2
DA:65,2
DA:67,1
DA:68,1
DA:69,2
DA:71,2
DA:74,2
DA:76,2
DA:81,2
DA:82,2
LF:32
LH:30
end_of_record
SF:lib\screens\email\email_verification_success_screen.dart
DA:11,1
DA:19,1
DA:21,1
DA:23,1
DA:25,1
DA:26,1
DA:27,0
DA:28,0
DA:30,1
DA:31,1
DA:32,2
DA:34,1
DA:36,1
DA:37,1
DA:43,1
DA:44,1
DA:45,1
DA:47,2
DA:48,1
DA:56,1
DA:58,1
DA:59,1
DA:61,1
DA:62,1
DA:63,2
DA:65,2
DA:68,2
DA:70,2
DA:75,1
DA:76,1
LF:30
LH:28
end_of_record
SF:lib\screens\personal\personal_account_delete_screen.dart
DA:13,1
DA:24,1
DA:26,1
DA:33,1
DA:34,1
DA:35,1
DA:36,1
DA:37,1
DA:38,1
DA:41,1
DA:43,1
DA:44,1
DA:46,1
DA:47,1
DA:51,1
DA:54,2
DA:56,1
DA:57,1
DA:59,1
DA:61,1
DA:62,1
DA:63,0
DA:64,0
DA:66,1
DA:67,1
DA:69,1
DA:71,1
DA:72,1
DA:73,1
DA:75,1
DA:77,1
DA:85,1
DA:86,0
DA:87,0
DA:89,1
DA:90,1
DA:92,1
DA:97,1
DA:98,1
DA:99,1
DA:101,1
DA:103,1
DA:117,0
DA:119,0
DA:120,0
DA:123,0
DA:124,0
DA:127,0
DA:128,0
DA:130,0
DA:137,0
DA:138,0
DA:140,0
DA:146,0
DA:150,0
DA:155,0
DA:156,0
DA:159,0
DA:160,0
DA:161,0
DA:166,0
DA:175,0
DA:176,0
DA:177,0
DA:182,1
DA:184,1
DA:186,2
DA:188,2
DA:189,2
DA:190,2
DA:192,1
DA:194,1
DA:197,1
DA:199,1
DA:201,1
DA:203,1
DA:206,1
DA:207,1
DA:209,1
DA:210,1
DA:218,1
DA:219,0
DA:225,1
DA:226,1
DA:230,1
DA:231,1
DA:236,1
DA:237,1
DA:238,1
DA:245,1
DA:246,1
DA:249,1
DA:251,1
LF:93
LH:66
end_of_record
SF:lib\screens\personal\personal_data_screen.dart
DA:21,2
DA:32,2
DA:33,2
DA:54,2
DA:56,2
DA:57,2
DA:60,2
DA:62,4
DA:63,4
DA:64,4
DA:65,4
DA:66,4
DA:67,4
DA:68,4
DA:69,4
DA:70,2
DA:73,2
DA:75,4
DA:76,2
DA:78,2
DA:85,2
DA:86,6
DA:88,2
DA:90,0
DA:93,0
DA:94,0
DA:95,0
DA:101,4
DA:102,2
DA:103,2
DA:104,2
DA:108,4
DA:109,2
DA:110,1
DA:111,2
DA:112,2
DA:114,2
DA:116,2
DA:119,1
DA:120,2
DA:124,1
DA:125,2
DA:126,2
DA:129,2
DA:131,2
DA:132,4
DA:133,2
DA:139,1
DA:140,4
DA:141,1
DA:142,0
DA:144,0
DA:145,0
DA:147,0
DA:149,0
DA:150,0
DA:153,2
DA:155,3
DA:156,4
DA:157,4
DA:158,4
DA:159,4
DA:160,4
DA:164,0
DA:165,0
DA:166,0
DA:167,0
DA:171,0
DA:172,0
DA:173,0
DA:174,0
DA:176,0
DA:177,0
DA:178,0
DA:179,0
DA:180,0
DA:182,0
DA:184,0
DA:185,0
DA:188,0
DA:190,0
DA:192,0
DA:194,0
DA:195,0
DA:196,0
DA:198,0
DA:201,0
DA:205,0
DA:207,0
DA:208,0
DA:209,0
DA:211,0
DA:213,0
DA:214,0
DA:215,0
DA:220,0
DA:221,0
DA:226,0
DA:227,0
DA:228,0
DA:232,0
DA:233,0
DA:234,0
DA:235,0
DA:242,2
DA:245,2
DA:247,2
DA:249,4
DA:250,4
DA:251,4
DA:253,3
DA:255,2
DA:259,2
DA:261,2
DA:264,2
DA:265,2
DA:266,2
DA:268,6
DA:272,2
DA:273,1
DA:275,1
DA:276,1
DA:277,0
DA:278,0
DA:279,0
DA:280,0
DA:285,2
DA:288,2
DA:289,1
DA:290,2
DA:291,1
DA:300,1
DA:301,1
DA:302,1
DA:303,1
DA:304,1
DA:306,1
DA:307,1
DA:309,0
DA:310,0
DA:311,0
DA:319,1
DA:327,1
DA:328,1
DA:329,1
DA:342,2
DA:344,6
DA:346,6
DA:348,2
DA:349,1
DA:350,1
DA:351,1
DA:352,1
DA:355,1
DA:356,0
DA:357,0
DA:359,0
DA:362,1
DA:364,1
DA:365,1
DA:366,1
DA:367,1
DA:369,1
DA:371,1
DA:375,1
DA:377,1
DA:381,1
DA:385,1
DA:387,1
DA:402,1
DA:406,1
DA:408,1
DA:412,1
DA:414,1
DA:415,1
DA:416,0
DA:417,0
DA:424,1
DA:428,1
DA:430,1
DA:431,1
DA:432,0
DA:433,0
DA:440,1
DA:444,1
DA:446,1
DA:447,1
DA:448,0
DA:449,0
DA:456,1
DA:460,1
DA:462,1
DA:463,1
DA:464,0
DA:465,0
DA:472,1
DA:476,1
DA:478,1
DA:479,1
DA:480,0
DA:481,0
DA:499,1
DA:517,1
DA:519,1
DA:527,1
DA:529,1
DA:530,3
DA:533,1
DA:535,3
DA:536,2
DA:537,1
DA:540,0
DA:543,0
DA:544,0
DA:545,0
DA:549,0
DA:551,0
DA:552,0
DA:553,0
DA:554,0
DA:561,1
DA:563,1
DA:565,1
DA:566,1
DA:567,2
DA:569,2
DA:570,1
DA:572,2
DA:573,3
DA:575,1
DA:577,2
DA:578,3
DA:580,2
DA:581,2
DA:582,3
DA:584,4
DA:585,3
DA:587,2
DA:588,0
DA:590,0
DA:591,0
DA:593,2
DA:594,4
DA:595,3
DA:597,4
DA:598,3
DA:601,1
DA:603,1
DA:604,0
DA:605,0
DA:606,0
DA:611,2
DA:613,2
DA:614,2
DA:622,1
DA:636,1
DA:638,1
DA:646,1
DA:648,1
DA:649,3
DA:652,1
DA:654,3
DA:655,2
DA:656,1
DA:659,1
DA:662,3
DA:663,2
DA:664,3
DA:668,1
DA:670,1
DA:672,1
DA:673,1
DA:675,6
DA:676,3
DA:678,2
DA:680,3
DA:682,4
DA:683,3
DA:685,2
DA:686,0
DA:688,0
DA:689,0
DA:693,1
DA:695,1
DA:696,0
DA:697,0
DA:698,0
DA:705,2
DA:706,1
DA:707,2
DA:709,1
DA:711,1
DA:712,1
DA:714,2
DA:715,1
DA:717,2
DA:718,3
DA:720,1
DA:722,2
DA:723,3
DA:729,1
DA:730,4
DA:731,0
DA:739,1
DA:743,1
DA:744,1
DA:752,1
DA:754,1
DA:755,3
DA:758,1
DA:760,3
DA:761,2
DA:762,1
DA:765,0
DA:766,0
DA:767,0
DA:771,1
DA:774,2
DA:778,3
DA:779,1
DA:781,1
DA:785,1
DA:786,1
DA:787,1
DA:790,1
DA:791,1
DA:792,1
DA:793,0
DA:796,1
DA:797,1
DA:798,0
DA:799,0
DA:800,0
DA:803,1
DA:804,0
DA:805,0
DA:806,0
DA:809,0
DA:810,0
DA:811,0
DA:814,1
DA:816,1
DA:821,1
DA:824,0
DA:825,0
DA:826,0
DA:831,1
DA:833,2
DA:850,2
DA:854,2
DA:855,2
DA:863,2
DA:865,2
DA:866,6
DA:869,2
DA:871,6
DA:872,4
DA:873,2
DA:876,0
DA:877,0
DA:878,0
DA:882,2
DA:885,4
DA:889,6
DA:890,2
DA:892,2
DA:896,2
DA:897,2
DA:898,2
DA:901,2
DA:902,2
DA:903,2
DA:904,0
DA:907,2
DA:908,2
DA:909,0
DA:910,0
DA:911,0
DA:914,2
DA:915,0
DA:916,0
DA:917,0
DA:920,0
DA:921,0
DA:922,0
DA:925,2
DA:927,2
DA:932,2
DA:935,0
DA:936,0
DA:937,0
DA:942,2
DA:944,4
DA:961,1
DA:965,1
DA:966,1
DA:974,1
DA:976,1
DA:977,3
DA:980,1
DA:982,3
DA:983,2
DA:984,1
DA:987,0
DA:988,0
DA:989,0
DA:993,1
DA:996,2
DA:1000,3
DA:1001,1
DA:1003,1
DA:1007,1
DA:1008,1
DA:1009,1
DA:1012,1
DA:1013,1
DA:1014,1
DA:1015,0
DA:1018,1
DA:1019,1
DA:1020,0
DA:1021,0
DA:1022,0
DA:1025,1
DA:1026,0
DA:1027,0
DA:1028,0
DA:1031,0
DA:1032,0
DA:1033,0
DA:1036,1
DA:1038,1
DA:1043,1
DA:1046,0
DA:1047,0
DA:1048,0
DA:1053,1
DA:1055,2
DA:1072,3
LF:439
LH:298
end_of_record
SF:lib\screens\password\change_password_screen.dart
DA:17,2
DA:28,2
DA:29,2
DA:44,2
DA:46,4
DA:47,4
DA:48,4
DA:49,2
DA:52,1
DA:53,3
DA:55,2
DA:56,1
DA:57,1
DA:61,3
DA:62,2
DA:65,0
DA:69,2
DA:71,0
DA:75,1
DA:77,2
DA:80,2
DA:81,1
DA:82,1
DA:87,1
DA:89,2
DA:92,1
DA:93,3
DA:95,0
DA:96,0
DA:98,1
DA:99,2
DA:100,1
DA:106,1
DA:107,3
DA:115,1
DA:116,3
DA:117,1
DA:119,2
DA:121,2
DA:122,2
DA:123,2
DA:129,1
DA:130,4
DA:133,2
DA:135,2
DA:137,4
DA:138,4
DA:139,4
DA:141,2
DA:143,2
DA:146,2
DA:147,2
DA:148,2
DA:150,2
DA:151,2
DA:152,2
DA:154,2
DA:155,2
DA:156,0
DA:160,0
DA:161,0
DA:162,0
DA:164,0
DA:165,0
DA:169,2
DA:171,2
DA:172,2
DA:174,2
DA:175,1
DA:176,2
DA:177,1
DA:178,1
DA:181,1
DA:182,1
DA:191,2
DA:192,2
DA:194,2
DA:195,2
DA:197,2
DA:198,0
DA:199,0
DA:200,0
DA:206,2
DA:209,2
DA:219,2
DA:220,2
DA:221,2
DA:222,2
DA:223,2
DA:227,2
DA:228,4
DA:233,2
DA:234,4
DA:235,2
DA:236,4
DA:241,2
DA:242,2
DA:244,2
DA:245,2
DA:247,2
DA:248,0
DA:249,0
DA:250,0
DA:251,0
DA:254,1
DA:255,1
DA:258,3
DA:275,2
DA:280,4
DA:281,2
DA:293,2
DA:303,2
DA:317,2
DA:337,2
DA:339,2
DA:347,2
DA:349,2
DA:350,6
DA:353,2
DA:355,6
DA:356,4
DA:357,2
DA:360,1
DA:361,2
DA:362,3
DA:366,2
DA:367,2
DA:368,2
DA:369,2
DA:373,2
DA:376,6
DA:377,2
DA:379,4
DA:380,4
DA:381,6
DA:383,8
DA:384,6
DA:387,4
DA:389,0
DA:390,0
DA:392,2
DA:394,10
DA:397,0
DA:398,2
DA:399,2
DA:400,0
DA:403,2
DA:404,2
DA:405,4
DA:407,4
DA:408,4
DA:410,4
DA:414,2
DA:415,2
DA:416,4
DA:417,4
DA:418,2
DA:420,4
DA:421,6
DA:424,4
DA:425,4
LF:161
LH:140
end_of_record
SF:lib\screens\schulungen\absolvierte_schulungen_screen.dart
DA:14,2
DA:24,2
DA:26,2
DA:34,2
DA:36,2
DA:37,2
DA:40,2
DA:41,4
DA:42,6
DA:45,1
DA:46,4
DA:51,2
DA:52,1
DA:53,2
DA:54,1
DA:55,1
DA:59,4
DA:60,2
DA:61,4
DA:62,2
DA:63,4
DA:69,0
DA:70,0
DA:71,0
DA:74,2
DA:76,4
DA:77,2
DA:79,2
DA:84,2
DA:86,2
DA:89,2
DA:91,4
DA:92,4
DA:93,2
DA:94,2
DA:96,2
DA:97,2
DA:99,2
DA:102,2
DA:103,2
DA:104,2
DA:105,4
DA:109,2
DA:110,4
DA:111,2
DA:112,2
DA:114,2
DA:116,2
DA:123,2
DA:125,2
DA:131,2
DA:133,2
DA:143,1
DA:145,1
DA:147,1
DA:148,1
DA:149,0
DA:150,2
DA:151,1
DA:160,1
DA:161,1
DA:162,2
DA:164,1
DA:168,1
DA:169,2
DA:170,1
DA:171,1
DA:175,2
DA:176,2
DA:178,8
DA:179,1
DA:180,1
DA:184,2
DA:185,2
DA:187,8
DA:188,1
DA:190,2
DA:191,1
DA:194,1
DA:196,1
DA:197,1
DA:201,1
DA:205,1
DA:206,1
DA:209,1
DA:212,1
DA:213,1
DA:214,1
DA:219,1
DA:220,1
DA:233,1
DA:242,2
DA:245,2
DA:246,2
DA:247,2
DA:248,6
DA:251,2
DA:254,0
DA:255,0
DA:257,0
LF:100
LH:93
end_of_record
SF:lib\screens\personal\personal_pict_upload_screen.dart
DA:18,2
DA:41,2
DA:43,2
DA:56,2
DA:58,2
DA:59,2
DA:62,2
DA:63,12
DA:64,2
DA:65,1
DA:66,1
DA:72,4
DA:73,8
DA:75,2
DA:76,2
DA:78,2
DA:80,1
DA:81,2
DA:82,1
DA:83,1
DA:84,1
DA:86,1
DA:87,1
DA:91,1
DA:93,1
DA:97,2
DA:98,1
DA:99,2
DA:100,1
DA:101,1
DA:109,3
DA:111,1
DA:112,2
DA:113,1
DA:117,1
DA:118,2
DA:120,2
DA:121,1
DA:122,3
DA:123,1
DA:124,2
DA:130,0
DA:131,0
DA:132,0
DA:133,0
DA:134,0
DA:135,0
DA:139,1
DA:140,2
DA:142,2
DA:144,2
DA:145,0
DA:147,1
DA:148,2
DA:152,2
DA:153,2
DA:155,1
DA:156,1
DA:157,1
DA:159,1
DA:162,2
DA:167,0
DA:168,0
DA:170,0
DA:171,0
DA:174,0
DA:175,0
DA:176,0
DA:178,0
DA:180,0
DA:184,0
DA:185,0
DA:188,1
DA:189,1
DA:190,0
DA:191,0
DA:192,0
DA:193,0
DA:194,0
DA:196,0
DA:198,0
DA:199,0
DA:200,0
DA:202,0
DA:212,6
DA:213,0
DA:214,0
DA:215,0
DA:216,0
DA:217,0
DA:219,0
DA:221,0
DA:222,0
DA:223,0
DA:225,0
DA:235,2
DA:236,1
DA:241,2
DA:242,1
DA:243,1
DA:244,3
DA:245,1
DA:246,1
DA:247,1
DA:248,1
DA:250,2
DA:251,1
DA:252,1
DA:254,1
DA:263,0
DA:264,0
DA:265,0
DA:267,0
DA:268,0
DA:274,0
DA:276,0
DA:277,0
DA:278,0
DA:279,0
DA:280,0
DA:283,0
DA:285,0
DA:287,0
DA:290,0
DA:291,0
DA:292,0
DA:293,0
DA:295,0
DA:296,0
DA:297,0
DA:298,0
DA:305,0
DA:306,0
DA:315,0
DA:316,0
DA:317,0
DA:318,0
DA:319,0
DA:320,0
DA:321,0
DA:323,0
DA:324,0
DA:325,0
DA:327,0
DA:335,1
DA:336,2
DA:337,1
DA:343,1
DA:344,6
DA:345,0
DA:346,0
DA:347,0
DA:348,0
DA:349,0
DA:351,0
DA:353,0
DA:354,0
DA:355,0
DA:357,0
DA:367,2
DA:368,1
DA:372,2
DA:373,4
DA:375,2
DA:376,1
DA:378,1
DA:380,3
DA:381,1
DA:382,1
DA:384,1
DA:386,2
DA:387,1
DA:388,1
DA:390,1
DA:396,2
DA:397,1
DA:399,1
DA:401,1
DA:402,1
DA:406,0
DA:407,0
DA:408,0
DA:410,0
DA:412,0
DA:413,0
DA:414,0
DA:416,0
DA:425,0
DA:426,0
DA:427,0
DA:428,0
DA:429,0
DA:430,0
DA:431,0
DA:433,0
DA:434,0
DA:435,0
DA:437,0
DA:445,1
DA:446,2
DA:447,1
DA:454,1
DA:455,1
DA:456,2
DA:457,1
DA:458,1
DA:459,1
DA:464,1
DA:465,1
DA:468,3
DA:471,1
DA:472,1
DA:473,1
DA:475,2
DA:476,2
DA:477,2
DA:478,2
DA:484,2
DA:489,2
DA:490,1
DA:493,1
DA:495,2
DA:496,1
DA:509,2
DA:510,2
DA:511,1
DA:513,1
DA:514,1
DA:515,1
DA:516,1
DA:520,1
DA:521,2
DA:522,1
DA:526,1
DA:528,2
DA:529,1
DA:546,1
DA:549,1
DA:575,2
DA:577,2
DA:578,2
DA:581,2
DA:583,4
DA:584,2
DA:598,2
DA:601,2
DA:612,2
DA:631,2
DA:633,2
DA:634,2
DA:635,2
DA:636,2
DA:638,2
DA:641,2
DA:645,2
DA:647,2
DA:649,4
DA:650,2
DA:654,2
DA:659,2
DA:661,4
DA:662,4
DA:663,4
DA:667,2
DA:669,2
DA:670,2
DA:672,2
DA:674,2
DA:675,2
DA:676,2
DA:677,2
DA:681,2
DA:682,2
DA:683,2
DA:690,2
DA:691,2
DA:693,4
DA:699,4
DA:703,0
DA:704,2
DA:705,2
DA:706,2
DA:707,2
DA:709,2
DA:711,4
DA:712,2
DA:717,2
DA:718,2
DA:719,2
DA:721,4
DA:722,2
DA:726,2
DA:727,4
DA:728,2
DA:730,4
DA:731,2
DA:740,3
DA:742,1
DA:744,1
DA:746,1
DA:747,1
DA:748,2
DA:754,1
DA:755,3
DA:756,1
DA:766,2
DA:767,2
DA:768,2
DA:776,2
DA:778,2
DA:779,3
DA:780,2
DA:781,1
DA:782,2
DA:785,3
DA:786,2
DA:787,1
DA:788,2
DA:790,3
DA:791,1
DA:797,2
DA:798,4
DA:799,4
DA:800,4
DA:803,2
DA:804,0
DA:805,0
DA:806,0
DA:823,3
DA:828,1
DA:833,1
DA:834,1
DA:841,1
DA:843,1
DA:844,3
DA:847,1
DA:849,3
DA:850,2
DA:851,1
DA:854,0
DA:855,0
DA:856,0
DA:860,1
DA:863,3
DA:864,1
DA:866,1
DA:869,2
DA:870,1
DA:876,1
DA:877,1
DA:878,1
DA:879,0
DA:880,0
DA:885,1
DA:886,1
DA:887,1
DA:889,1
DA:894,1
DA:897,0
DA:898,0
DA:899,0
DA:904,1
DA:905,2
DA:907,2
DA:926,2
DA:931,2
DA:932,2
DA:939,2
DA:941,2
DA:942,6
DA:945,2
DA:947,6
DA:948,4
DA:949,2
DA:952,0
DA:953,0
DA:954,0
DA:958,2
DA:961,6
DA:962,2
DA:964,2
DA:967,4
DA:968,2
DA:974,2
DA:975,2
DA:976,2
DA:977,0
DA:978,0
DA:983,2
DA:984,2
DA:985,2
DA:987,2
DA:992,2
DA:995,0
DA:996,0
DA:997,0
DA:1002,2
DA:1003,4
DA:1005,4
DA:1020,2
DA:1025,2
DA:1026,2
DA:1033,2
DA:1035,2
DA:1036,6
DA:1039,2
DA:1041,6
DA:1042,4
DA:1043,2
DA:1046,2
DA:1047,4
DA:1048,6
DA:1052,2
DA:1055,6
DA:1056,2
DA:1058,2
DA:1062,2
DA:1063,2
DA:1065,2
DA:1068,0
DA:1069,0
DA:1070,0
DA:1071,0
DA:1076,2
DA:1077,4
DA:1078,4
LF:426
LH:300
end_of_record
SF:lib\screens\password\change_password_success_screen.dart
DA:11,2
DA:23,2
DA:25,2
DA:27,2
DA:29,2
DA:30,2
DA:31,2
DA:32,2
DA:33,2
DA:35,2
DA:39,2
DA:41,2
DA:42,2
DA:43,2
DA:45,2
DA:49,2
DA:50,2
DA:53,2
DA:55,4
DA:56,2
DA:64,2
DA:67,2
DA:69,1
DA:70,2
DA:72,2
LF:25
LH:25
end_of_record
SF:lib\screens\personal\personal_data_success_screen.dart
DA:16,1
DA:29,1
DA:31,1
DA:33,1
DA:35,1
DA:36,1
DA:37,1
DA:38,1
DA:39,1
DA:41,1
DA:45,1
DA:47,1
DA:48,1
DA:49,1
DA:50,1
DA:54,1
DA:55,1
DA:56,1
DA:58,2
DA:59,1
DA:68,1
DA:71,1
DA:72,2
DA:74,2
LF:24
LH:24
end_of_record
SF:lib\screens\personal\personal_pict_upload_success.dart
DA:12,2
DA:23,2
DA:25,2
DA:27,2
DA:29,2
DA:30,2
DA:31,2
DA:32,2
DA:33,2
DA:36,2
DA:38,2
DA:39,2
DA:45,2
DA:47,2
DA:49,4
DA:50,2
DA:58,2
DA:61,1
DA:62,2
DA:64,3
LF:20
LH:20
end_of_record
SF:lib\screens\oktoberfest\oktoberfest_eintritt_festzelt_screen.dart
DA:10,1
DA:26,1
DA:28,1
DA:38,1
DA:40,1
DA:41,2
DA:42,1
DA:43,1
DA:46,1
DA:48,2
DA:49,1
DA:52,1
DA:53,3
DA:54,2
DA:55,2
DA:60,1
DA:61,1
DA:62,3
DA:63,7
DA:66,1
DA:67,1
DA:69,2
DA:70,1
DA:74,3
DA:75,1
DA:76,2
DA:77,1
DA:78,1
DA:82,0
DA:83,0
DA:84,0
DA:85,0
DA:91,1
DA:93,2
DA:95,1
DA:99,0
DA:100,1
DA:102,1
DA:106,1
DA:107,1
DA:109,1
DA:110,1
DA:111,1
DA:120,1
DA:121,1
DA:123,1
DA:126,1
DA:128,1
DA:130,1
DA:132,1
DA:133,1
DA:136,1
DA:137,4
DA:138,1
DA:141,1
DA:143,9
DA:144,1
DA:157,1
DA:158,1
DA:182,1
DA:184,1
DA:185,1
DA:186,1
DA:187,1
DA:191,1
DA:192,1
DA:193,1
DA:194,1
DA:200,1
DA:201,1
DA:212,1
DA:213,1
DA:214,1
DA:215,1
DA:216,2
DA:217,5
DA:224,1
DA:225,1
DA:226,5
DA:236,1
DA:237,1
DA:243,1
DA:244,3
DA:245,3
DA:246,3
DA:247,3
DA:252,1
DA:253,1
DA:254,1
DA:256,1
DA:261,1
DA:263,1
DA:264,1
DA:274,1
DA:279,1
DA:280,1
DA:281,1
DA:283,1
DA:284,1
DA:290,1
DA:292,1
LF:101
LH:96
end_of_record
SF:lib\screens\privacy_screen.dart
DA:13,1
DA:23,1
DA:24,1
DA:30,1
DA:32,2
DA:33,1
DA:36,1
DA:38,1
DA:42,1
DA:44,2
DA:45,2
DA:46,2
DA:47,1
DA:49,0
DA:50,0
DA:51,0
DA:52,0
DA:57,0
DA:58,0
DA:59,0
DA:67,1
DA:70,1
DA:71,1
DA:72,1
DA:73,1
DA:82,1
DA:84,1
DA:85,2
DA:87,1
DA:89,1
DA:90,1
DA:95,1
DA:96,1
DA:97,1
DA:98,1
DA:102,1
DA:103,2
DA:109,1
DA:110,1
DA:116,1
DA:117,1
DA:119,1
DA:121,2
DA:122,1
DA:126,2
DA:131,1
DA:136,1
DA:137,1
DA:141,1
DA:142,2
DA:150,1
DA:151,1
DA:155,1
DA:156,1
DA:158,1
DA:160,2
DA:161,1
DA:165,2
DA:173,1
DA:175,1
DA:177,2
DA:178,1
DA:181,1
DA:182,1
DA:184,1
DA:186,2
DA:187,1
DA:191,1
DA:193,1
DA:195,2
DA:196,1
DA:199,2
DA:203,1
DA:205,1
DA:207,2
DA:208,1
DA:211,1
DA:213,1
DA:215,2
DA:216,1
DA:219,1
DA:220,1
DA:222,1
DA:224,2
DA:225,1
DA:229,1
DA:231,1
DA:233,2
DA:234,1
DA:237,1
DA:238,1
DA:242,1
DA:243,1
DA:245,1
DA:247,2
DA:248,1
DA:251,1
DA:252,1
DA:254,1
DA:256,2
DA:257,1
DA:261,1
DA:263,1
DA:265,2
DA:266,1
DA:269,1
DA:270,1
DA:272,1
DA:274,2
DA:275,1
DA:279,1
DA:281,1
DA:283,2
DA:284,1
DA:287,1
DA:288,1
DA:290,1
DA:292,2
DA:293,1
DA:297,1
DA:299,1
DA:301,2
DA:302,1
DA:305,1
DA:307,1
DA:309,2
DA:310,1
DA:313,1
DA:314,1
DA:316,1
DA:318,2
DA:319,1
DA:323,1
DA:325,1
DA:327,2
DA:328,1
DA:331,1
DA:332,1
DA:336,1
DA:337,1
DA:339,1
DA:341,2
DA:342,1
DA:345,1
DA:346,1
DA:350,1
DA:351,1
DA:353,1
DA:355,2
DA:356,1
DA:359,1
DA:360,1
DA:364,1
DA:365,1
DA:367,1
DA:369,2
DA:370,1
DA:373,1
DA:374,1
DA:378,1
DA:379,2
DA:388,1
DA:389,1
DA:393,1
DA:394,1
DA:396,1
DA:398,2
DA:399,1
DA:402,1
DA:403,1
DA:407,1
DA:408,1
DA:410,1
DA:412,2
DA:413,1
DA:416,1
DA:417,1
DA:419,1
DA:421,2
DA:422,1
DA:425,1
DA:438,1
DA:442,1
DA:443,0
DA:453,1
DA:458,1
DA:460,1
DA:461,1
DA:463,1
DA:465,1
DA:466,2
DA:467,1
DA:474,1
DA:478,1
DA:480,1
DA:482,1
DA:483,1
DA:484,1
DA:486,1
DA:488,1
DA:490,3
DA:499,1
DA:505,1
DA:506,2
DA:507,2
DA:508,2
DA:510,1
DA:511,2
DA:512,1
DA:514,1
DA:518,1
DA:520,1
DA:521,1
DA:523,1
DA:530,1
DA:532,1
DA:534,2
DA:535,1
DA:543,1
DA:544,1
DA:546,1
DA:553,1
DA:554,1
DA:556,1
DA:558,2
DA:559,1
DA:568,1
DA:569,1
DA:571,1
DA:578,1
DA:579,1
DA:581,1
DA:583,2
DA:584,1
DA:598,1
DA:599,1
DA:601,1
DA:602,1
DA:603,1
DA:605,1
DA:607,1
DA:608,1
DA:610,1
DA:612,2
DA:613,1
DA:616,1
DA:617,1
DA:619,1
DA:621,2
DA:622,1
DA:634,1
DA:644,1
DA:646,1
DA:647,0
DA:648,0
DA:649,0
DA:650,0
DA:653,1
DA:654,1
DA:655,1
DA:658,4
LF:261
LH:249
end_of_record
SF:lib\widgets\antrag_type_summary_box.dart
DA:9,1
DA:13,1
DA:15,1
DA:20,2
DA:24,1
DA:29,1
DA:32,1
DA:34,1
DA:35,1
DA:37,1
DA:39,1
DA:40,1
DA:42,1
DA:44,2
DA:48,1
DA:50,1
DA:53,1
DA:55,3
LF:18
LH:18
end_of_record
